2024-11-25 19:12:32,717 DEBUG    root            Loaded Command Group: ['gcloud', 'components']
2024-11-25 19:12:32,721 DEBUG    root            Loaded Command Group: ['gcloud', 'components', 'update']
2024-11-25 19:12:32,724 DEBUG    root            Running [gcloud.components.update] with arguments: [--compile-python: "True", --quiet: "True", COMPONENT-IDS:6: "['core', 'gcloud-deps', 'bq', 'gcloud', 'gcloud-crc32c', 'gsutil']"]
2024-11-25 19:12:32,725 INFO     ___FILE_ONLY___ Beginning update. This process may take several minutes.

2024-11-25 19:12:32,762 DEBUG    urllib3.connectionpool Starting new HTTPS connection (1): dl.google.com:443
2024-11-25 19:12:32,827 DEBUG    urllib3.connectionpool https://dl.google.com:443 "GET /dl/cloudsdk/channels/rapid/components-2.json HTTP/1.1" 200 227816
2024-11-25 19:12:32,850 INFO     ___FILE_ONLY___ 

2024-11-25 19:12:32,851 INFO     ___FILE_ONLY___ 
Your current Google Cloud CLI version is: 502.0.0

2024-11-25 19:12:32,851 INFO     ___FILE_ONLY___ Installing components from version: 502.0.0

2024-11-25 19:12:32,851 INFO     ___FILE_ONLY___ 

2024-11-25 19:12:32,851 DEBUG    root            Chosen display Format:table[box,title="These components will be removed."](details.display_name:label=Name:align=left,version.version_string:label=Version:align=right,data.size.size(zero="",min=1048576):label=Size:align=right)
2024-11-25 19:12:32,852 DEBUG    root            Chosen display Format:table[box,title="These components will be updated."](details.display_name:label=Name:align=left,version.version_string:label=Version:align=right,data.size.size(zero="",min=1048576):label=Size:align=right)
2024-11-25 19:12:32,853 DEBUG    root            Chosen display Format:table[box,title="These components will be installed."](details.display_name:label=Name:align=left,version.version_string:label=Version:align=right,data.size.size(zero="",min=1048576):label=Size:align=right)
2024-11-25 19:12:32,901 INFO     ___FILE_ONLY___ ┌─────────────────────────────────────────────────────────────────────────────┐
2024-11-25 19:12:32,901 INFO     ___FILE_ONLY___ 

2024-11-25 19:12:32,901 INFO     ___FILE_ONLY___ │                     These components will be installed.                     │
2024-11-25 19:12:32,901 INFO     ___FILE_ONLY___ 

2024-11-25 19:12:32,901 INFO     ___FILE_ONLY___ ├─────────────────────────────────────────────────────┬────────────┬──────────┤
2024-11-25 19:12:32,901 INFO     ___FILE_ONLY___ 

2024-11-25 19:12:32,901 INFO     ___FILE_ONLY___ │                         Name                        │  Version   │   Size   │
2024-11-25 19:12:32,901 INFO     ___FILE_ONLY___ 

2024-11-25 19:12:32,901 INFO     ___FILE_ONLY___ ├─────────────────────────────────────────────────────┼────────────┼──────────┤
2024-11-25 19:12:32,901 INFO     ___FILE_ONLY___ 

2024-11-25 19:12:32,902 INFO     ___FILE_ONLY___ │ 
2024-11-25 19:12:32,902 INFO     ___FILE_ONLY___ BigQuery Command Line Tool                         
2024-11-25 19:12:32,902 INFO     ___FILE_ONLY___  
2024-11-25 19:12:32,902 INFO     ___FILE_ONLY___ │ 
2024-11-25 19:12:32,902 INFO     ___FILE_ONLY___      2.1.9
2024-11-25 19:12:32,902 INFO     ___FILE_ONLY___  
2024-11-25 19:12:32,902 INFO     ___FILE_ONLY___ │ 
2024-11-25 19:12:32,902 INFO     ___FILE_ONLY___  1.7 MiB
2024-11-25 19:12:32,902 INFO     ___FILE_ONLY___  
2024-11-25 19:12:32,902 INFO     ___FILE_ONLY___ │
2024-11-25 19:12:32,902 INFO     ___FILE_ONLY___ 

2024-11-25 19:12:32,902 INFO     ___FILE_ONLY___ │ 
2024-11-25 19:12:32,902 INFO     ___FILE_ONLY___ BigQuery Command Line Tool (Platform Specific)     
2024-11-25 19:12:32,903 INFO     ___FILE_ONLY___  
2024-11-25 19:12:32,903 INFO     ___FILE_ONLY___ │ 
2024-11-25 19:12:32,903 INFO     ___FILE_ONLY___      2.1.8
2024-11-25 19:12:32,903 INFO     ___FILE_ONLY___  
2024-11-25 19:12:32,903 INFO     ___FILE_ONLY___ │ 
2024-11-25 19:12:32,903 INFO     ___FILE_ONLY___  < 1 MiB
2024-11-25 19:12:32,903 INFO     ___FILE_ONLY___  
2024-11-25 19:12:32,903 INFO     ___FILE_ONLY___ │
2024-11-25 19:12:32,903 INFO     ___FILE_ONLY___ 

2024-11-25 19:12:32,903 INFO     ___FILE_ONLY___ │ 
2024-11-25 19:12:32,903 INFO     ___FILE_ONLY___ Bundled Python 3.11 (Platform Specific)            
2024-11-25 19:12:32,903 INFO     ___FILE_ONLY___  
2024-11-25 19:12:32,903 INFO     ___FILE_ONLY___ │ 
2024-11-25 19:12:32,903 INFO     ___FILE_ONLY___     3.11.9
2024-11-25 19:12:32,904 INFO     ___FILE_ONLY___  
2024-11-25 19:12:32,904 INFO     ___FILE_ONLY___ │ 
2024-11-25 19:12:32,904 INFO     ___FILE_ONLY___ 74.4 MiB
2024-11-25 19:12:32,904 INFO     ___FILE_ONLY___  
2024-11-25 19:12:32,904 INFO     ___FILE_ONLY___ │
2024-11-25 19:12:32,904 INFO     ___FILE_ONLY___ 

2024-11-25 19:12:32,904 INFO     ___FILE_ONLY___ │ 
2024-11-25 19:12:32,904 INFO     ___FILE_ONLY___ Cloud Storage Command Line Tool                    
2024-11-25 19:12:32,904 INFO     ___FILE_ONLY___  
2024-11-25 19:12:32,904 INFO     ___FILE_ONLY___ │ 
2024-11-25 19:12:32,904 INFO     ___FILE_ONLY___       5.31
2024-11-25 19:12:32,904 INFO     ___FILE_ONLY___  
2024-11-25 19:12:32,904 INFO     ___FILE_ONLY___ │ 
2024-11-25 19:12:32,904 INFO     ___FILE_ONLY___ 11.3 MiB
2024-11-25 19:12:32,904 INFO     ___FILE_ONLY___  
2024-11-25 19:12:32,905 INFO     ___FILE_ONLY___ │
2024-11-25 19:12:32,905 INFO     ___FILE_ONLY___ 

2024-11-25 19:12:32,905 INFO     ___FILE_ONLY___ │ 
2024-11-25 19:12:32,905 INFO     ___FILE_ONLY___ Cloud Storage Command Line Tool (Platform Specific)
2024-11-25 19:12:32,905 INFO     ___FILE_ONLY___  
2024-11-25 19:12:32,905 INFO     ___FILE_ONLY___ │ 
2024-11-25 19:12:32,905 INFO     ___FILE_ONLY___       5.30
2024-11-25 19:12:32,905 INFO     ___FILE_ONLY___  
2024-11-25 19:12:32,905 INFO     ___FILE_ONLY___ │ 
2024-11-25 19:12:32,905 INFO     ___FILE_ONLY___  < 1 MiB
2024-11-25 19:12:32,905 INFO     ___FILE_ONLY___  
2024-11-25 19:12:32,905 INFO     ___FILE_ONLY___ │
2024-11-25 19:12:32,905 INFO     ___FILE_ONLY___ 

2024-11-25 19:12:32,905 INFO     ___FILE_ONLY___ │ 
2024-11-25 19:12:32,906 INFO     ___FILE_ONLY___ Google Cloud CLI Core Libraries (Platform Specific)
2024-11-25 19:12:32,906 INFO     ___FILE_ONLY___  
2024-11-25 19:12:32,906 INFO     ___FILE_ONLY___ │ 
2024-11-25 19:12:32,906 INFO     ___FILE_ONLY___ 2024.08.30
2024-11-25 19:12:32,906 INFO     ___FILE_ONLY___  
2024-11-25 19:12:32,906 INFO     ___FILE_ONLY___ │ 
2024-11-25 19:12:32,906 INFO     ___FILE_ONLY___  < 1 MiB
2024-11-25 19:12:32,906 INFO     ___FILE_ONLY___  
2024-11-25 19:12:32,906 INFO     ___FILE_ONLY___ │
2024-11-25 19:12:32,906 INFO     ___FILE_ONLY___ 

2024-11-25 19:12:32,906 INFO     ___FILE_ONLY___ │ 
2024-11-25 19:12:32,906 INFO     ___FILE_ONLY___ Google Cloud CRC32C Hash Tool (Platform Specific)  
2024-11-25 19:12:32,906 INFO     ___FILE_ONLY___  
2024-11-25 19:12:32,907 INFO     ___FILE_ONLY___ │ 
2024-11-25 19:12:32,907 INFO     ___FILE_ONLY___      1.0.0
2024-11-25 19:12:32,907 INFO     ___FILE_ONLY___  
2024-11-25 19:12:32,907 INFO     ___FILE_ONLY___ │ 
2024-11-25 19:12:32,907 INFO     ___FILE_ONLY___  1.3 MiB
2024-11-25 19:12:32,907 INFO     ___FILE_ONLY___  
2024-11-25 19:12:32,907 INFO     ___FILE_ONLY___ │
2024-11-25 19:12:32,907 INFO     ___FILE_ONLY___ 

2024-11-25 19:12:32,907 INFO     ___FILE_ONLY___ │ 
2024-11-25 19:12:32,907 INFO     ___FILE_ONLY___ gcloud cli dependencies (Platform Specific)        
2024-11-25 19:12:32,907 INFO     ___FILE_ONLY___  
2024-11-25 19:12:32,907 INFO     ___FILE_ONLY___ │ 
2024-11-25 19:12:32,907 INFO     ___FILE_ONLY___ 2021.04.16
2024-11-25 19:12:32,907 INFO     ___FILE_ONLY___  
2024-11-25 19:12:32,907 INFO     ___FILE_ONLY___ │ 
2024-11-25 19:12:32,908 INFO     ___FILE_ONLY___  < 1 MiB
2024-11-25 19:12:32,908 INFO     ___FILE_ONLY___  
2024-11-25 19:12:32,908 INFO     ___FILE_ONLY___ │
2024-11-25 19:12:32,908 INFO     ___FILE_ONLY___ 

2024-11-25 19:12:32,908 INFO     ___FILE_ONLY___ └─────────────────────────────────────────────────────┴────────────┴──────────┘
2024-11-25 19:12:32,908 INFO     ___FILE_ONLY___ 

2024-11-25 19:12:32,908 INFO     ___FILE_ONLY___ 

2024-11-25 19:12:32,912 DEBUG    urllib3.connectionpool Starting new HTTPS connection (1): dl.google.com:443
2024-11-25 19:12:32,977 DEBUG    urllib3.connectionpool https://dl.google.com:443 "GET /dl/cloudsdk/channels/rapid/RELEASE_NOTES HTTP/1.1" 200 1314602
2024-11-25 19:12:33,046 INFO     ___FILE_ONLY___ For the latest full release notes, please visit:
  https://cloud.google.com/sdk/release_notes


2024-11-25 19:12:33,046 INFO     ___FILE_ONLY___ Performing in place update...


2024-11-25 19:12:33,049 INFO     ___FILE_ONLY___ ╔════════════════════════════════════════════════════════════╗

2024-11-25 19:12:33,049 INFO     ___FILE_ONLY___ ╠═ Downloading: BigQuery Command Line Tool                  ═╣

2024-11-25 19:12:33,049 INFO     ___FILE_ONLY___ ╚
2024-11-25 19:12:33,053 DEBUG    urllib3.connectionpool Starting new HTTPS connection (1): dl.google.com:443
2024-11-25 19:12:33,116 DEBUG    urllib3.connectionpool https://dl.google.com:443 "GET /dl/cloudsdk/channels/rapid/components/google-cloud-sdk-bq-20241011151610.tar.gz HTTP/1.1" 200 1831026
2024-11-25 19:12:33,130 INFO     ___FILE_ONLY___ ═
2024-11-25 19:12:33,130 INFO     ___FILE_ONLY___ ═
2024-11-25 19:12:33,130 INFO     ___FILE_ONLY___ ═
2024-11-25 19:12:33,130 INFO     ___FILE_ONLY___ ═
2024-11-25 19:12:33,130 INFO     ___FILE_ONLY___ ═
2024-11-25 19:12:33,130 INFO     ___FILE_ONLY___ ═
2024-11-25 19:12:33,131 INFO     ___FILE_ONLY___ ═
2024-11-25 19:12:33,131 INFO     ___FILE_ONLY___ ═
2024-11-25 19:12:33,131 INFO     ___FILE_ONLY___ ═
2024-11-25 19:12:33,131 INFO     ___FILE_ONLY___ ═
2024-11-25 19:12:33,131 INFO     ___FILE_ONLY___ ═
2024-11-25 19:12:33,131 INFO     ___FILE_ONLY___ ═
2024-11-25 19:12:33,131 INFO     ___FILE_ONLY___ ═
2024-11-25 19:12:33,131 INFO     ___FILE_ONLY___ ═
2024-11-25 19:12:33,132 INFO     ___FILE_ONLY___ ═
2024-11-25 19:12:33,132 INFO     ___FILE_ONLY___ ═
2024-11-25 19:12:33,132 INFO     ___FILE_ONLY___ ═
2024-11-25 19:12:33,132 INFO     ___FILE_ONLY___ ═
2024-11-25 19:12:33,132 INFO     ___FILE_ONLY___ ═
2024-11-25 19:12:33,132 INFO     ___FILE_ONLY___ ═
2024-11-25 19:12:33,132 INFO     ___FILE_ONLY___ ═
2024-11-25 19:12:33,132 INFO     ___FILE_ONLY___ ═
2024-11-25 19:12:33,132 INFO     ___FILE_ONLY___ ═
2024-11-25 19:12:33,133 INFO     ___FILE_ONLY___ ═
2024-11-25 19:12:33,133 INFO     ___FILE_ONLY___ ═
2024-11-25 19:12:33,133 INFO     ___FILE_ONLY___ ═
2024-11-25 19:12:33,133 INFO     ___FILE_ONLY___ ═
2024-11-25 19:12:33,133 INFO     ___FILE_ONLY___ ═
2024-11-25 19:12:33,133 INFO     ___FILE_ONLY___ ═
2024-11-25 19:12:33,133 INFO     ___FILE_ONLY___ ═
2024-11-25 19:12:33,133 INFO     ___FILE_ONLY___ ═
2024-11-25 19:12:33,134 INFO     ___FILE_ONLY___ ═
2024-11-25 19:12:33,134 INFO     ___FILE_ONLY___ ═
2024-11-25 19:12:33,134 INFO     ___FILE_ONLY___ ═
2024-11-25 19:12:33,134 INFO     ___FILE_ONLY___ ═
2024-11-25 19:12:33,134 INFO     ___FILE_ONLY___ ═
2024-11-25 19:12:33,134 INFO     ___FILE_ONLY___ ═
2024-11-25 19:12:33,134 INFO     ___FILE_ONLY___ ═
2024-11-25 19:12:33,134 INFO     ___FILE_ONLY___ ═
2024-11-25 19:12:33,134 INFO     ___FILE_ONLY___ ═
2024-11-25 19:12:33,135 INFO     ___FILE_ONLY___ ═
2024-11-25 19:12:33,135 INFO     ___FILE_ONLY___ ═
2024-11-25 19:12:33,135 INFO     ___FILE_ONLY___ ═
2024-11-25 19:12:33,135 INFO     ___FILE_ONLY___ ═
2024-11-25 19:12:33,135 INFO     ___FILE_ONLY___ ═
2024-11-25 19:12:33,135 INFO     ___FILE_ONLY___ ═
2024-11-25 19:12:33,135 INFO     ___FILE_ONLY___ ═
2024-11-25 19:12:33,135 INFO     ___FILE_ONLY___ ═
2024-11-25 19:12:33,136 INFO     ___FILE_ONLY___ ═
2024-11-25 19:12:33,136 INFO     ___FILE_ONLY___ ═
2024-11-25 19:12:33,136 INFO     ___FILE_ONLY___ ═
2024-11-25 19:12:33,136 INFO     ___FILE_ONLY___ ═
2024-11-25 19:12:33,136 INFO     ___FILE_ONLY___ ═
2024-11-25 19:12:33,136 INFO     ___FILE_ONLY___ ═
2024-11-25 19:12:33,136 INFO     ___FILE_ONLY___ ═
2024-11-25 19:12:33,136 INFO     ___FILE_ONLY___ ═
2024-11-25 19:12:33,136 INFO     ___FILE_ONLY___ ═
2024-11-25 19:12:33,137 INFO     ___FILE_ONLY___ ═
2024-11-25 19:12:33,137 INFO     ___FILE_ONLY___ ═
2024-11-25 19:12:33,137 INFO     ___FILE_ONLY___ ═
2024-11-25 19:12:33,137 INFO     ___FILE_ONLY___ ╝

2024-11-25 19:12:33,139 INFO     ___FILE_ONLY___ ╔════════════════════════════════════════════════════════════╗

2024-11-25 19:12:33,139 INFO     ___FILE_ONLY___ ╠═ Downloading: BigQuery Command Line Tool (Platform Spe... ═╣

2024-11-25 19:12:33,140 INFO     ___FILE_ONLY___ ╚
2024-11-25 19:12:33,143 DEBUG    urllib3.connectionpool Starting new HTTPS connection (1): dl.google.com:443
2024-11-25 19:12:33,203 DEBUG    urllib3.connectionpool https://dl.google.com:443 "GET /dl/cloudsdk/channels/rapid/components/google-cloud-sdk-bq-nix-20240830134514.tar.gz HTTP/1.1" 200 1914
2024-11-25 19:12:33,204 INFO     ___FILE_ONLY___ ════════════════════════════════════════════════════════════
2024-11-25 19:12:33,205 INFO     ___FILE_ONLY___ ╝

2024-11-25 19:12:33,207 INFO     ___FILE_ONLY___ ╔════════════════════════════════════════════════════════════╗

2024-11-25 19:12:33,207 INFO     ___FILE_ONLY___ ╠═ Downloading: Bundled Python 3.11                         ═╣

2024-11-25 19:12:33,207 INFO     ___FILE_ONLY___ ╚
2024-11-25 19:12:33,207 INFO     ___FILE_ONLY___ ════════════════════════════════════════════════════════════
2024-11-25 19:12:33,207 INFO     ___FILE_ONLY___ ╝

2024-11-25 19:12:33,209 INFO     ___FILE_ONLY___ ╔════════════════════════════════════════════════════════════╗

2024-11-25 19:12:33,209 INFO     ___FILE_ONLY___ ╠═ Downloading: Bundled Python 3.11 (Platform Specific)     ═╣

2024-11-25 19:12:33,209 INFO     ___FILE_ONLY___ ╚
2024-11-25 19:12:33,213 DEBUG    urllib3.connectionpool Starting new HTTPS connection (1): dl.google.com:443
2024-11-25 19:12:33,279 DEBUG    urllib3.connectionpool https://dl.google.com:443 "GET /dl/cloudsdk/channels/rapid/components/google-cloud-sdk-bundled-python3-unix-linux-x86_64-20240920144119.tar.gz HTTP/1.1" 200 78001783
2024-11-25 19:12:33,595 INFO     ___FILE_ONLY___ ═
2024-11-25 19:12:33,597 INFO     ___FILE_ONLY___ ═
2024-11-25 19:12:33,599 INFO     ___FILE_ONLY___ ═
2024-11-25 19:12:33,601 INFO     ___FILE_ONLY___ ═
2024-11-25 19:12:33,603 INFO     ___FILE_ONLY___ ═
2024-11-25 19:12:33,605 INFO     ___FILE_ONLY___ ═
2024-11-25 19:12:33,606 INFO     ___FILE_ONLY___ ═
2024-11-25 19:12:33,608 INFO     ___FILE_ONLY___ ═
2024-11-25 19:12:33,610 INFO     ___FILE_ONLY___ ═
2024-11-25 19:12:33,612 INFO     ___FILE_ONLY___ ═
2024-11-25 19:12:33,614 INFO     ___FILE_ONLY___ ═
2024-11-25 19:12:33,615 INFO     ___FILE_ONLY___ ═
2024-11-25 19:12:33,617 INFO     ___FILE_ONLY___ ═
2024-11-25 19:12:33,619 INFO     ___FILE_ONLY___ ═
2024-11-25 19:12:33,621 INFO     ___FILE_ONLY___ ═
2024-11-25 19:12:33,623 INFO     ___FILE_ONLY___ ═
2024-11-25 19:12:33,624 INFO     ___FILE_ONLY___ ═
2024-11-25 19:12:33,626 INFO     ___FILE_ONLY___ ═
2024-11-25 19:12:33,628 INFO     ___FILE_ONLY___ ═
2024-11-25 19:12:33,630 INFO     ___FILE_ONLY___ ═
2024-11-25 19:12:33,632 INFO     ___FILE_ONLY___ ═
2024-11-25 19:12:33,634 INFO     ___FILE_ONLY___ ═
2024-11-25 19:12:33,635 INFO     ___FILE_ONLY___ ═
2024-11-25 19:12:33,637 INFO     ___FILE_ONLY___ ═
2024-11-25 19:12:33,639 INFO     ___FILE_ONLY___ ═
2024-11-25 19:12:33,641 INFO     ___FILE_ONLY___ ═
2024-11-25 19:12:33,643 INFO     ___FILE_ONLY___ ═
2024-11-25 19:12:33,644 INFO     ___FILE_ONLY___ ═
2024-11-25 19:12:33,646 INFO     ___FILE_ONLY___ ═
2024-11-25 19:12:33,648 INFO     ___FILE_ONLY___ ═
2024-11-25 19:12:33,650 INFO     ___FILE_ONLY___ ═
2024-11-25 19:12:33,652 INFO     ___FILE_ONLY___ ═
2024-11-25 19:12:33,653 INFO     ___FILE_ONLY___ ═
2024-11-25 19:12:33,655 INFO     ___FILE_ONLY___ ═
2024-11-25 19:12:33,657 INFO     ___FILE_ONLY___ ═
2024-11-25 19:12:33,659 INFO     ___FILE_ONLY___ ═
2024-11-25 19:12:33,660 INFO     ___FILE_ONLY___ ═
2024-11-25 19:12:33,662 INFO     ___FILE_ONLY___ ═
2024-11-25 19:12:33,664 INFO     ___FILE_ONLY___ ═
2024-11-25 19:12:33,666 INFO     ___FILE_ONLY___ ═
2024-11-25 19:12:33,668 INFO     ___FILE_ONLY___ ═
2024-11-25 19:12:33,669 INFO     ___FILE_ONLY___ ═
2024-11-25 19:12:33,671 INFO     ___FILE_ONLY___ ═
2024-11-25 19:12:33,673 INFO     ___FILE_ONLY___ ═
2024-11-25 19:12:33,675 INFO     ___FILE_ONLY___ ═
2024-11-25 19:12:33,676 INFO     ___FILE_ONLY___ ═
2024-11-25 19:12:33,678 INFO     ___FILE_ONLY___ ═
2024-11-25 19:12:33,680 INFO     ___FILE_ONLY___ ═
2024-11-25 19:12:33,682 INFO     ___FILE_ONLY___ ═
2024-11-25 19:12:33,683 INFO     ___FILE_ONLY___ ═
2024-11-25 19:12:33,685 INFO     ___FILE_ONLY___ ═
2024-11-25 19:12:33,687 INFO     ___FILE_ONLY___ ═
2024-11-25 19:12:33,689 INFO     ___FILE_ONLY___ ═
2024-11-25 19:12:33,691 INFO     ___FILE_ONLY___ ═
2024-11-25 19:12:33,693 INFO     ___FILE_ONLY___ ═
2024-11-25 19:12:33,694 INFO     ___FILE_ONLY___ ═
2024-11-25 19:12:33,696 INFO     ___FILE_ONLY___ ═
2024-11-25 19:12:33,698 INFO     ___FILE_ONLY___ ═
2024-11-25 19:12:33,701 INFO     ___FILE_ONLY___ ═
2024-11-25 19:12:33,703 INFO     ___FILE_ONLY___ ═
2024-11-25 19:12:33,703 INFO     ___FILE_ONLY___ ╝

2024-11-25 19:12:33,706 INFO     ___FILE_ONLY___ ╔════════════════════════════════════════════════════════════╗

2024-11-25 19:12:33,706 INFO     ___FILE_ONLY___ ╠═ Downloading: Cloud Storage Command Line Tool             ═╣

2024-11-25 19:12:33,706 INFO     ___FILE_ONLY___ ╚
2024-11-25 19:12:33,717 DEBUG    urllib3.connectionpool Starting new HTTPS connection (1): dl.google.com:443
2024-11-25 19:12:33,779 DEBUG    urllib3.connectionpool https://dl.google.com:443 "GET /dl/cloudsdk/channels/rapid/components/google-cloud-sdk-gsutil-20241011151610.tar.gz HTTP/1.1" 200 11831021
2024-11-25 19:12:33,829 INFO     ___FILE_ONLY___ ═
2024-11-25 19:12:33,830 INFO     ___FILE_ONLY___ ═
2024-11-25 19:12:33,830 INFO     ___FILE_ONLY___ ═
2024-11-25 19:12:33,831 INFO     ___FILE_ONLY___ ═
2024-11-25 19:12:33,831 INFO     ___FILE_ONLY___ ═
2024-11-25 19:12:33,831 INFO     ___FILE_ONLY___ ═
2024-11-25 19:12:33,832 INFO     ___FILE_ONLY___ ═
2024-11-25 19:12:33,832 INFO     ___FILE_ONLY___ ═
2024-11-25 19:12:33,832 INFO     ___FILE_ONLY___ ═
2024-11-25 19:12:33,833 INFO     ___FILE_ONLY___ ═
2024-11-25 19:12:33,833 INFO     ___FILE_ONLY___ ═
2024-11-25 19:12:33,833 INFO     ___FILE_ONLY___ ═
2024-11-25 19:12:33,834 INFO     ___FILE_ONLY___ ═
2024-11-25 19:12:33,834 INFO     ___FILE_ONLY___ ═
2024-11-25 19:12:33,834 INFO     ___FILE_ONLY___ ═
2024-11-25 19:12:33,835 INFO     ___FILE_ONLY___ ═
2024-11-25 19:12:33,835 INFO     ___FILE_ONLY___ ═
2024-11-25 19:12:33,836 INFO     ___FILE_ONLY___ ═
2024-11-25 19:12:33,836 INFO     ___FILE_ONLY___ ═
2024-11-25 19:12:33,836 INFO     ___FILE_ONLY___ ═
2024-11-25 19:12:33,837 INFO     ___FILE_ONLY___ ═
2024-11-25 19:12:33,837 INFO     ___FILE_ONLY___ ═
2024-11-25 19:12:33,837 INFO     ___FILE_ONLY___ ═
2024-11-25 19:12:33,838 INFO     ___FILE_ONLY___ ═
2024-11-25 19:12:33,838 INFO     ___FILE_ONLY___ ═
2024-11-25 19:12:33,838 INFO     ___FILE_ONLY___ ═
2024-11-25 19:12:33,839 INFO     ___FILE_ONLY___ ═
2024-11-25 19:12:33,839 INFO     ___FILE_ONLY___ ═
2024-11-25 19:12:33,839 INFO     ___FILE_ONLY___ ═
2024-11-25 19:12:33,840 INFO     ___FILE_ONLY___ ═
2024-11-25 19:12:33,840 INFO     ___FILE_ONLY___ ═
2024-11-25 19:12:33,841 INFO     ___FILE_ONLY___ ═
2024-11-25 19:12:33,841 INFO     ___FILE_ONLY___ ═
2024-11-25 19:12:33,841 INFO     ___FILE_ONLY___ ═
2024-11-25 19:12:33,842 INFO     ___FILE_ONLY___ ═
2024-11-25 19:12:33,842 INFO     ___FILE_ONLY___ ═
2024-11-25 19:12:33,842 INFO     ___FILE_ONLY___ ═
2024-11-25 19:12:33,843 INFO     ___FILE_ONLY___ ═
2024-11-25 19:12:33,843 INFO     ___FILE_ONLY___ ═
2024-11-25 19:12:33,843 INFO     ___FILE_ONLY___ ═
2024-11-25 19:12:33,844 INFO     ___FILE_ONLY___ ═
2024-11-25 19:12:33,844 INFO     ___FILE_ONLY___ ═
2024-11-25 19:12:33,844 INFO     ___FILE_ONLY___ ═
2024-11-25 19:12:33,845 INFO     ___FILE_ONLY___ ═
2024-11-25 19:12:33,845 INFO     ___FILE_ONLY___ ═
2024-11-25 19:12:33,845 INFO     ___FILE_ONLY___ ═
2024-11-25 19:12:33,846 INFO     ___FILE_ONLY___ ═
2024-11-25 19:12:33,846 INFO     ___FILE_ONLY___ ═
2024-11-25 19:12:33,847 INFO     ___FILE_ONLY___ ═
2024-11-25 19:12:33,847 INFO     ___FILE_ONLY___ ═
2024-11-25 19:12:33,847 INFO     ___FILE_ONLY___ ═
2024-11-25 19:12:33,848 INFO     ___FILE_ONLY___ ═
2024-11-25 19:12:33,848 INFO     ___FILE_ONLY___ ═
2024-11-25 19:12:33,848 INFO     ___FILE_ONLY___ ═
2024-11-25 19:12:33,849 INFO     ___FILE_ONLY___ ═
2024-11-25 19:12:33,849 INFO     ___FILE_ONLY___ ═
2024-11-25 19:12:33,849 INFO     ___FILE_ONLY___ ═
2024-11-25 19:12:33,850 INFO     ___FILE_ONLY___ ═
2024-11-25 19:12:33,850 INFO     ___FILE_ONLY___ ═
2024-11-25 19:12:33,850 INFO     ___FILE_ONLY___ ═
2024-11-25 19:12:33,851 INFO     ___FILE_ONLY___ ╝

2024-11-25 19:12:33,853 INFO     ___FILE_ONLY___ ╔════════════════════════════════════════════════════════════╗

2024-11-25 19:12:33,853 INFO     ___FILE_ONLY___ ╠═ Downloading: Cloud Storage Command Line Tool (Platfor... ═╣

2024-11-25 19:12:33,853 INFO     ___FILE_ONLY___ ╚
2024-11-25 19:12:33,857 DEBUG    urllib3.connectionpool Starting new HTTPS connection (1): dl.google.com:443
2024-11-25 19:12:33,922 DEBUG    urllib3.connectionpool https://dl.google.com:443 "GET /dl/cloudsdk/channels/rapid/components/google-cloud-sdk-gsutil-nix-20240830134514.tar.gz HTTP/1.1" 200 1928
2024-11-25 19:12:33,923 INFO     ___FILE_ONLY___ ════════════════════════════════════════════════════════════
2024-11-25 19:12:33,923 INFO     ___FILE_ONLY___ ╝

2024-11-25 19:12:33,925 INFO     ___FILE_ONLY___ ╔════════════════════════════════════════════════════════════╗

2024-11-25 19:12:33,925 INFO     ___FILE_ONLY___ ╠═ Downloading: Default set of gcloud commands              ═╣

2024-11-25 19:12:33,925 INFO     ___FILE_ONLY___ ╚
2024-11-25 19:12:33,926 INFO     ___FILE_ONLY___ ════════════════════════════════════════════════════════════
2024-11-25 19:12:33,926 INFO     ___FILE_ONLY___ ╝

2024-11-25 19:12:33,928 INFO     ___FILE_ONLY___ ╔════════════════════════════════════════════════════════════╗

2024-11-25 19:12:33,928 INFO     ___FILE_ONLY___ ╠═ Downloading: Google Cloud CLI Core Libraries (Platfor... ═╣

2024-11-25 19:12:33,928 INFO     ___FILE_ONLY___ ╚
2024-11-25 19:12:33,932 DEBUG    urllib3.connectionpool Starting new HTTPS connection (1): dl.google.com:443
2024-11-25 19:12:33,998 DEBUG    urllib3.connectionpool https://dl.google.com:443 "GET /dl/cloudsdk/channels/rapid/components/google-cloud-sdk-core-nix-20240830134514.tar.gz HTTP/1.1" 200 2306
2024-11-25 19:12:33,999 INFO     ___FILE_ONLY___ ════════════════════════════════════════════════════════════
2024-11-25 19:12:33,999 INFO     ___FILE_ONLY___ ╝

2024-11-25 19:12:34,001 INFO     ___FILE_ONLY___ ╔════════════════════════════════════════════════════════════╗

2024-11-25 19:12:34,001 INFO     ___FILE_ONLY___ ╠═ Downloading: Google Cloud CRC32C Hash Tool               ═╣

2024-11-25 19:12:34,001 INFO     ___FILE_ONLY___ ╚
2024-11-25 19:12:34,001 INFO     ___FILE_ONLY___ ════════════════════════════════════════════════════════════
2024-11-25 19:12:34,002 INFO     ___FILE_ONLY___ ╝

2024-11-25 19:12:34,004 INFO     ___FILE_ONLY___ ╔════════════════════════════════════════════════════════════╗

2024-11-25 19:12:34,004 INFO     ___FILE_ONLY___ ╠═ Downloading: Google Cloud CRC32C Hash Tool (Platform ... ═╣

2024-11-25 19:12:34,004 INFO     ___FILE_ONLY___ ╚
2024-11-25 19:12:34,008 DEBUG    urllib3.connectionpool Starting new HTTPS connection (1): dl.google.com:443
2024-11-25 19:12:34,074 DEBUG    urllib3.connectionpool https://dl.google.com:443 "GET /dl/cloudsdk/channels/rapid/components/google-cloud-sdk-gcloud-crc32c-linux-x86_64-20240712142834.tar.gz HTTP/1.1" 200 1350263
2024-11-25 19:12:34,085 INFO     ___FILE_ONLY___ ═
2024-11-25 19:12:34,085 INFO     ___FILE_ONLY___ ═
2024-11-25 19:12:34,086 INFO     ___FILE_ONLY___ ═
2024-11-25 19:12:34,086 INFO     ___FILE_ONLY___ ═
2024-11-25 19:12:34,086 INFO     ___FILE_ONLY___ ═
2024-11-25 19:12:34,086 INFO     ___FILE_ONLY___ ═
2024-11-25 19:12:34,086 INFO     ___FILE_ONLY___ ═
2024-11-25 19:12:34,086 INFO     ___FILE_ONLY___ ═
2024-11-25 19:12:34,086 INFO     ___FILE_ONLY___ ═
2024-11-25 19:12:34,086 INFO     ___FILE_ONLY___ ═
2024-11-25 19:12:34,086 INFO     ___FILE_ONLY___ ═
2024-11-25 19:12:34,087 INFO     ___FILE_ONLY___ ═
2024-11-25 19:12:34,087 INFO     ___FILE_ONLY___ ═
2024-11-25 19:12:34,087 INFO     ___FILE_ONLY___ ═
2024-11-25 19:12:34,087 INFO     ___FILE_ONLY___ ═
2024-11-25 19:12:34,087 INFO     ___FILE_ONLY___ ═
2024-11-25 19:12:34,087 INFO     ___FILE_ONLY___ ═
2024-11-25 19:12:34,087 INFO     ___FILE_ONLY___ ═
2024-11-25 19:12:34,087 INFO     ___FILE_ONLY___ ═
2024-11-25 19:12:34,087 INFO     ___FILE_ONLY___ ═
2024-11-25 19:12:34,087 INFO     ___FILE_ONLY___ ═
2024-11-25 19:12:34,088 INFO     ___FILE_ONLY___ ═
2024-11-25 19:12:34,088 INFO     ___FILE_ONLY___ ═
2024-11-25 19:12:34,088 INFO     ___FILE_ONLY___ ═
2024-11-25 19:12:34,088 INFO     ___FILE_ONLY___ ═
2024-11-25 19:12:34,088 INFO     ___FILE_ONLY___ ═
2024-11-25 19:12:34,088 INFO     ___FILE_ONLY___ ═
2024-11-25 19:12:34,088 INFO     ___FILE_ONLY___ ═
2024-11-25 19:12:34,088 INFO     ___FILE_ONLY___ ═
2024-11-25 19:12:34,088 INFO     ___FILE_ONLY___ ═
2024-11-25 19:12:34,089 INFO     ___FILE_ONLY___ ═
2024-11-25 19:12:34,089 INFO     ___FILE_ONLY___ ═
2024-11-25 19:12:34,089 INFO     ___FILE_ONLY___ ═
2024-11-25 19:12:34,089 INFO     ___FILE_ONLY___ ═
2024-11-25 19:12:34,089 INFO     ___FILE_ONLY___ ═
2024-11-25 19:12:34,089 INFO     ___FILE_ONLY___ ═
2024-11-25 19:12:34,089 INFO     ___FILE_ONLY___ ═
2024-11-25 19:12:34,089 INFO     ___FILE_ONLY___ ═
2024-11-25 19:12:34,089 INFO     ___FILE_ONLY___ ═
2024-11-25 19:12:34,089 INFO     ___FILE_ONLY___ ═
2024-11-25 19:12:34,090 INFO     ___FILE_ONLY___ ═
2024-11-25 19:12:34,090 INFO     ___FILE_ONLY___ ═
2024-11-25 19:12:34,090 INFO     ___FILE_ONLY___ ═
2024-11-25 19:12:34,090 INFO     ___FILE_ONLY___ ═
2024-11-25 19:12:34,090 INFO     ___FILE_ONLY___ ═
2024-11-25 19:12:34,090 INFO     ___FILE_ONLY___ ═
2024-11-25 19:12:34,090 INFO     ___FILE_ONLY___ ═
2024-11-25 19:12:34,090 INFO     ___FILE_ONLY___ ═
2024-11-25 19:12:34,090 INFO     ___FILE_ONLY___ ═
2024-11-25 19:12:34,091 INFO     ___FILE_ONLY___ ═
2024-11-25 19:12:34,091 INFO     ___FILE_ONLY___ ═
2024-11-25 19:12:34,091 INFO     ___FILE_ONLY___ ═
2024-11-25 19:12:34,091 INFO     ___FILE_ONLY___ ═
2024-11-25 19:12:34,091 INFO     ___FILE_ONLY___ ═
2024-11-25 19:12:34,091 INFO     ___FILE_ONLY___ ═
2024-11-25 19:12:34,091 INFO     ___FILE_ONLY___ ═
2024-11-25 19:12:34,091 INFO     ___FILE_ONLY___ ═
2024-11-25 19:12:34,091 INFO     ___FILE_ONLY___ ═
2024-11-25 19:12:34,092 INFO     ___FILE_ONLY___ ═
2024-11-25 19:12:34,092 INFO     ___FILE_ONLY___ ═
2024-11-25 19:12:34,092 INFO     ___FILE_ONLY___ ╝

2024-11-25 19:12:34,094 INFO     ___FILE_ONLY___ ╔════════════════════════════════════════════════════════════╗

2024-11-25 19:12:34,094 INFO     ___FILE_ONLY___ ╠═ Downloading: gcloud cli dependencies (Platform Specific) ═╣

2024-11-25 19:12:34,094 INFO     ___FILE_ONLY___ ╚
2024-11-25 19:12:34,098 DEBUG    urllib3.connectionpool Starting new HTTPS connection (1): dl.google.com:443
2024-11-25 19:12:34,164 DEBUG    urllib3.connectionpool https://dl.google.com:443 "GET /dl/cloudsdk/channels/rapid/components/google-cloud-sdk-gcloud-deps-linux-x86_64-20210416153011.tar.gz HTTP/1.1" 200 104
2024-11-25 19:12:34,165 INFO     ___FILE_ONLY___ ════════════════════════════════════════════════════════════
2024-11-25 19:12:34,165 INFO     ___FILE_ONLY___ ╝

2024-11-25 19:12:34,168 INFO     ___FILE_ONLY___ ╔════════════════════════════════════════════════════════════╗

2024-11-25 19:12:34,168 INFO     ___FILE_ONLY___ ╠═ Installing: BigQuery Command Line Tool                   ═╣

2024-11-25 19:12:34,168 INFO     ___FILE_ONLY___ ╚
2024-11-25 19:12:34,302 INFO     ___FILE_ONLY___ ═
2024-11-25 19:12:34,305 INFO     ___FILE_ONLY___ ═
2024-11-25 19:12:34,308 INFO     ___FILE_ONLY___ ═
2024-11-25 19:12:34,311 INFO     ___FILE_ONLY___ ═
2024-11-25 19:12:34,314 INFO     ___FILE_ONLY___ ═
2024-11-25 19:12:34,316 INFO     ___FILE_ONLY___ ═
2024-11-25 19:12:34,319 INFO     ___FILE_ONLY___ ═
2024-11-25 19:12:34,322 INFO     ___FILE_ONLY___ ═
2024-11-25 19:12:34,325 INFO     ___FILE_ONLY___ ═
2024-11-25 19:12:34,328 INFO     ___FILE_ONLY___ ═
2024-11-25 19:12:34,330 INFO     ___FILE_ONLY___ ═
2024-11-25 19:12:34,333 INFO     ___FILE_ONLY___ ═
2024-11-25 19:12:34,335 INFO     ___FILE_ONLY___ ═
2024-11-25 19:12:34,338 INFO     ___FILE_ONLY___ ═
2024-11-25 19:12:34,341 INFO     ___FILE_ONLY___ ═
2024-11-25 19:12:34,344 INFO     ___FILE_ONLY___ ═
2024-11-25 19:12:34,346 INFO     ___FILE_ONLY___ ═
2024-11-25 19:12:34,350 INFO     ___FILE_ONLY___ ═
2024-11-25 19:12:34,353 INFO     ___FILE_ONLY___ ═
2024-11-25 19:12:34,356 INFO     ___FILE_ONLY___ ═
2024-11-25 19:12:34,359 INFO     ___FILE_ONLY___ ═
2024-11-25 19:12:34,361 INFO     ___FILE_ONLY___ ═
2024-11-25 19:12:34,363 INFO     ___FILE_ONLY___ ═
2024-11-25 19:12:34,366 INFO     ___FILE_ONLY___ ═
2024-11-25 19:12:34,369 INFO     ___FILE_ONLY___ ═
2024-11-25 19:12:34,371 INFO     ___FILE_ONLY___ ═
2024-11-25 19:12:34,374 INFO     ___FILE_ONLY___ ═
2024-11-25 19:12:34,377 INFO     ___FILE_ONLY___ ═
2024-11-25 19:12:34,381 INFO     ___FILE_ONLY___ ═
2024-11-25 19:12:34,383 INFO     ___FILE_ONLY___ ═
2024-11-25 19:12:34,386 INFO     ___FILE_ONLY___ ═
2024-11-25 19:12:34,389 INFO     ___FILE_ONLY___ ═
2024-11-25 19:12:34,392 INFO     ___FILE_ONLY___ ═
2024-11-25 19:12:34,396 INFO     ___FILE_ONLY___ ═
2024-11-25 19:12:34,406 INFO     ___FILE_ONLY___ ═
2024-11-25 19:12:34,408 INFO     ___FILE_ONLY___ ═
2024-11-25 19:12:34,411 INFO     ___FILE_ONLY___ ═
2024-11-25 19:12:34,416 INFO     ___FILE_ONLY___ ═
2024-11-25 19:12:34,419 INFO     ___FILE_ONLY___ ═
2024-11-25 19:12:34,422 INFO     ___FILE_ONLY___ ═
2024-11-25 19:12:34,424 INFO     ___FILE_ONLY___ ═
2024-11-25 19:12:34,427 INFO     ___FILE_ONLY___ ═
2024-11-25 19:12:34,432 INFO     ___FILE_ONLY___ ═
2024-11-25 19:12:34,435 INFO     ___FILE_ONLY___ ═
2024-11-25 19:12:34,437 INFO     ___FILE_ONLY___ ═
2024-11-25 19:12:34,440 INFO     ___FILE_ONLY___ ═
2024-11-25 19:12:34,443 INFO     ___FILE_ONLY___ ═
2024-11-25 19:12:34,445 INFO     ___FILE_ONLY___ ═
2024-11-25 19:12:34,448 INFO     ___FILE_ONLY___ ═
2024-11-25 19:12:34,451 INFO     ___FILE_ONLY___ ═
2024-11-25 19:12:34,453 INFO     ___FILE_ONLY___ ═
2024-11-25 19:12:34,455 INFO     ___FILE_ONLY___ ═
2024-11-25 19:12:34,457 INFO     ___FILE_ONLY___ ═
2024-11-25 19:12:34,460 INFO     ___FILE_ONLY___ ═
2024-11-25 19:12:34,463 INFO     ___FILE_ONLY___ ═
2024-11-25 19:12:34,465 INFO     ___FILE_ONLY___ ═
2024-11-25 19:12:34,468 INFO     ___FILE_ONLY___ ═
2024-11-25 19:12:34,471 INFO     ___FILE_ONLY___ ═
2024-11-25 19:12:34,473 INFO     ___FILE_ONLY___ ═
2024-11-25 19:12:34,476 INFO     ___FILE_ONLY___ ═
2024-11-25 19:12:34,476 INFO     ___FILE_ONLY___ ╝

2024-11-25 19:12:34,497 INFO     ___FILE_ONLY___ ╔════════════════════════════════════════════════════════════╗

2024-11-25 19:12:34,497 INFO     ___FILE_ONLY___ ╠═ Installing: BigQuery Command Line Tool (Platform Spec... ═╣

2024-11-25 19:12:34,497 INFO     ___FILE_ONLY___ ╚
2024-11-25 19:12:34,498 INFO     ___FILE_ONLY___ ════════════════════════════════════════════════════════════
2024-11-25 19:12:34,499 INFO     ___FILE_ONLY___ ╝

2024-11-25 19:12:34,507 INFO     ___FILE_ONLY___ ╔════════════════════════════════════════════════════════════╗

2024-11-25 19:12:34,507 INFO     ___FILE_ONLY___ ╠═ Installing: Bundled Python 3.11                          ═╣

2024-11-25 19:12:34,507 INFO     ___FILE_ONLY___ ╚
2024-11-25 19:12:34,513 INFO     ___FILE_ONLY___ ════════════════════════════════════════════════════════════
2024-11-25 19:12:34,514 INFO     ___FILE_ONLY___ ╝

2024-11-25 19:12:34,516 INFO     ___FILE_ONLY___ ╔════════════════════════════════════════════════════════════╗

2024-11-25 19:12:34,516 INFO     ___FILE_ONLY___ ╠═ Installing: Bundled Python 3.11 (Platform Specific)      ═╣

2024-11-25 19:12:34,516 INFO     ___FILE_ONLY___ ╚
2024-11-25 19:12:36,827 INFO     ___FILE_ONLY___ ═
2024-11-25 19:12:36,845 INFO     ___FILE_ONLY___ ═
2024-11-25 19:12:36,862 INFO     ___FILE_ONLY___ ═
2024-11-25 19:12:36,876 INFO     ___FILE_ONLY___ ═
2024-11-25 19:12:36,891 INFO     ___FILE_ONLY___ ═
2024-11-25 19:12:36,906 INFO     ___FILE_ONLY___ ═
2024-11-25 19:12:36,921 INFO     ___FILE_ONLY___ ═
2024-11-25 19:12:36,936 INFO     ___FILE_ONLY___ ═
2024-11-25 19:12:36,951 INFO     ___FILE_ONLY___ ═
2024-11-25 19:12:36,966 INFO     ___FILE_ONLY___ ═
2024-11-25 19:12:36,981 INFO     ___FILE_ONLY___ ═
2024-11-25 19:12:36,995 INFO     ___FILE_ONLY___ ═
2024-11-25 19:12:37,010 INFO     ___FILE_ONLY___ ═
2024-11-25 19:12:37,025 INFO     ___FILE_ONLY___ ═
2024-11-25 19:12:37,040 INFO     ___FILE_ONLY___ ═
2024-11-25 19:12:37,056 INFO     ___FILE_ONLY___ ═
2024-11-25 19:12:37,071 INFO     ___FILE_ONLY___ ═
2024-11-25 19:12:37,086 INFO     ___FILE_ONLY___ ═
2024-11-25 19:12:37,101 INFO     ___FILE_ONLY___ ═
2024-11-25 19:12:37,116 INFO     ___FILE_ONLY___ ═
2024-11-25 19:12:37,131 INFO     ___FILE_ONLY___ ═
2024-11-25 19:12:37,146 INFO     ___FILE_ONLY___ ═
2024-11-25 19:12:37,161 INFO     ___FILE_ONLY___ ═
2024-11-25 19:12:37,177 INFO     ___FILE_ONLY___ ═
2024-11-25 19:12:37,192 INFO     ___FILE_ONLY___ ═
2024-11-25 19:12:37,208 INFO     ___FILE_ONLY___ ═
2024-11-25 19:12:37,223 INFO     ___FILE_ONLY___ ═
2024-11-25 19:12:37,238 INFO     ___FILE_ONLY___ ═
2024-11-25 19:12:37,254 INFO     ___FILE_ONLY___ ═
2024-11-25 19:12:37,268 INFO     ___FILE_ONLY___ ═
2024-11-25 19:12:37,283 INFO     ___FILE_ONLY___ ═
2024-11-25 19:12:37,298 INFO     ___FILE_ONLY___ ═
2024-11-25 19:12:37,312 INFO     ___FILE_ONLY___ ═
2024-11-25 19:12:37,327 INFO     ___FILE_ONLY___ ═
2024-11-25 19:12:37,342 INFO     ___FILE_ONLY___ ═
2024-11-25 19:12:37,357 INFO     ___FILE_ONLY___ ═
2024-11-25 19:12:38,155 INFO     ___FILE_ONLY___ ═
2024-11-25 19:12:38,185 INFO     ___FILE_ONLY___ ═
2024-11-25 19:12:38,211 INFO     ___FILE_ONLY___ ═
2024-11-25 19:12:38,235 INFO     ___FILE_ONLY___ ═
2024-11-25 19:12:38,259 INFO     ___FILE_ONLY___ ═
2024-11-25 19:12:38,407 INFO     ___FILE_ONLY___ ═
2024-11-25 19:12:38,439 INFO     ___FILE_ONLY___ ═
2024-11-25 19:12:38,460 INFO     ___FILE_ONLY___ ═
2024-11-25 19:12:38,479 INFO     ___FILE_ONLY___ ═
2024-11-25 19:12:38,500 INFO     ___FILE_ONLY___ ═
2024-11-25 19:12:38,533 INFO     ___FILE_ONLY___ ═
2024-11-25 19:12:38,557 INFO     ___FILE_ONLY___ ═
2024-11-25 19:12:38,578 INFO     ___FILE_ONLY___ ═
2024-11-25 19:12:38,595 INFO     ___FILE_ONLY___ ═
2024-11-25 19:12:38,696 INFO     ___FILE_ONLY___ ═
2024-11-25 19:12:38,718 INFO     ___FILE_ONLY___ ═
2024-11-25 19:12:38,741 INFO     ___FILE_ONLY___ ═
2024-11-25 19:12:38,762 INFO     ___FILE_ONLY___ ═
2024-11-25 19:12:38,812 INFO     ___FILE_ONLY___ ═
2024-11-25 19:12:39,248 INFO     ___FILE_ONLY___ ═
2024-11-25 19:12:39,272 INFO     ___FILE_ONLY___ ═
2024-11-25 19:12:39,297 INFO     ___FILE_ONLY___ ═
2024-11-25 19:12:39,317 INFO     ___FILE_ONLY___ ═
2024-11-25 19:12:39,719 INFO     ___FILE_ONLY___ ═
2024-11-25 19:12:39,719 INFO     ___FILE_ONLY___ ╝

2024-11-25 19:12:39,837 INFO     ___FILE_ONLY___ ╔════════════════════════════════════════════════════════════╗

2024-11-25 19:12:39,838 INFO     ___FILE_ONLY___ ╠═ Installing: Cloud Storage Command Line Tool              ═╣

2024-11-25 19:12:39,838 INFO     ___FILE_ONLY___ ╚
2024-11-25 19:12:40,563 INFO     ___FILE_ONLY___ ═
2024-11-25 19:12:40,580 INFO     ___FILE_ONLY___ ═
2024-11-25 19:12:40,604 INFO     ___FILE_ONLY___ ═
2024-11-25 19:12:40,626 INFO     ___FILE_ONLY___ ═
2024-11-25 19:12:40,642 INFO     ___FILE_ONLY___ ═
2024-11-25 19:12:40,653 INFO     ___FILE_ONLY___ ═
2024-11-25 19:12:40,665 INFO     ___FILE_ONLY___ ═
2024-11-25 19:12:40,678 INFO     ___FILE_ONLY___ ═
2024-11-25 19:12:40,690 INFO     ___FILE_ONLY___ ═
2024-11-25 19:12:40,702 INFO     ___FILE_ONLY___ ═
2024-11-25 19:12:40,716 INFO     ___FILE_ONLY___ ═
2024-11-25 19:12:40,729 INFO     ___FILE_ONLY___ ═
2024-11-25 19:12:40,742 INFO     ___FILE_ONLY___ ═
2024-11-25 19:12:40,754 INFO     ___FILE_ONLY___ ═
2024-11-25 19:12:40,769 INFO     ___FILE_ONLY___ ═
2024-11-25 19:12:40,783 INFO     ___FILE_ONLY___ ═
2024-11-25 19:12:40,799 INFO     ___FILE_ONLY___ ═
2024-11-25 19:12:40,815 INFO     ___FILE_ONLY___ ═
2024-11-25 19:12:40,828 INFO     ___FILE_ONLY___ ═
2024-11-25 19:12:40,844 INFO     ___FILE_ONLY___ ═
2024-11-25 19:12:40,860 INFO     ___FILE_ONLY___ ═
2024-11-25 19:12:40,877 INFO     ___FILE_ONLY___ ═
2024-11-25 19:12:40,891 INFO     ___FILE_ONLY___ ═
2024-11-25 19:12:40,904 INFO     ___FILE_ONLY___ ═
2024-11-25 19:12:40,921 INFO     ___FILE_ONLY___ ═
2024-11-25 19:12:40,938 INFO     ___FILE_ONLY___ ═
2024-11-25 19:12:40,957 INFO     ___FILE_ONLY___ ═
2024-11-25 19:12:40,978 INFO     ___FILE_ONLY___ ═
2024-11-25 19:12:41,002 INFO     ___FILE_ONLY___ ═
2024-11-25 19:12:41,017 INFO     ___FILE_ONLY___ ═
2024-11-25 19:12:41,028 INFO     ___FILE_ONLY___ ═
2024-11-25 19:12:41,042 INFO     ___FILE_ONLY___ ═
2024-11-25 19:12:41,053 INFO     ___FILE_ONLY___ ═
2024-11-25 19:12:41,064 INFO     ___FILE_ONLY___ ═
2024-11-25 19:12:41,078 INFO     ___FILE_ONLY___ ═
2024-11-25 19:12:41,092 INFO     ___FILE_ONLY___ ═
2024-11-25 19:12:41,104 INFO     ___FILE_ONLY___ ═
2024-11-25 19:12:41,116 INFO     ___FILE_ONLY___ ═
2024-11-25 19:12:41,129 INFO     ___FILE_ONLY___ ═
2024-11-25 19:12:41,142 INFO     ___FILE_ONLY___ ═
2024-11-25 19:12:41,183 INFO     ___FILE_ONLY___ ═
2024-11-25 19:12:41,200 INFO     ___FILE_ONLY___ ═
2024-11-25 19:12:41,213 INFO     ___FILE_ONLY___ ═
2024-11-25 19:12:41,227 INFO     ___FILE_ONLY___ ═
2024-11-25 19:12:41,239 INFO     ___FILE_ONLY___ ═
2024-11-25 19:12:41,250 INFO     ___FILE_ONLY___ ═
2024-11-25 19:12:41,262 INFO     ___FILE_ONLY___ ═
2024-11-25 19:12:41,275 INFO     ___FILE_ONLY___ ═
2024-11-25 19:12:41,296 INFO     ___FILE_ONLY___ ═
2024-11-25 19:12:41,309 INFO     ___FILE_ONLY___ ═
2024-11-25 19:12:41,321 INFO     ___FILE_ONLY___ ═
2024-11-25 19:12:41,331 INFO     ___FILE_ONLY___ ═
2024-11-25 19:12:41,348 INFO     ___FILE_ONLY___ ═
2024-11-25 19:12:41,362 INFO     ___FILE_ONLY___ ═
2024-11-25 19:12:41,377 INFO     ___FILE_ONLY___ ═
2024-11-25 19:12:41,396 INFO     ___FILE_ONLY___ ═
2024-11-25 19:12:41,409 INFO     ___FILE_ONLY___ ═
2024-11-25 19:12:41,423 INFO     ___FILE_ONLY___ ═
2024-11-25 19:12:41,434 INFO     ___FILE_ONLY___ ═
2024-11-25 19:12:41,446 INFO     ___FILE_ONLY___ ═
2024-11-25 19:12:41,446 INFO     ___FILE_ONLY___ ╝

2024-11-25 19:12:41,524 INFO     ___FILE_ONLY___ ╔════════════════════════════════════════════════════════════╗

2024-11-25 19:12:41,524 INFO     ___FILE_ONLY___ ╠═ Installing: Cloud Storage Command Line Tool (Platform... ═╣

2024-11-25 19:12:41,524 INFO     ___FILE_ONLY___ ╚
2024-11-25 19:12:41,525 INFO     ___FILE_ONLY___ ════════════════════════════════════════════════════════════
2024-11-25 19:12:41,525 INFO     ___FILE_ONLY___ ╝

2024-11-25 19:12:41,534 INFO     ___FILE_ONLY___ ╔════════════════════════════════════════════════════════════╗

2024-11-25 19:12:41,534 INFO     ___FILE_ONLY___ ╠═ Installing: Default set of gcloud commands               ═╣

2024-11-25 19:12:41,534 INFO     ___FILE_ONLY___ ╚
2024-11-25 19:12:41,540 INFO     ___FILE_ONLY___ ════════════════════════════════════════════════════════════
2024-11-25 19:12:41,540 INFO     ___FILE_ONLY___ ╝

2024-11-25 19:12:41,542 INFO     ___FILE_ONLY___ ╔════════════════════════════════════════════════════════════╗

2024-11-25 19:12:41,542 INFO     ___FILE_ONLY___ ╠═ Installing: Google Cloud CLI Core Libraries (Platform... ═╣

2024-11-25 19:12:41,542 INFO     ___FILE_ONLY___ ╚
2024-11-25 19:12:41,544 INFO     ___FILE_ONLY___ ══════════════════════════════
2024-11-25 19:12:41,544 INFO     ___FILE_ONLY___ ══════════════════════════════
2024-11-25 19:12:41,544 INFO     ___FILE_ONLY___ ╝

2024-11-25 19:12:41,553 INFO     ___FILE_ONLY___ ╔════════════════════════════════════════════════════════════╗

2024-11-25 19:12:41,553 INFO     ___FILE_ONLY___ ╠═ Installing: Google Cloud CRC32C Hash Tool                ═╣

2024-11-25 19:12:41,553 INFO     ___FILE_ONLY___ ╚
2024-11-25 19:12:41,559 INFO     ___FILE_ONLY___ ════════════════════════════════════════════════════════════
2024-11-25 19:12:41,559 INFO     ___FILE_ONLY___ ╝

2024-11-25 19:12:41,562 INFO     ___FILE_ONLY___ ╔════════════════════════════════════════════════════════════╗

2024-11-25 19:12:41,562 INFO     ___FILE_ONLY___ ╠═ Installing: Google Cloud CRC32C Hash Tool (Platform S... ═╣

2024-11-25 19:12:41,562 INFO     ___FILE_ONLY___ ╚
2024-11-25 19:12:41,600 INFO     ___FILE_ONLY___ ══════════════════════════════
2024-11-25 19:12:41,600 INFO     ___FILE_ONLY___ ══════════════════════════════
2024-11-25 19:12:41,600 INFO     ___FILE_ONLY___ ╝

2024-11-25 19:12:41,609 INFO     ___FILE_ONLY___ ╔════════════════════════════════════════════════════════════╗

2024-11-25 19:12:41,610 INFO     ___FILE_ONLY___ ╠═ Installing: gcloud cli dependencies (Platform Specific)  ═╣

2024-11-25 19:12:41,610 INFO     ___FILE_ONLY___ ╚
2024-11-25 19:12:41,610 INFO     ___FILE_ONLY___ ════════════════════════════════════════════════════════════
2024-11-25 19:12:41,610 INFO     ___FILE_ONLY___ ╝

2024-11-25 19:12:41,622 DEBUG    root            Updating notification cache...
2024-11-25 19:12:41,623 INFO     ___FILE_ONLY___ 

2024-11-25 19:12:41,625 INFO     ___FILE_ONLY___ Performing post processing steps...
2024-11-25 19:12:41,625 DEBUG    root            Executing command: ['/tools/google-cloud-sdk/bin/gcloud', 'components', 'post-process']
2024-11-25 19:12:54,324 DEBUG    ___FILE_ONLY___ 
2024-11-25 19:12:54,324 DEBUG    ___FILE_ONLY___ 
2024-11-25 19:12:54,421 INFO     ___FILE_ONLY___ 
Update done!


2024-11-25 19:12:54,425 DEBUG    root            Chosen display Format:none
2024-11-25 19:12:54,426 INFO     root            Display format: "none"
