2024-11-15 14:18:57,934 DEBUG    root            Loaded Command Group: ['gcloud', 'components']
2024-11-15 14:18:57,938 DEBUG    root            Loaded Command Group: ['gcloud', 'components', 'update']
2024-11-15 14:18:57,941 DEBUG    root            Running [gcloud.components.update] with arguments: [--compile-python: "True", --quiet: "True", COMPONENT-IDS:6: "['core', 'gcloud-deps', 'bq', 'gcloud', 'gcloud-crc32c', 'gsutil']"]
2024-11-15 14:18:57,942 INFO     ___FILE_ONLY___ Beginning update. This process may take several minutes.

2024-11-15 14:18:57,975 DEBUG    urllib3.connectionpool Starting new HTTPS connection (1): dl.google.com:443
2024-11-15 14:18:58,182 DEBUG    urllib3.connectionpool https://dl.google.com:443 "GET /dl/cloudsdk/channels/rapid/components-2.json HTTP/1.1" 200 226997
2024-11-15 14:18:58,200 INFO     ___FILE_ONLY___ 

2024-11-15 14:18:58,201 INFO     ___FILE_ONLY___ 
Your current Google Cloud CLI version is: 501.0.0

2024-11-15 14:18:58,201 INFO     ___FILE_ONLY___ Installing components from version: 501.0.0

2024-11-15 14:18:58,201 INFO     ___FILE_ONLY___ 

2024-11-15 14:18:58,201 DEBUG    root            Chosen display Format:table[box,title="These components will be removed."](details.display_name:label=Name:align=left,version.version_string:label=Version:align=right,data.size.size(zero="",min=1048576):label=Size:align=right)
2024-11-15 14:18:58,202 DEBUG    root            Chosen display Format:table[box,title="These components will be updated."](details.display_name:label=Name:align=left,version.version_string:label=Version:align=right,data.size.size(zero="",min=1048576):label=Size:align=right)
2024-11-15 14:18:58,203 DEBUG    root            Chosen display Format:table[box,title="These components will be installed."](details.display_name:label=Name:align=left,version.version_string:label=Version:align=right,data.size.size(zero="",min=1048576):label=Size:align=right)
2024-11-15 14:18:58,245 INFO     ___FILE_ONLY___ ┌─────────────────────────────────────────────────────────────────────────────┐
2024-11-15 14:18:58,245 INFO     ___FILE_ONLY___ 

2024-11-15 14:18:58,245 INFO     ___FILE_ONLY___ │                     These components will be installed.                     │
2024-11-15 14:18:58,245 INFO     ___FILE_ONLY___ 

2024-11-15 14:18:58,246 INFO     ___FILE_ONLY___ ├─────────────────────────────────────────────────────┬────────────┬──────────┤
2024-11-15 14:18:58,246 INFO     ___FILE_ONLY___ 

2024-11-15 14:18:58,246 INFO     ___FILE_ONLY___ │                         Name                        │  Version   │   Size   │
2024-11-15 14:18:58,246 INFO     ___FILE_ONLY___ 

2024-11-15 14:18:58,246 INFO     ___FILE_ONLY___ ├─────────────────────────────────────────────────────┼────────────┼──────────┤
2024-11-15 14:18:58,246 INFO     ___FILE_ONLY___ 

2024-11-15 14:18:58,246 INFO     ___FILE_ONLY___ │ 
2024-11-15 14:18:58,246 INFO     ___FILE_ONLY___ BigQuery Command Line Tool                         
2024-11-15 14:18:58,246 INFO     ___FILE_ONLY___  
2024-11-15 14:18:58,246 INFO     ___FILE_ONLY___ │ 
2024-11-15 14:18:58,247 INFO     ___FILE_ONLY___      2.1.9
2024-11-15 14:18:58,247 INFO     ___FILE_ONLY___  
2024-11-15 14:18:58,247 INFO     ___FILE_ONLY___ │ 
2024-11-15 14:18:58,247 INFO     ___FILE_ONLY___  1.7 MiB
2024-11-15 14:18:58,247 INFO     ___FILE_ONLY___  
2024-11-15 14:18:58,247 INFO     ___FILE_ONLY___ │
2024-11-15 14:18:58,247 INFO     ___FILE_ONLY___ 

2024-11-15 14:18:58,247 INFO     ___FILE_ONLY___ │ 
2024-11-15 14:18:58,247 INFO     ___FILE_ONLY___ BigQuery Command Line Tool (Platform Specific)     
2024-11-15 14:18:58,247 INFO     ___FILE_ONLY___  
2024-11-15 14:18:58,248 INFO     ___FILE_ONLY___ │ 
2024-11-15 14:18:58,248 INFO     ___FILE_ONLY___      2.1.8
2024-11-15 14:18:58,248 INFO     ___FILE_ONLY___  
2024-11-15 14:18:58,248 INFO     ___FILE_ONLY___ │ 
2024-11-15 14:18:58,248 INFO     ___FILE_ONLY___  < 1 MiB
2024-11-15 14:18:58,248 INFO     ___FILE_ONLY___  
2024-11-15 14:18:58,248 INFO     ___FILE_ONLY___ │
2024-11-15 14:18:58,248 INFO     ___FILE_ONLY___ 

2024-11-15 14:18:58,248 INFO     ___FILE_ONLY___ │ 
2024-11-15 14:18:58,248 INFO     ___FILE_ONLY___ Bundled Python 3.11 (Platform Specific)            
2024-11-15 14:18:58,248 INFO     ___FILE_ONLY___  
2024-11-15 14:18:58,249 INFO     ___FILE_ONLY___ │ 
2024-11-15 14:18:58,249 INFO     ___FILE_ONLY___     3.11.9
2024-11-15 14:18:58,249 INFO     ___FILE_ONLY___  
2024-11-15 14:18:58,249 INFO     ___FILE_ONLY___ │ 
2024-11-15 14:18:58,249 INFO     ___FILE_ONLY___ 74.4 MiB
2024-11-15 14:18:58,249 INFO     ___FILE_ONLY___  
2024-11-15 14:18:58,249 INFO     ___FILE_ONLY___ │
2024-11-15 14:18:58,249 INFO     ___FILE_ONLY___ 

2024-11-15 14:18:58,250 INFO     ___FILE_ONLY___ │ 
2024-11-15 14:18:58,250 INFO     ___FILE_ONLY___ Cloud Storage Command Line Tool                    
2024-11-15 14:18:58,250 INFO     ___FILE_ONLY___  
2024-11-15 14:18:58,250 INFO     ___FILE_ONLY___ │ 
2024-11-15 14:18:58,250 INFO     ___FILE_ONLY___       5.31
2024-11-15 14:18:58,250 INFO     ___FILE_ONLY___  
2024-11-15 14:18:58,250 INFO     ___FILE_ONLY___ │ 
2024-11-15 14:18:58,251 INFO     ___FILE_ONLY___ 11.3 MiB
2024-11-15 14:18:58,251 INFO     ___FILE_ONLY___  
2024-11-15 14:18:58,251 INFO     ___FILE_ONLY___ │
2024-11-15 14:18:58,251 INFO     ___FILE_ONLY___ 

2024-11-15 14:18:58,251 INFO     ___FILE_ONLY___ │ 
2024-11-15 14:18:58,251 INFO     ___FILE_ONLY___ Cloud Storage Command Line Tool (Platform Specific)
2024-11-15 14:18:58,251 INFO     ___FILE_ONLY___  
2024-11-15 14:18:58,251 INFO     ___FILE_ONLY___ │ 
2024-11-15 14:18:58,251 INFO     ___FILE_ONLY___       5.30
2024-11-15 14:18:58,251 INFO     ___FILE_ONLY___  
2024-11-15 14:18:58,251 INFO     ___FILE_ONLY___ │ 
2024-11-15 14:18:58,252 INFO     ___FILE_ONLY___  < 1 MiB
2024-11-15 14:18:58,252 INFO     ___FILE_ONLY___  
2024-11-15 14:18:58,252 INFO     ___FILE_ONLY___ │
2024-11-15 14:18:58,252 INFO     ___FILE_ONLY___ 

2024-11-15 14:18:58,252 INFO     ___FILE_ONLY___ │ 
2024-11-15 14:18:58,252 INFO     ___FILE_ONLY___ Google Cloud CLI Core Libraries (Platform Specific)
2024-11-15 14:18:58,252 INFO     ___FILE_ONLY___  
2024-11-15 14:18:58,252 INFO     ___FILE_ONLY___ │ 
2024-11-15 14:18:58,252 INFO     ___FILE_ONLY___ 2024.08.30
2024-11-15 14:18:58,252 INFO     ___FILE_ONLY___  
2024-11-15 14:18:58,252 INFO     ___FILE_ONLY___ │ 
2024-11-15 14:18:58,253 INFO     ___FILE_ONLY___  < 1 MiB
2024-11-15 14:18:58,253 INFO     ___FILE_ONLY___  
2024-11-15 14:18:58,253 INFO     ___FILE_ONLY___ │
2024-11-15 14:18:58,253 INFO     ___FILE_ONLY___ 

2024-11-15 14:18:58,253 INFO     ___FILE_ONLY___ │ 
2024-11-15 14:18:58,253 INFO     ___FILE_ONLY___ Google Cloud CRC32C Hash Tool (Platform Specific)  
2024-11-15 14:18:58,253 INFO     ___FILE_ONLY___  
2024-11-15 14:18:58,253 INFO     ___FILE_ONLY___ │ 
2024-11-15 14:18:58,253 INFO     ___FILE_ONLY___      1.0.0
2024-11-15 14:18:58,253 INFO     ___FILE_ONLY___  
2024-11-15 14:18:58,253 INFO     ___FILE_ONLY___ │ 
2024-11-15 14:18:58,253 INFO     ___FILE_ONLY___  1.3 MiB
2024-11-15 14:18:58,254 INFO     ___FILE_ONLY___  
2024-11-15 14:18:58,254 INFO     ___FILE_ONLY___ │
2024-11-15 14:18:58,254 INFO     ___FILE_ONLY___ 

2024-11-15 14:18:58,254 INFO     ___FILE_ONLY___ │ 
2024-11-15 14:18:58,254 INFO     ___FILE_ONLY___ gcloud cli dependencies (Platform Specific)        
2024-11-15 14:18:58,254 INFO     ___FILE_ONLY___  
2024-11-15 14:18:58,254 INFO     ___FILE_ONLY___ │ 
2024-11-15 14:18:58,254 INFO     ___FILE_ONLY___ 2021.04.16
2024-11-15 14:18:58,254 INFO     ___FILE_ONLY___  
2024-11-15 14:18:58,254 INFO     ___FILE_ONLY___ │ 
2024-11-15 14:18:58,255 INFO     ___FILE_ONLY___  < 1 MiB
2024-11-15 14:18:58,255 INFO     ___FILE_ONLY___  
2024-11-15 14:18:58,255 INFO     ___FILE_ONLY___ │
2024-11-15 14:18:58,255 INFO     ___FILE_ONLY___ 

2024-11-15 14:18:58,255 INFO     ___FILE_ONLY___ └─────────────────────────────────────────────────────┴────────────┴──────────┘
2024-11-15 14:18:58,255 INFO     ___FILE_ONLY___ 

2024-11-15 14:18:58,255 INFO     ___FILE_ONLY___ 

2024-11-15 14:18:58,259 DEBUG    urllib3.connectionpool Starting new HTTPS connection (1): dl.google.com:443
2024-11-15 14:18:58,435 DEBUG    urllib3.connectionpool https://dl.google.com:443 "GET /dl/cloudsdk/channels/rapid/RELEASE_NOTES HTTP/1.1" 200 1311270
2024-11-15 14:18:58,474 INFO     ___FILE_ONLY___ For the latest full release notes, please visit:
  https://cloud.google.com/sdk/release_notes


2024-11-15 14:18:58,474 INFO     ___FILE_ONLY___ Performing in place update...


2024-11-15 14:18:58,476 INFO     ___FILE_ONLY___ ╔════════════════════════════════════════════════════════════╗

2024-11-15 14:18:58,477 INFO     ___FILE_ONLY___ ╠═ Downloading: BigQuery Command Line Tool                  ═╣

2024-11-15 14:18:58,477 INFO     ___FILE_ONLY___ ╚
2024-11-15 14:18:58,481 DEBUG    urllib3.connectionpool Starting new HTTPS connection (1): dl.google.com:443
2024-11-15 14:18:58,566 DEBUG    urllib3.connectionpool https://dl.google.com:443 "GET /dl/cloudsdk/channels/rapid/components/google-cloud-sdk-bq-20241011151610.tar.gz HTTP/1.1" 200 1831026
2024-11-15 14:18:58,578 INFO     ___FILE_ONLY___ ═
2024-11-15 14:18:58,579 INFO     ___FILE_ONLY___ ═
2024-11-15 14:18:58,579 INFO     ___FILE_ONLY___ ═
2024-11-15 14:18:58,579 INFO     ___FILE_ONLY___ ═
2024-11-15 14:18:58,579 INFO     ___FILE_ONLY___ ═
2024-11-15 14:18:58,579 INFO     ___FILE_ONLY___ ═
2024-11-15 14:18:58,579 INFO     ___FILE_ONLY___ ═
2024-11-15 14:18:58,580 INFO     ___FILE_ONLY___ ═
2024-11-15 14:18:58,580 INFO     ___FILE_ONLY___ ═
2024-11-15 14:18:58,580 INFO     ___FILE_ONLY___ ═
2024-11-15 14:18:58,580 INFO     ___FILE_ONLY___ ═
2024-11-15 14:18:58,580 INFO     ___FILE_ONLY___ ═
2024-11-15 14:18:58,580 INFO     ___FILE_ONLY___ ═
2024-11-15 14:18:58,581 INFO     ___FILE_ONLY___ ═
2024-11-15 14:18:58,581 INFO     ___FILE_ONLY___ ═
2024-11-15 14:18:58,581 INFO     ___FILE_ONLY___ ═
2024-11-15 14:18:58,581 INFO     ___FILE_ONLY___ ═
2024-11-15 14:18:58,581 INFO     ___FILE_ONLY___ ═
2024-11-15 14:18:58,581 INFO     ___FILE_ONLY___ ═
2024-11-15 14:18:58,581 INFO     ___FILE_ONLY___ ═
2024-11-15 14:18:58,582 INFO     ___FILE_ONLY___ ═
2024-11-15 14:18:58,582 INFO     ___FILE_ONLY___ ═
2024-11-15 14:18:58,582 INFO     ___FILE_ONLY___ ═
2024-11-15 14:18:58,582 INFO     ___FILE_ONLY___ ═
2024-11-15 14:18:58,582 INFO     ___FILE_ONLY___ ═
2024-11-15 14:18:58,582 INFO     ___FILE_ONLY___ ═
2024-11-15 14:18:58,583 INFO     ___FILE_ONLY___ ═
2024-11-15 14:18:58,583 INFO     ___FILE_ONLY___ ═
2024-11-15 14:18:58,583 INFO     ___FILE_ONLY___ ═
2024-11-15 14:18:58,583 INFO     ___FILE_ONLY___ ═
2024-11-15 14:18:58,583 INFO     ___FILE_ONLY___ ═
2024-11-15 14:18:58,583 INFO     ___FILE_ONLY___ ═
2024-11-15 14:18:58,583 INFO     ___FILE_ONLY___ ═
2024-11-15 14:18:58,583 INFO     ___FILE_ONLY___ ═
2024-11-15 14:18:58,583 INFO     ___FILE_ONLY___ ═
2024-11-15 14:18:58,584 INFO     ___FILE_ONLY___ ═
2024-11-15 14:18:58,584 INFO     ___FILE_ONLY___ ═
2024-11-15 14:18:58,584 INFO     ___FILE_ONLY___ ═
2024-11-15 14:18:58,584 INFO     ___FILE_ONLY___ ═
2024-11-15 14:18:58,584 INFO     ___FILE_ONLY___ ═
2024-11-15 14:18:58,584 INFO     ___FILE_ONLY___ ═
2024-11-15 14:18:58,584 INFO     ___FILE_ONLY___ ═
2024-11-15 14:18:58,584 INFO     ___FILE_ONLY___ ═
2024-11-15 14:18:58,584 INFO     ___FILE_ONLY___ ═
2024-11-15 14:18:58,584 INFO     ___FILE_ONLY___ ═
2024-11-15 14:18:58,585 INFO     ___FILE_ONLY___ ═
2024-11-15 14:18:58,585 INFO     ___FILE_ONLY___ ═
2024-11-15 14:18:58,585 INFO     ___FILE_ONLY___ ═
2024-11-15 14:18:58,585 INFO     ___FILE_ONLY___ ═
2024-11-15 14:18:58,585 INFO     ___FILE_ONLY___ ═
2024-11-15 14:18:58,585 INFO     ___FILE_ONLY___ ═
2024-11-15 14:18:58,585 INFO     ___FILE_ONLY___ ═
2024-11-15 14:18:58,585 INFO     ___FILE_ONLY___ ═
2024-11-15 14:18:58,585 INFO     ___FILE_ONLY___ ═
2024-11-15 14:18:58,586 INFO     ___FILE_ONLY___ ═
2024-11-15 14:18:58,586 INFO     ___FILE_ONLY___ ═
2024-11-15 14:18:58,586 INFO     ___FILE_ONLY___ ═
2024-11-15 14:18:58,586 INFO     ___FILE_ONLY___ ═
2024-11-15 14:18:58,586 INFO     ___FILE_ONLY___ ═
2024-11-15 14:18:58,586 INFO     ___FILE_ONLY___ ═
2024-11-15 14:18:58,586 INFO     ___FILE_ONLY___ ╝

2024-11-15 14:18:58,588 INFO     ___FILE_ONLY___ ╔════════════════════════════════════════════════════════════╗

2024-11-15 14:18:58,588 INFO     ___FILE_ONLY___ ╠═ Downloading: BigQuery Command Line Tool (Platform Spe... ═╣

2024-11-15 14:18:58,589 INFO     ___FILE_ONLY___ ╚
2024-11-15 14:18:58,592 DEBUG    urllib3.connectionpool Starting new HTTPS connection (1): dl.google.com:443
2024-11-15 14:18:58,882 DEBUG    urllib3.connectionpool https://dl.google.com:443 "GET /dl/cloudsdk/channels/rapid/components/google-cloud-sdk-bq-nix-20240830134514.tar.gz HTTP/1.1" 200 1914
2024-11-15 14:18:58,883 INFO     ___FILE_ONLY___ ════════════════════════════════════════════════════════════
2024-11-15 14:18:58,883 INFO     ___FILE_ONLY___ ╝

2024-11-15 14:18:58,886 INFO     ___FILE_ONLY___ ╔════════════════════════════════════════════════════════════╗

2024-11-15 14:18:58,886 INFO     ___FILE_ONLY___ ╠═ Downloading: Bundled Python 3.11                         ═╣

2024-11-15 14:18:58,886 INFO     ___FILE_ONLY___ ╚
2024-11-15 14:18:58,886 INFO     ___FILE_ONLY___ ════════════════════════════════════════════════════════════
2024-11-15 14:18:58,886 INFO     ___FILE_ONLY___ ╝

2024-11-15 14:18:58,888 INFO     ___FILE_ONLY___ ╔════════════════════════════════════════════════════════════╗

2024-11-15 14:18:58,888 INFO     ___FILE_ONLY___ ╠═ Downloading: Bundled Python 3.11 (Platform Specific)     ═╣

2024-11-15 14:18:58,888 INFO     ___FILE_ONLY___ ╚
2024-11-15 14:18:58,892 DEBUG    urllib3.connectionpool Starting new HTTPS connection (1): dl.google.com:443
2024-11-15 14:18:58,974 DEBUG    urllib3.connectionpool https://dl.google.com:443 "GET /dl/cloudsdk/channels/rapid/components/google-cloud-sdk-bundled-python3-unix-linux-x86_64-20240920144119.tar.gz HTTP/1.1" 200 78001783
2024-11-15 14:18:59,244 INFO     ___FILE_ONLY___ ═
2024-11-15 14:18:59,246 INFO     ___FILE_ONLY___ ═
2024-11-15 14:18:59,248 INFO     ___FILE_ONLY___ ═
2024-11-15 14:18:59,249 INFO     ___FILE_ONLY___ ═
2024-11-15 14:18:59,251 INFO     ___FILE_ONLY___ ═
2024-11-15 14:18:59,252 INFO     ___FILE_ONLY___ ═
2024-11-15 14:18:59,254 INFO     ___FILE_ONLY___ ═
2024-11-15 14:18:59,255 INFO     ___FILE_ONLY___ ═
2024-11-15 14:18:59,257 INFO     ___FILE_ONLY___ ═
2024-11-15 14:18:59,259 INFO     ___FILE_ONLY___ ═
2024-11-15 14:18:59,260 INFO     ___FILE_ONLY___ ═
2024-11-15 14:18:59,262 INFO     ___FILE_ONLY___ ═
2024-11-15 14:18:59,263 INFO     ___FILE_ONLY___ ═
2024-11-15 14:18:59,265 INFO     ___FILE_ONLY___ ═
2024-11-15 14:18:59,266 INFO     ___FILE_ONLY___ ═
2024-11-15 14:18:59,268 INFO     ___FILE_ONLY___ ═
2024-11-15 14:18:59,269 INFO     ___FILE_ONLY___ ═
2024-11-15 14:18:59,271 INFO     ___FILE_ONLY___ ═
2024-11-15 14:18:59,272 INFO     ___FILE_ONLY___ ═
2024-11-15 14:18:59,274 INFO     ___FILE_ONLY___ ═
2024-11-15 14:18:59,275 INFO     ___FILE_ONLY___ ═
2024-11-15 14:18:59,277 INFO     ___FILE_ONLY___ ═
2024-11-15 14:18:59,278 INFO     ___FILE_ONLY___ ═
2024-11-15 14:18:59,280 INFO     ___FILE_ONLY___ ═
2024-11-15 14:18:59,282 INFO     ___FILE_ONLY___ ═
2024-11-15 14:18:59,283 INFO     ___FILE_ONLY___ ═
2024-11-15 14:18:59,285 INFO     ___FILE_ONLY___ ═
2024-11-15 14:18:59,286 INFO     ___FILE_ONLY___ ═
2024-11-15 14:18:59,288 INFO     ___FILE_ONLY___ ═
2024-11-15 14:18:59,289 INFO     ___FILE_ONLY___ ═
2024-11-15 14:18:59,291 INFO     ___FILE_ONLY___ ═
2024-11-15 14:18:59,292 INFO     ___FILE_ONLY___ ═
2024-11-15 14:18:59,294 INFO     ___FILE_ONLY___ ═
2024-11-15 14:18:59,296 INFO     ___FILE_ONLY___ ═
2024-11-15 14:18:59,297 INFO     ___FILE_ONLY___ ═
2024-11-15 14:18:59,299 INFO     ___FILE_ONLY___ ═
2024-11-15 14:18:59,300 INFO     ___FILE_ONLY___ ═
2024-11-15 14:18:59,302 INFO     ___FILE_ONLY___ ═
2024-11-15 14:18:59,303 INFO     ___FILE_ONLY___ ═
2024-11-15 14:18:59,305 INFO     ___FILE_ONLY___ ═
2024-11-15 14:18:59,306 INFO     ___FILE_ONLY___ ═
2024-11-15 14:18:59,308 INFO     ___FILE_ONLY___ ═
2024-11-15 14:18:59,309 INFO     ___FILE_ONLY___ ═
2024-11-15 14:18:59,311 INFO     ___FILE_ONLY___ ═
2024-11-15 14:18:59,313 INFO     ___FILE_ONLY___ ═
2024-11-15 14:18:59,314 INFO     ___FILE_ONLY___ ═
2024-11-15 14:18:59,316 INFO     ___FILE_ONLY___ ═
2024-11-15 14:18:59,317 INFO     ___FILE_ONLY___ ═
2024-11-15 14:18:59,319 INFO     ___FILE_ONLY___ ═
2024-11-15 14:18:59,321 INFO     ___FILE_ONLY___ ═
2024-11-15 14:18:59,322 INFO     ___FILE_ONLY___ ═
2024-11-15 14:18:59,324 INFO     ___FILE_ONLY___ ═
2024-11-15 14:18:59,325 INFO     ___FILE_ONLY___ ═
2024-11-15 14:18:59,327 INFO     ___FILE_ONLY___ ═
2024-11-15 14:18:59,328 INFO     ___FILE_ONLY___ ═
2024-11-15 14:18:59,330 INFO     ___FILE_ONLY___ ═
2024-11-15 14:18:59,331 INFO     ___FILE_ONLY___ ═
2024-11-15 14:18:59,333 INFO     ___FILE_ONLY___ ═
2024-11-15 14:18:59,334 INFO     ___FILE_ONLY___ ═
2024-11-15 14:18:59,336 INFO     ___FILE_ONLY___ ═
2024-11-15 14:18:59,336 INFO     ___FILE_ONLY___ ╝

2024-11-15 14:18:59,339 INFO     ___FILE_ONLY___ ╔════════════════════════════════════════════════════════════╗

2024-11-15 14:18:59,339 INFO     ___FILE_ONLY___ ╠═ Downloading: Cloud Storage Command Line Tool             ═╣

2024-11-15 14:18:59,339 INFO     ___FILE_ONLY___ ╚
2024-11-15 14:18:59,349 DEBUG    urllib3.connectionpool Starting new HTTPS connection (1): dl.google.com:443
2024-11-15 14:18:59,525 DEBUG    urllib3.connectionpool https://dl.google.com:443 "GET /dl/cloudsdk/channels/rapid/components/google-cloud-sdk-gsutil-20241011151610.tar.gz HTTP/1.1" 200 11831021
2024-11-15 14:18:59,566 INFO     ___FILE_ONLY___ ═
2024-11-15 14:18:59,566 INFO     ___FILE_ONLY___ ═
2024-11-15 14:18:59,567 INFO     ___FILE_ONLY___ ═
2024-11-15 14:18:59,567 INFO     ___FILE_ONLY___ ═
2024-11-15 14:18:59,567 INFO     ___FILE_ONLY___ ═
2024-11-15 14:18:59,568 INFO     ___FILE_ONLY___ ═
2024-11-15 14:18:59,568 INFO     ___FILE_ONLY___ ═
2024-11-15 14:18:59,568 INFO     ___FILE_ONLY___ ═
2024-11-15 14:18:59,569 INFO     ___FILE_ONLY___ ═
2024-11-15 14:18:59,569 INFO     ___FILE_ONLY___ ═
2024-11-15 14:18:59,569 INFO     ___FILE_ONLY___ ═
2024-11-15 14:18:59,569 INFO     ___FILE_ONLY___ ═
2024-11-15 14:18:59,570 INFO     ___FILE_ONLY___ ═
2024-11-15 14:18:59,570 INFO     ___FILE_ONLY___ ═
2024-11-15 14:18:59,570 INFO     ___FILE_ONLY___ ═
2024-11-15 14:18:59,571 INFO     ___FILE_ONLY___ ═
2024-11-15 14:18:59,571 INFO     ___FILE_ONLY___ ═
2024-11-15 14:18:59,571 INFO     ___FILE_ONLY___ ═
2024-11-15 14:18:59,572 INFO     ___FILE_ONLY___ ═
2024-11-15 14:18:59,572 INFO     ___FILE_ONLY___ ═
2024-11-15 14:18:59,572 INFO     ___FILE_ONLY___ ═
2024-11-15 14:18:59,572 INFO     ___FILE_ONLY___ ═
2024-11-15 14:18:59,573 INFO     ___FILE_ONLY___ ═
2024-11-15 14:18:59,573 INFO     ___FILE_ONLY___ ═
2024-11-15 14:18:59,573 INFO     ___FILE_ONLY___ ═
2024-11-15 14:18:59,574 INFO     ___FILE_ONLY___ ═
2024-11-15 14:18:59,574 INFO     ___FILE_ONLY___ ═
2024-11-15 14:18:59,574 INFO     ___FILE_ONLY___ ═
2024-11-15 14:18:59,575 INFO     ___FILE_ONLY___ ═
2024-11-15 14:18:59,575 INFO     ___FILE_ONLY___ ═
2024-11-15 14:18:59,575 INFO     ___FILE_ONLY___ ═
2024-11-15 14:18:59,575 INFO     ___FILE_ONLY___ ═
2024-11-15 14:18:59,576 INFO     ___FILE_ONLY___ ═
2024-11-15 14:18:59,576 INFO     ___FILE_ONLY___ ═
2024-11-15 14:18:59,577 INFO     ___FILE_ONLY___ ═
2024-11-15 14:18:59,577 INFO     ___FILE_ONLY___ ═
2024-11-15 14:18:59,577 INFO     ___FILE_ONLY___ ═
2024-11-15 14:18:59,578 INFO     ___FILE_ONLY___ ═
2024-11-15 14:18:59,578 INFO     ___FILE_ONLY___ ═
2024-11-15 14:18:59,578 INFO     ___FILE_ONLY___ ═
2024-11-15 14:18:59,579 INFO     ___FILE_ONLY___ ═
2024-11-15 14:18:59,579 INFO     ___FILE_ONLY___ ═
2024-11-15 14:18:59,579 INFO     ___FILE_ONLY___ ═
2024-11-15 14:18:59,579 INFO     ___FILE_ONLY___ ═
2024-11-15 14:18:59,580 INFO     ___FILE_ONLY___ ═
2024-11-15 14:18:59,580 INFO     ___FILE_ONLY___ ═
2024-11-15 14:18:59,580 INFO     ___FILE_ONLY___ ═
2024-11-15 14:18:59,581 INFO     ___FILE_ONLY___ ═
2024-11-15 14:18:59,581 INFO     ___FILE_ONLY___ ═
2024-11-15 14:18:59,581 INFO     ___FILE_ONLY___ ═
2024-11-15 14:18:59,582 INFO     ___FILE_ONLY___ ═
2024-11-15 14:18:59,582 INFO     ___FILE_ONLY___ ═
2024-11-15 14:18:59,582 INFO     ___FILE_ONLY___ ═
2024-11-15 14:18:59,583 INFO     ___FILE_ONLY___ ═
2024-11-15 14:18:59,583 INFO     ___FILE_ONLY___ ═
2024-11-15 14:18:59,583 INFO     ___FILE_ONLY___ ═
2024-11-15 14:18:59,583 INFO     ___FILE_ONLY___ ═
2024-11-15 14:18:59,584 INFO     ___FILE_ONLY___ ═
2024-11-15 14:18:59,584 INFO     ___FILE_ONLY___ ═
2024-11-15 14:18:59,584 INFO     ___FILE_ONLY___ ═
2024-11-15 14:18:59,584 INFO     ___FILE_ONLY___ ╝

2024-11-15 14:18:59,587 INFO     ___FILE_ONLY___ ╔════════════════════════════════════════════════════════════╗

2024-11-15 14:18:59,587 INFO     ___FILE_ONLY___ ╠═ Downloading: Cloud Storage Command Line Tool (Platfor... ═╣

2024-11-15 14:18:59,587 INFO     ___FILE_ONLY___ ╚
2024-11-15 14:18:59,591 DEBUG    urllib3.connectionpool Starting new HTTPS connection (1): dl.google.com:443
2024-11-15 14:18:59,809 DEBUG    urllib3.connectionpool https://dl.google.com:443 "GET /dl/cloudsdk/channels/rapid/components/google-cloud-sdk-gsutil-nix-20240830134514.tar.gz HTTP/1.1" 200 1928
2024-11-15 14:18:59,810 INFO     ___FILE_ONLY___ ════════════════════════════════════════════════════════════
2024-11-15 14:18:59,810 INFO     ___FILE_ONLY___ ╝

2024-11-15 14:18:59,813 INFO     ___FILE_ONLY___ ╔════════════════════════════════════════════════════════════╗

2024-11-15 14:18:59,813 INFO     ___FILE_ONLY___ ╠═ Downloading: Default set of gcloud commands              ═╣

2024-11-15 14:18:59,813 INFO     ___FILE_ONLY___ ╚
2024-11-15 14:18:59,813 INFO     ___FILE_ONLY___ ════════════════════════════════════════════════════════════
2024-11-15 14:18:59,813 INFO     ___FILE_ONLY___ ╝

2024-11-15 14:18:59,815 INFO     ___FILE_ONLY___ ╔════════════════════════════════════════════════════════════╗

2024-11-15 14:18:59,815 INFO     ___FILE_ONLY___ ╠═ Downloading: Google Cloud CLI Core Libraries (Platfor... ═╣

2024-11-15 14:18:59,815 INFO     ___FILE_ONLY___ ╚
2024-11-15 14:18:59,819 DEBUG    urllib3.connectionpool Starting new HTTPS connection (1): dl.google.com:443
2024-11-15 14:18:59,902 DEBUG    urllib3.connectionpool https://dl.google.com:443 "GET /dl/cloudsdk/channels/rapid/components/google-cloud-sdk-core-nix-20240830134514.tar.gz HTTP/1.1" 200 2306
2024-11-15 14:18:59,903 INFO     ___FILE_ONLY___ ════════════════════════════════════════════════════════════
2024-11-15 14:18:59,903 INFO     ___FILE_ONLY___ ╝

2024-11-15 14:18:59,905 INFO     ___FILE_ONLY___ ╔════════════════════════════════════════════════════════════╗

2024-11-15 14:18:59,905 INFO     ___FILE_ONLY___ ╠═ Downloading: Google Cloud CRC32C Hash Tool               ═╣

2024-11-15 14:18:59,905 INFO     ___FILE_ONLY___ ╚
2024-11-15 14:18:59,905 INFO     ___FILE_ONLY___ ════════════════════════════════════════════════════════════
2024-11-15 14:18:59,905 INFO     ___FILE_ONLY___ ╝

2024-11-15 14:18:59,907 INFO     ___FILE_ONLY___ ╔════════════════════════════════════════════════════════════╗

2024-11-15 14:18:59,908 INFO     ___FILE_ONLY___ ╠═ Downloading: Google Cloud CRC32C Hash Tool (Platform ... ═╣

2024-11-15 14:18:59,908 INFO     ___FILE_ONLY___ ╚
2024-11-15 14:18:59,911 DEBUG    urllib3.connectionpool Starting new HTTPS connection (1): dl.google.com:443
2024-11-15 14:18:59,993 DEBUG    urllib3.connectionpool https://dl.google.com:443 "GET /dl/cloudsdk/channels/rapid/components/google-cloud-sdk-gcloud-crc32c-linux-x86_64-20240712142834.tar.gz HTTP/1.1" 200 1350263
2024-11-15 14:19:00,005 INFO     ___FILE_ONLY___ ═
2024-11-15 14:19:00,005 INFO     ___FILE_ONLY___ ═
2024-11-15 14:19:00,005 INFO     ___FILE_ONLY___ ═
2024-11-15 14:19:00,005 INFO     ___FILE_ONLY___ ═
2024-11-15 14:19:00,005 INFO     ___FILE_ONLY___ ═
2024-11-15 14:19:00,005 INFO     ___FILE_ONLY___ ═
2024-11-15 14:19:00,005 INFO     ___FILE_ONLY___ ═
2024-11-15 14:19:00,005 INFO     ___FILE_ONLY___ ═
2024-11-15 14:19:00,006 INFO     ___FILE_ONLY___ ═
2024-11-15 14:19:00,006 INFO     ___FILE_ONLY___ ═
2024-11-15 14:19:00,006 INFO     ___FILE_ONLY___ ═
2024-11-15 14:19:00,006 INFO     ___FILE_ONLY___ ═
2024-11-15 14:19:00,006 INFO     ___FILE_ONLY___ ═
2024-11-15 14:19:00,006 INFO     ___FILE_ONLY___ ═
2024-11-15 14:19:00,006 INFO     ___FILE_ONLY___ ═
2024-11-15 14:19:00,006 INFO     ___FILE_ONLY___ ═
2024-11-15 14:19:00,006 INFO     ___FILE_ONLY___ ═
2024-11-15 14:19:00,006 INFO     ___FILE_ONLY___ ═
2024-11-15 14:19:00,006 INFO     ___FILE_ONLY___ ═
2024-11-15 14:19:00,007 INFO     ___FILE_ONLY___ ═
2024-11-15 14:19:00,007 INFO     ___FILE_ONLY___ ═
2024-11-15 14:19:00,007 INFO     ___FILE_ONLY___ ═
2024-11-15 14:19:00,007 INFO     ___FILE_ONLY___ ═
2024-11-15 14:19:00,007 INFO     ___FILE_ONLY___ ═
2024-11-15 14:19:00,007 INFO     ___FILE_ONLY___ ═
2024-11-15 14:19:00,007 INFO     ___FILE_ONLY___ ═
2024-11-15 14:19:00,007 INFO     ___FILE_ONLY___ ═
2024-11-15 14:19:00,007 INFO     ___FILE_ONLY___ ═
2024-11-15 14:19:00,007 INFO     ___FILE_ONLY___ ═
2024-11-15 14:19:00,008 INFO     ___FILE_ONLY___ ═
2024-11-15 14:19:00,008 INFO     ___FILE_ONLY___ ═
2024-11-15 14:19:00,008 INFO     ___FILE_ONLY___ ═
2024-11-15 14:19:00,008 INFO     ___FILE_ONLY___ ═
2024-11-15 14:19:00,008 INFO     ___FILE_ONLY___ ═
2024-11-15 14:19:00,008 INFO     ___FILE_ONLY___ ═
2024-11-15 14:19:00,008 INFO     ___FILE_ONLY___ ═
2024-11-15 14:19:00,008 INFO     ___FILE_ONLY___ ═
2024-11-15 14:19:00,008 INFO     ___FILE_ONLY___ ═
2024-11-15 14:19:00,008 INFO     ___FILE_ONLY___ ═
2024-11-15 14:19:00,008 INFO     ___FILE_ONLY___ ═
2024-11-15 14:19:00,009 INFO     ___FILE_ONLY___ ═
2024-11-15 14:19:00,009 INFO     ___FILE_ONLY___ ═
2024-11-15 14:19:00,009 INFO     ___FILE_ONLY___ ═
2024-11-15 14:19:00,009 INFO     ___FILE_ONLY___ ═
2024-11-15 14:19:00,009 INFO     ___FILE_ONLY___ ═
2024-11-15 14:19:00,009 INFO     ___FILE_ONLY___ ═
2024-11-15 14:19:00,009 INFO     ___FILE_ONLY___ ═
2024-11-15 14:19:00,009 INFO     ___FILE_ONLY___ ═
2024-11-15 14:19:00,009 INFO     ___FILE_ONLY___ ═
2024-11-15 14:19:00,009 INFO     ___FILE_ONLY___ ═
2024-11-15 14:19:00,009 INFO     ___FILE_ONLY___ ═
2024-11-15 14:19:00,010 INFO     ___FILE_ONLY___ ═
2024-11-15 14:19:00,010 INFO     ___FILE_ONLY___ ═
2024-11-15 14:19:00,010 INFO     ___FILE_ONLY___ ═
2024-11-15 14:19:00,010 INFO     ___FILE_ONLY___ ═
2024-11-15 14:19:00,010 INFO     ___FILE_ONLY___ ═
2024-11-15 14:19:00,010 INFO     ___FILE_ONLY___ ═
2024-11-15 14:19:00,010 INFO     ___FILE_ONLY___ ═
2024-11-15 14:19:00,010 INFO     ___FILE_ONLY___ ═
2024-11-15 14:19:00,010 INFO     ___FILE_ONLY___ ═
2024-11-15 14:19:00,010 INFO     ___FILE_ONLY___ ╝

2024-11-15 14:19:00,013 INFO     ___FILE_ONLY___ ╔════════════════════════════════════════════════════════════╗

2024-11-15 14:19:00,013 INFO     ___FILE_ONLY___ ╠═ Downloading: gcloud cli dependencies (Platform Specific) ═╣

2024-11-15 14:19:00,013 INFO     ___FILE_ONLY___ ╚
2024-11-15 14:19:00,016 DEBUG    urllib3.connectionpool Starting new HTTPS connection (1): dl.google.com:443
2024-11-15 14:19:00,192 DEBUG    urllib3.connectionpool https://dl.google.com:443 "GET /dl/cloudsdk/channels/rapid/components/google-cloud-sdk-gcloud-deps-linux-x86_64-20210416153011.tar.gz HTTP/1.1" 200 104
2024-11-15 14:19:00,192 INFO     ___FILE_ONLY___ ════════════════════════════════════════════════════════════
2024-11-15 14:19:00,193 INFO     ___FILE_ONLY___ ╝

2024-11-15 14:19:00,195 INFO     ___FILE_ONLY___ ╔════════════════════════════════════════════════════════════╗

2024-11-15 14:19:00,195 INFO     ___FILE_ONLY___ ╠═ Installing: BigQuery Command Line Tool                   ═╣

2024-11-15 14:19:00,195 INFO     ___FILE_ONLY___ ╚
2024-11-15 14:19:00,317 INFO     ___FILE_ONLY___ ═
2024-11-15 14:19:00,320 INFO     ___FILE_ONLY___ ═
2024-11-15 14:19:00,323 INFO     ___FILE_ONLY___ ═
2024-11-15 14:19:00,326 INFO     ___FILE_ONLY___ ═
2024-11-15 14:19:00,328 INFO     ___FILE_ONLY___ ═
2024-11-15 14:19:00,331 INFO     ___FILE_ONLY___ ═
2024-11-15 14:19:00,334 INFO     ___FILE_ONLY___ ═
2024-11-15 14:19:00,336 INFO     ___FILE_ONLY___ ═
2024-11-15 14:19:00,339 INFO     ___FILE_ONLY___ ═
2024-11-15 14:19:00,341 INFO     ___FILE_ONLY___ ═
2024-11-15 14:19:00,344 INFO     ___FILE_ONLY___ ═
2024-11-15 14:19:00,346 INFO     ___FILE_ONLY___ ═
2024-11-15 14:19:00,348 INFO     ___FILE_ONLY___ ═
2024-11-15 14:19:00,351 INFO     ___FILE_ONLY___ ═
2024-11-15 14:19:00,353 INFO     ___FILE_ONLY___ ═
2024-11-15 14:19:00,356 INFO     ___FILE_ONLY___ ═
2024-11-15 14:19:00,358 INFO     ___FILE_ONLY___ ═
2024-11-15 14:19:00,362 INFO     ___FILE_ONLY___ ═
2024-11-15 14:19:00,364 INFO     ___FILE_ONLY___ ═
2024-11-15 14:19:00,367 INFO     ___FILE_ONLY___ ═
2024-11-15 14:19:00,369 INFO     ___FILE_ONLY___ ═
2024-11-15 14:19:00,372 INFO     ___FILE_ONLY___ ═
2024-11-15 14:19:00,374 INFO     ___FILE_ONLY___ ═
2024-11-15 14:19:00,376 INFO     ___FILE_ONLY___ ═
2024-11-15 14:19:00,379 INFO     ___FILE_ONLY___ ═
2024-11-15 14:19:00,381 INFO     ___FILE_ONLY___ ═
2024-11-15 14:19:00,383 INFO     ___FILE_ONLY___ ═
2024-11-15 14:19:00,386 INFO     ___FILE_ONLY___ ═
2024-11-15 14:19:00,390 INFO     ___FILE_ONLY___ ═
2024-11-15 14:19:00,392 INFO     ___FILE_ONLY___ ═
2024-11-15 14:19:00,394 INFO     ___FILE_ONLY___ ═
2024-11-15 14:19:00,397 INFO     ___FILE_ONLY___ ═
2024-11-15 14:19:00,400 INFO     ___FILE_ONLY___ ═
2024-11-15 14:19:00,404 INFO     ___FILE_ONLY___ ═
2024-11-15 14:19:00,412 INFO     ___FILE_ONLY___ ═
2024-11-15 14:19:00,414 INFO     ___FILE_ONLY___ ═
2024-11-15 14:19:00,417 INFO     ___FILE_ONLY___ ═
2024-11-15 14:19:00,422 INFO     ___FILE_ONLY___ ═
2024-11-15 14:19:00,424 INFO     ___FILE_ONLY___ ═
2024-11-15 14:19:00,427 INFO     ___FILE_ONLY___ ═
2024-11-15 14:19:00,429 INFO     ___FILE_ONLY___ ═
2024-11-15 14:19:00,431 INFO     ___FILE_ONLY___ ═
2024-11-15 14:19:00,436 INFO     ___FILE_ONLY___ ═
2024-11-15 14:19:00,439 INFO     ___FILE_ONLY___ ═
2024-11-15 14:19:00,441 INFO     ___FILE_ONLY___ ═
2024-11-15 14:19:00,443 INFO     ___FILE_ONLY___ ═
2024-11-15 14:19:00,446 INFO     ___FILE_ONLY___ ═
2024-11-15 14:19:00,448 INFO     ___FILE_ONLY___ ═
2024-11-15 14:19:00,451 INFO     ___FILE_ONLY___ ═
2024-11-15 14:19:00,453 INFO     ___FILE_ONLY___ ═
2024-11-15 14:19:00,455 INFO     ___FILE_ONLY___ ═
2024-11-15 14:19:00,457 INFO     ___FILE_ONLY___ ═
2024-11-15 14:19:00,459 INFO     ___FILE_ONLY___ ═
2024-11-15 14:19:00,462 INFO     ___FILE_ONLY___ ═
2024-11-15 14:19:00,465 INFO     ___FILE_ONLY___ ═
2024-11-15 14:19:00,466 INFO     ___FILE_ONLY___ ═
2024-11-15 14:19:00,468 INFO     ___FILE_ONLY___ ═
2024-11-15 14:19:00,471 INFO     ___FILE_ONLY___ ═
2024-11-15 14:19:00,473 INFO     ___FILE_ONLY___ ═
2024-11-15 14:19:00,475 INFO     ___FILE_ONLY___ ═
2024-11-15 14:19:00,476 INFO     ___FILE_ONLY___ ╝

2024-11-15 14:19:00,491 INFO     ___FILE_ONLY___ ╔════════════════════════════════════════════════════════════╗

2024-11-15 14:19:00,491 INFO     ___FILE_ONLY___ ╠═ Installing: BigQuery Command Line Tool (Platform Spec... ═╣

2024-11-15 14:19:00,491 INFO     ___FILE_ONLY___ ╚
2024-11-15 14:19:00,492 INFO     ___FILE_ONLY___ ════════════════════════════════════════════════════════════
2024-11-15 14:19:00,492 INFO     ___FILE_ONLY___ ╝

2024-11-15 14:19:00,499 INFO     ___FILE_ONLY___ ╔════════════════════════════════════════════════════════════╗

2024-11-15 14:19:00,499 INFO     ___FILE_ONLY___ ╠═ Installing: Bundled Python 3.11                          ═╣

2024-11-15 14:19:00,500 INFO     ___FILE_ONLY___ ╚
2024-11-15 14:19:00,504 INFO     ___FILE_ONLY___ ════════════════════════════════════════════════════════════
2024-11-15 14:19:00,504 INFO     ___FILE_ONLY___ ╝

2024-11-15 14:19:00,506 INFO     ___FILE_ONLY___ ╔════════════════════════════════════════════════════════════╗

2024-11-15 14:19:00,507 INFO     ___FILE_ONLY___ ╠═ Installing: Bundled Python 3.11 (Platform Specific)      ═╣

2024-11-15 14:19:00,507 INFO     ___FILE_ONLY___ ╚
2024-11-15 14:19:02,669 INFO     ___FILE_ONLY___ ═
2024-11-15 14:19:02,685 INFO     ___FILE_ONLY___ ═
2024-11-15 14:19:02,699 INFO     ___FILE_ONLY___ ═
2024-11-15 14:19:02,712 INFO     ___FILE_ONLY___ ═
2024-11-15 14:19:02,725 INFO     ___FILE_ONLY___ ═
2024-11-15 14:19:02,738 INFO     ___FILE_ONLY___ ═
2024-11-15 14:19:02,751 INFO     ___FILE_ONLY___ ═
2024-11-15 14:19:02,763 INFO     ___FILE_ONLY___ ═
2024-11-15 14:19:02,776 INFO     ___FILE_ONLY___ ═
2024-11-15 14:19:02,789 INFO     ___FILE_ONLY___ ═
2024-11-15 14:19:02,801 INFO     ___FILE_ONLY___ ═
2024-11-15 14:19:02,814 INFO     ___FILE_ONLY___ ═
2024-11-15 14:19:02,827 INFO     ___FILE_ONLY___ ═
2024-11-15 14:19:02,839 INFO     ___FILE_ONLY___ ═
2024-11-15 14:19:02,853 INFO     ___FILE_ONLY___ ═
2024-11-15 14:19:02,866 INFO     ___FILE_ONLY___ ═
2024-11-15 14:19:02,878 INFO     ___FILE_ONLY___ ═
2024-11-15 14:19:02,891 INFO     ___FILE_ONLY___ ═
2024-11-15 14:19:02,903 INFO     ___FILE_ONLY___ ═
2024-11-15 14:19:02,916 INFO     ___FILE_ONLY___ ═
2024-11-15 14:19:02,928 INFO     ___FILE_ONLY___ ═
2024-11-15 14:19:02,941 INFO     ___FILE_ONLY___ ═
2024-11-15 14:19:02,953 INFO     ___FILE_ONLY___ ═
2024-11-15 14:19:02,965 INFO     ___FILE_ONLY___ ═
2024-11-15 14:19:02,978 INFO     ___FILE_ONLY___ ═
2024-11-15 14:19:02,991 INFO     ___FILE_ONLY___ ═
2024-11-15 14:19:03,005 INFO     ___FILE_ONLY___ ═
2024-11-15 14:19:03,027 INFO     ___FILE_ONLY___ ═
2024-11-15 14:19:03,048 INFO     ___FILE_ONLY___ ═
2024-11-15 14:19:03,069 INFO     ___FILE_ONLY___ ═
2024-11-15 14:19:03,089 INFO     ___FILE_ONLY___ ═
2024-11-15 14:19:03,110 INFO     ___FILE_ONLY___ ═
2024-11-15 14:19:03,128 INFO     ___FILE_ONLY___ ═
2024-11-15 14:19:03,143 INFO     ___FILE_ONLY___ ═
2024-11-15 14:19:03,158 INFO     ___FILE_ONLY___ ═
2024-11-15 14:19:03,173 INFO     ___FILE_ONLY___ ═
2024-11-15 14:19:03,929 INFO     ___FILE_ONLY___ ═
2024-11-15 14:19:03,956 INFO     ___FILE_ONLY___ ═
2024-11-15 14:19:03,982 INFO     ___FILE_ONLY___ ═
2024-11-15 14:19:04,004 INFO     ___FILE_ONLY___ ═
2024-11-15 14:19:04,026 INFO     ___FILE_ONLY___ ═
2024-11-15 14:19:04,167 INFO     ___FILE_ONLY___ ═
2024-11-15 14:19:04,196 INFO     ___FILE_ONLY___ ═
2024-11-15 14:19:04,217 INFO     ___FILE_ONLY___ ═
2024-11-15 14:19:04,235 INFO     ___FILE_ONLY___ ═
2024-11-15 14:19:04,254 INFO     ___FILE_ONLY___ ═
2024-11-15 14:19:04,288 INFO     ___FILE_ONLY___ ═
2024-11-15 14:19:04,312 INFO     ___FILE_ONLY___ ═
2024-11-15 14:19:04,331 INFO     ___FILE_ONLY___ ═
2024-11-15 14:19:04,346 INFO     ___FILE_ONLY___ ═
2024-11-15 14:19:04,440 INFO     ___FILE_ONLY___ ═
2024-11-15 14:19:04,460 INFO     ___FILE_ONLY___ ═
2024-11-15 14:19:04,481 INFO     ___FILE_ONLY___ ═
2024-11-15 14:19:04,503 INFO     ___FILE_ONLY___ ═
2024-11-15 14:19:04,548 INFO     ___FILE_ONLY___ ═
2024-11-15 14:19:04,916 INFO     ___FILE_ONLY___ ═
2024-11-15 14:19:04,936 INFO     ___FILE_ONLY___ ═
2024-11-15 14:19:04,958 INFO     ___FILE_ONLY___ ═
2024-11-15 14:19:04,976 INFO     ___FILE_ONLY___ ═
2024-11-15 14:19:05,353 INFO     ___FILE_ONLY___ ═
2024-11-15 14:19:05,353 INFO     ___FILE_ONLY___ ╝

2024-11-15 14:19:05,434 INFO     ___FILE_ONLY___ ╔════════════════════════════════════════════════════════════╗

2024-11-15 14:19:05,434 INFO     ___FILE_ONLY___ ╠═ Installing: Cloud Storage Command Line Tool              ═╣

2024-11-15 14:19:05,434 INFO     ___FILE_ONLY___ ╚
2024-11-15 14:19:06,071 INFO     ___FILE_ONLY___ ═
2024-11-15 14:19:06,087 INFO     ___FILE_ONLY___ ═
2024-11-15 14:19:06,108 INFO     ___FILE_ONLY___ ═
2024-11-15 14:19:06,128 INFO     ___FILE_ONLY___ ═
2024-11-15 14:19:06,141 INFO     ___FILE_ONLY___ ═
2024-11-15 14:19:06,152 INFO     ___FILE_ONLY___ ═
2024-11-15 14:19:06,162 INFO     ___FILE_ONLY___ ═
2024-11-15 14:19:06,172 INFO     ___FILE_ONLY___ ═
2024-11-15 14:19:06,181 INFO     ___FILE_ONLY___ ═
2024-11-15 14:19:06,191 INFO     ___FILE_ONLY___ ═
2024-11-15 14:19:06,205 INFO     ___FILE_ONLY___ ═
2024-11-15 14:19:06,216 INFO     ___FILE_ONLY___ ═
2024-11-15 14:19:06,227 INFO     ___FILE_ONLY___ ═
2024-11-15 14:19:06,238 INFO     ___FILE_ONLY___ ═
2024-11-15 14:19:06,251 INFO     ___FILE_ONLY___ ═
2024-11-15 14:19:06,265 INFO     ___FILE_ONLY___ ═
2024-11-15 14:19:06,281 INFO     ___FILE_ONLY___ ═
2024-11-15 14:19:06,295 INFO     ___FILE_ONLY___ ═
2024-11-15 14:19:06,307 INFO     ___FILE_ONLY___ ═
2024-11-15 14:19:06,323 INFO     ___FILE_ONLY___ ═
2024-11-15 14:19:06,337 INFO     ___FILE_ONLY___ ═
2024-11-15 14:19:06,353 INFO     ___FILE_ONLY___ ═
2024-11-15 14:19:06,366 INFO     ___FILE_ONLY___ ═
2024-11-15 14:19:06,378 INFO     ___FILE_ONLY___ ═
2024-11-15 14:19:06,393 INFO     ___FILE_ONLY___ ═
2024-11-15 14:19:06,409 INFO     ___FILE_ONLY___ ═
2024-11-15 14:19:06,426 INFO     ___FILE_ONLY___ ═
2024-11-15 14:19:06,445 INFO     ___FILE_ONLY___ ═
2024-11-15 14:19:06,467 INFO     ___FILE_ONLY___ ═
2024-11-15 14:19:06,481 INFO     ___FILE_ONLY___ ═
2024-11-15 14:19:06,491 INFO     ___FILE_ONLY___ ═
2024-11-15 14:19:06,503 INFO     ___FILE_ONLY___ ═
2024-11-15 14:19:06,514 INFO     ___FILE_ONLY___ ═
2024-11-15 14:19:06,523 INFO     ___FILE_ONLY___ ═
2024-11-15 14:19:06,535 INFO     ___FILE_ONLY___ ═
2024-11-15 14:19:06,548 INFO     ___FILE_ONLY___ ═
2024-11-15 14:19:06,559 INFO     ___FILE_ONLY___ ═
2024-11-15 14:19:06,568 INFO     ___FILE_ONLY___ ═
2024-11-15 14:19:06,579 INFO     ___FILE_ONLY___ ═
2024-11-15 14:19:06,591 INFO     ___FILE_ONLY___ ═
2024-11-15 14:19:06,626 INFO     ___FILE_ONLY___ ═
2024-11-15 14:19:06,642 INFO     ___FILE_ONLY___ ═
2024-11-15 14:19:06,654 INFO     ___FILE_ONLY___ ═
2024-11-15 14:19:06,666 INFO     ___FILE_ONLY___ ═
2024-11-15 14:19:06,676 INFO     ___FILE_ONLY___ ═
2024-11-15 14:19:06,686 INFO     ___FILE_ONLY___ ═
2024-11-15 14:19:06,705 INFO     ___FILE_ONLY___ ═
2024-11-15 14:19:06,720 INFO     ___FILE_ONLY___ ═
2024-11-15 14:19:06,739 INFO     ___FILE_ONLY___ ═
2024-11-15 14:19:06,751 INFO     ___FILE_ONLY___ ═
2024-11-15 14:19:06,761 INFO     ___FILE_ONLY___ ═
2024-11-15 14:19:06,770 INFO     ___FILE_ONLY___ ═
2024-11-15 14:19:06,785 INFO     ___FILE_ONLY___ ═
2024-11-15 14:19:06,798 INFO     ___FILE_ONLY___ ═
2024-11-15 14:19:06,812 INFO     ___FILE_ONLY___ ═
2024-11-15 14:19:06,829 INFO     ___FILE_ONLY___ ═
2024-11-15 14:19:06,842 INFO     ___FILE_ONLY___ ═
2024-11-15 14:19:06,854 INFO     ___FILE_ONLY___ ═
2024-11-15 14:19:06,864 INFO     ___FILE_ONLY___ ═
2024-11-15 14:19:06,874 INFO     ___FILE_ONLY___ ═
2024-11-15 14:19:06,875 INFO     ___FILE_ONLY___ ╝

2024-11-15 14:19:06,927 INFO     ___FILE_ONLY___ ╔════════════════════════════════════════════════════════════╗

2024-11-15 14:19:06,927 INFO     ___FILE_ONLY___ ╠═ Installing: Cloud Storage Command Line Tool (Platform... ═╣

2024-11-15 14:19:06,927 INFO     ___FILE_ONLY___ ╚
2024-11-15 14:19:06,928 INFO     ___FILE_ONLY___ ════════════════════════════════════════════════════════════
2024-11-15 14:19:06,928 INFO     ___FILE_ONLY___ ╝

2024-11-15 14:19:06,935 INFO     ___FILE_ONLY___ ╔════════════════════════════════════════════════════════════╗

2024-11-15 14:19:06,935 INFO     ___FILE_ONLY___ ╠═ Installing: Default set of gcloud commands               ═╣

2024-11-15 14:19:06,935 INFO     ___FILE_ONLY___ ╚
2024-11-15 14:19:06,940 INFO     ___FILE_ONLY___ ════════════════════════════════════════════════════════════
2024-11-15 14:19:06,940 INFO     ___FILE_ONLY___ ╝

2024-11-15 14:19:06,943 INFO     ___FILE_ONLY___ ╔════════════════════════════════════════════════════════════╗

2024-11-15 14:19:06,943 INFO     ___FILE_ONLY___ ╠═ Installing: Google Cloud CLI Core Libraries (Platform... ═╣

2024-11-15 14:19:06,943 INFO     ___FILE_ONLY___ ╚
2024-11-15 14:19:06,944 INFO     ___FILE_ONLY___ ══════════════════════════════
2024-11-15 14:19:06,944 INFO     ___FILE_ONLY___ ══════════════════════════════
2024-11-15 14:19:06,945 INFO     ___FILE_ONLY___ ╝

2024-11-15 14:19:06,952 INFO     ___FILE_ONLY___ ╔════════════════════════════════════════════════════════════╗

2024-11-15 14:19:06,952 INFO     ___FILE_ONLY___ ╠═ Installing: Google Cloud CRC32C Hash Tool                ═╣

2024-11-15 14:19:06,952 INFO     ___FILE_ONLY___ ╚
2024-11-15 14:19:06,957 INFO     ___FILE_ONLY___ ════════════════════════════════════════════════════════════
2024-11-15 14:19:06,957 INFO     ___FILE_ONLY___ ╝

2024-11-15 14:19:06,959 INFO     ___FILE_ONLY___ ╔════════════════════════════════════════════════════════════╗

2024-11-15 14:19:06,960 INFO     ___FILE_ONLY___ ╠═ Installing: Google Cloud CRC32C Hash Tool (Platform S... ═╣

2024-11-15 14:19:06,960 INFO     ___FILE_ONLY___ ╚
2024-11-15 14:19:06,997 INFO     ___FILE_ONLY___ ══════════════════════════════
2024-11-15 14:19:06,997 INFO     ___FILE_ONLY___ ══════════════════════════════
2024-11-15 14:19:06,997 INFO     ___FILE_ONLY___ ╝

2024-11-15 14:19:07,005 INFO     ___FILE_ONLY___ ╔════════════════════════════════════════════════════════════╗

2024-11-15 14:19:07,005 INFO     ___FILE_ONLY___ ╠═ Installing: gcloud cli dependencies (Platform Specific)  ═╣

2024-11-15 14:19:07,005 INFO     ___FILE_ONLY___ ╚
2024-11-15 14:19:07,006 INFO     ___FILE_ONLY___ ════════════════════════════════════════════════════════════
2024-11-15 14:19:07,006 INFO     ___FILE_ONLY___ ╝

2024-11-15 14:19:07,015 DEBUG    root            Updating notification cache...
2024-11-15 14:19:07,015 INFO     ___FILE_ONLY___ 

2024-11-15 14:19:07,018 INFO     ___FILE_ONLY___ Performing post processing steps...
2024-11-15 14:19:07,018 DEBUG    root            Executing command: ['/tools/google-cloud-sdk/bin/gcloud', 'components', 'post-process']
2024-11-15 14:19:18,190 DEBUG    ___FILE_ONLY___ 
2024-11-15 14:19:18,191 DEBUG    ___FILE_ONLY___ 
2024-11-15 14:19:18,335 INFO     ___FILE_ONLY___ 
Update done!


2024-11-15 14:19:18,339 DEBUG    root            Chosen display Format:none
2024-11-15 14:19:18,339 INFO     root            Display format: "none"
