2024-11-15 14:19:18,990 DEBUG    root            Loaded Command Group: ['gcloud', 'components']
2024-11-15 14:19:18,993 DEBUG    root            Loaded Command Group: ['gcloud', 'components', 'update']
2024-11-15 14:19:18,995 DEBUG    root            Running [gcloud.components.update] with arguments: [--quiet: "True", COMPONENT-IDS:8: "['gcloud', 'core', 'bq', 'gsutil', 'compute', 'preview', 'alpha', 'beta']"]
2024-11-15 14:19:18,996 INFO     ___FILE_ONLY___ Beginning update. This process may take several minutes.

2024-11-15 14:19:19,007 DEBUG    urllib3.connectionpool Starting new HTTPS connection (1): dl.google.com:443
2024-11-15 14:19:19,181 DEBUG    urllib3.connectionpool https://dl.google.com:443 "GET /dl/cloudsdk/channels/rapid/components-2.json HTTP/1.1" 200 226997
2024-11-15 14:19:19,200 WARNING  root            Component [preview] no longer exists.
2024-11-15 14:19:19,201 WARNING  root            Component [compute] no longer exists.
2024-11-15 14:19:19,202 INFO     ___FILE_ONLY___ 

2024-11-15 14:19:19,203 INFO     ___FILE_ONLY___ 
Your current Google Cloud CLI version is: 501.0.0

2024-11-15 14:19:19,203 INFO     ___FILE_ONLY___ Installing components from version: 501.0.0

2024-11-15 14:19:19,203 INFO     ___FILE_ONLY___ 

2024-11-15 14:19:19,203 DEBUG    root            Chosen display Format:table[box,title="These components will be removed."](details.display_name:label=Name:align=left,version.version_string:label=Version:align=right,data.size.size(zero="",min=1048576):label=Size:align=right)
2024-11-15 14:19:19,204 DEBUG    root            Chosen display Format:table[box,title="These components will be updated."](details.display_name:label=Name:align=left,version.version_string:label=Version:align=right,data.size.size(zero="",min=1048576):label=Size:align=right)
2024-11-15 14:19:19,205 DEBUG    root            Chosen display Format:table[box,title="These components will be installed."](details.display_name:label=Name:align=left,version.version_string:label=Version:align=right,data.size.size(zero="",min=1048576):label=Size:align=right)
2024-11-15 14:19:19,223 INFO     ___FILE_ONLY___ ┌──────────────────────────────────────────────┐
2024-11-15 14:19:19,223 INFO     ___FILE_ONLY___ 

2024-11-15 14:19:19,223 INFO     ___FILE_ONLY___ │     These components will be installed.      │
2024-11-15 14:19:19,223 INFO     ___FILE_ONLY___ 

2024-11-15 14:19:19,223 INFO     ___FILE_ONLY___ ├───────────────────────┬────────────┬─────────┤
2024-11-15 14:19:19,223 INFO     ___FILE_ONLY___ 

2024-11-15 14:19:19,223 INFO     ___FILE_ONLY___ │          Name         │  Version   │   Size  │
2024-11-15 14:19:19,223 INFO     ___FILE_ONLY___ 

2024-11-15 14:19:19,223 INFO     ___FILE_ONLY___ ├───────────────────────┼────────────┼─────────┤
2024-11-15 14:19:19,224 INFO     ___FILE_ONLY___ 

2024-11-15 14:19:19,224 INFO     ___FILE_ONLY___ │ 
2024-11-15 14:19:19,224 INFO     ___FILE_ONLY___ gcloud Alpha Commands
2024-11-15 14:19:19,224 INFO     ___FILE_ONLY___  
2024-11-15 14:19:19,224 INFO     ___FILE_ONLY___ │ 
2024-11-15 14:19:19,224 INFO     ___FILE_ONLY___ 2024.11.08
2024-11-15 14:19:19,224 INFO     ___FILE_ONLY___  
2024-11-15 14:19:19,224 INFO     ___FILE_ONLY___ │ 
2024-11-15 14:19:19,224 INFO     ___FILE_ONLY___ < 1 MiB
2024-11-15 14:19:19,224 INFO     ___FILE_ONLY___  
2024-11-15 14:19:19,225 INFO     ___FILE_ONLY___ │
2024-11-15 14:19:19,225 INFO     ___FILE_ONLY___ 

2024-11-15 14:19:19,225 INFO     ___FILE_ONLY___ │ 
2024-11-15 14:19:19,225 INFO     ___FILE_ONLY___ gcloud Beta Commands 
2024-11-15 14:19:19,225 INFO     ___FILE_ONLY___  
2024-11-15 14:19:19,225 INFO     ___FILE_ONLY___ │ 
2024-11-15 14:19:19,225 INFO     ___FILE_ONLY___ 2024.11.08
2024-11-15 14:19:19,225 INFO     ___FILE_ONLY___  
2024-11-15 14:19:19,225 INFO     ___FILE_ONLY___ │ 
2024-11-15 14:19:19,225 INFO     ___FILE_ONLY___ < 1 MiB
2024-11-15 14:19:19,225 INFO     ___FILE_ONLY___  
2024-11-15 14:19:19,226 INFO     ___FILE_ONLY___ │
2024-11-15 14:19:19,226 INFO     ___FILE_ONLY___ 

2024-11-15 14:19:19,226 INFO     ___FILE_ONLY___ └───────────────────────┴────────────┴─────────┘
2024-11-15 14:19:19,226 INFO     ___FILE_ONLY___ 

2024-11-15 14:19:19,226 INFO     ___FILE_ONLY___ 

2024-11-15 14:19:19,230 DEBUG    urllib3.connectionpool Starting new HTTPS connection (1): dl.google.com:443
2024-11-15 14:19:19,438 DEBUG    urllib3.connectionpool https://dl.google.com:443 "GET /dl/cloudsdk/channels/rapid/RELEASE_NOTES HTTP/1.1" 200 1311270
2024-11-15 14:19:19,478 INFO     ___FILE_ONLY___ For the latest full release notes, please visit:
  https://cloud.google.com/sdk/release_notes


2024-11-15 14:19:19,478 INFO     ___FILE_ONLY___ Performing in place update...


2024-11-15 14:19:19,480 INFO     ___FILE_ONLY___ ╔════════════════════════════════════════════════════════════╗

2024-11-15 14:19:19,481 INFO     ___FILE_ONLY___ ╠═ Downloading: gcloud Alpha Commands                       ═╣

2024-11-15 14:19:19,481 INFO     ___FILE_ONLY___ ╚
2024-11-15 14:19:19,484 DEBUG    urllib3.connectionpool Starting new HTTPS connection (1): dl.google.com:443
2024-11-15 14:19:19,685 DEBUG    urllib3.connectionpool https://dl.google.com:443 "GET /dl/cloudsdk/channels/rapid/components/google-cloud-sdk-alpha-20241108162203.tar.gz HTTP/1.1" 200 800
2024-11-15 14:19:19,685 INFO     ___FILE_ONLY___ ════════════════════════════════════════════════════════════
2024-11-15 14:19:19,686 INFO     ___FILE_ONLY___ ╝

2024-11-15 14:19:19,688 INFO     ___FILE_ONLY___ ╔════════════════════════════════════════════════════════════╗

2024-11-15 14:19:19,688 INFO     ___FILE_ONLY___ ╠═ Downloading: gcloud Beta Commands                        ═╣

2024-11-15 14:19:19,688 INFO     ___FILE_ONLY___ ╚
2024-11-15 14:19:19,691 DEBUG    urllib3.connectionpool Starting new HTTPS connection (1): dl.google.com:443
2024-11-15 14:19:19,897 DEBUG    urllib3.connectionpool https://dl.google.com:443 "GET /dl/cloudsdk/channels/rapid/components/google-cloud-sdk-beta-20241108162203.tar.gz HTTP/1.1" 200 797
2024-11-15 14:19:19,898 INFO     ___FILE_ONLY___ ════════════════════════════════════════════════════════════
2024-11-15 14:19:19,898 INFO     ___FILE_ONLY___ ╝

2024-11-15 14:19:19,900 INFO     ___FILE_ONLY___ ╔════════════════════════════════════════════════════════════╗

2024-11-15 14:19:19,901 INFO     ___FILE_ONLY___ ╠═ Installing: gcloud Alpha Commands                        ═╣

2024-11-15 14:19:19,901 INFO     ___FILE_ONLY___ ╚
2024-11-15 14:19:19,902 INFO     ___FILE_ONLY___ ════════════════════════════════════════════════════════════
2024-11-15 14:19:19,902 INFO     ___FILE_ONLY___ ╝

2024-11-15 14:19:19,915 INFO     ___FILE_ONLY___ ╔════════════════════════════════════════════════════════════╗

2024-11-15 14:19:19,915 INFO     ___FILE_ONLY___ ╠═ Installing: gcloud Beta Commands                         ═╣

2024-11-15 14:19:19,915 INFO     ___FILE_ONLY___ ╚
2024-11-15 14:19:19,916 INFO     ___FILE_ONLY___ ════════════════════════════════════════════════════════════
2024-11-15 14:19:19,916 INFO     ___FILE_ONLY___ ╝

2024-11-15 14:19:19,925 DEBUG    root            Updating notification cache...
2024-11-15 14:19:19,926 INFO     ___FILE_ONLY___ 

2024-11-15 14:19:19,928 INFO     ___FILE_ONLY___ Performing post processing steps...
2024-11-15 14:19:19,929 DEBUG    root            Executing command: ['/tools/google-cloud-sdk/bin/gcloud', 'components', 'post-process']
2024-11-15 14:19:31,694 DEBUG    ___FILE_ONLY___ 
2024-11-15 14:19:31,695 DEBUG    ___FILE_ONLY___ 
2024-11-15 14:19:31,706 INFO     ___FILE_ONLY___ 
Update done!


2024-11-15 14:19:31,709 DEBUG    root            Chosen display Format:none
2024-11-15 14:19:31,709 INFO     root            Display format: "none"
