2024-11-18 14:22:51,634 DEBUG    root            Loaded Command Group: ['gcloud', 'components']
2024-11-18 14:22:51,639 DEBUG    root            Loaded Command Group: ['gcloud', 'components', 'update']
2024-11-18 14:22:51,642 DEBUG    root            Running [gcloud.components.update] with arguments: [--compile-python: "True", --quiet: "True", COMPONENT-IDS:6: "['core', 'gcloud-deps', 'bq', 'gcloud', 'gcloud-crc32c', 'gsutil']"]
2024-11-18 14:22:51,643 INFO     ___FILE_ONLY___ Beginning update. This process may take several minutes.

2024-11-18 14:22:51,683 DEBUG    urllib3.connectionpool Starting new HTTPS connection (1): dl.google.com:443
2024-11-18 14:22:51,858 DEBUG    urllib3.connectionpool https://dl.google.com:443 "GET /dl/cloudsdk/channels/rapid/components-2.json HTTP/1.1" 200 226997
2024-11-18 14:22:51,886 INFO     ___FILE_ONLY___ 

2024-11-18 14:22:51,886 INFO     ___FILE_ONLY___ 
Your current Google Cloud CLI version is: 501.0.0

2024-11-18 14:22:51,886 INFO     ___FILE_ONLY___ Installing components from version: 501.0.0

2024-11-18 14:22:51,887 INFO     ___FILE_ONLY___ 

2024-11-18 14:22:51,887 DEBUG    root            Chosen display Format:table[box,title="These components will be removed."](details.display_name:label=Name:align=left,version.version_string:label=Version:align=right,data.size.size(zero="",min=1048576):label=Size:align=right)
2024-11-18 14:22:51,888 DEBUG    root            Chosen display Format:table[box,title="These components will be updated."](details.display_name:label=Name:align=left,version.version_string:label=Version:align=right,data.size.size(zero="",min=1048576):label=Size:align=right)
2024-11-18 14:22:51,888 DEBUG    root            Chosen display Format:table[box,title="These components will be installed."](details.display_name:label=Name:align=left,version.version_string:label=Version:align=right,data.size.size(zero="",min=1048576):label=Size:align=right)
2024-11-18 14:22:51,937 INFO     ___FILE_ONLY___ ┌─────────────────────────────────────────────────────────────────────────────┐
2024-11-18 14:22:51,938 INFO     ___FILE_ONLY___ 

2024-11-18 14:22:51,938 INFO     ___FILE_ONLY___ │                     These components will be installed.                     │
2024-11-18 14:22:51,938 INFO     ___FILE_ONLY___ 

2024-11-18 14:22:51,938 INFO     ___FILE_ONLY___ ├─────────────────────────────────────────────────────┬────────────┬──────────┤
2024-11-18 14:22:51,938 INFO     ___FILE_ONLY___ 

2024-11-18 14:22:51,938 INFO     ___FILE_ONLY___ │                         Name                        │  Version   │   Size   │
2024-11-18 14:22:51,938 INFO     ___FILE_ONLY___ 

2024-11-18 14:22:51,938 INFO     ___FILE_ONLY___ ├─────────────────────────────────────────────────────┼────────────┼──────────┤
2024-11-18 14:22:51,938 INFO     ___FILE_ONLY___ 

2024-11-18 14:22:51,938 INFO     ___FILE_ONLY___ │ 
2024-11-18 14:22:51,938 INFO     ___FILE_ONLY___ BigQuery Command Line Tool                         
2024-11-18 14:22:51,939 INFO     ___FILE_ONLY___  
2024-11-18 14:22:51,939 INFO     ___FILE_ONLY___ │ 
2024-11-18 14:22:51,939 INFO     ___FILE_ONLY___      2.1.9
2024-11-18 14:22:51,939 INFO     ___FILE_ONLY___  
2024-11-18 14:22:51,939 INFO     ___FILE_ONLY___ │ 
2024-11-18 14:22:51,939 INFO     ___FILE_ONLY___  1.7 MiB
2024-11-18 14:22:51,939 INFO     ___FILE_ONLY___  
2024-11-18 14:22:51,939 INFO     ___FILE_ONLY___ │
2024-11-18 14:22:51,939 INFO     ___FILE_ONLY___ 

2024-11-18 14:22:51,939 INFO     ___FILE_ONLY___ │ 
2024-11-18 14:22:51,939 INFO     ___FILE_ONLY___ BigQuery Command Line Tool (Platform Specific)     
2024-11-18 14:22:51,939 INFO     ___FILE_ONLY___  
2024-11-18 14:22:51,939 INFO     ___FILE_ONLY___ │ 
2024-11-18 14:22:51,939 INFO     ___FILE_ONLY___      2.1.8
2024-11-18 14:22:51,940 INFO     ___FILE_ONLY___  
2024-11-18 14:22:51,940 INFO     ___FILE_ONLY___ │ 
2024-11-18 14:22:51,940 INFO     ___FILE_ONLY___  < 1 MiB
2024-11-18 14:22:51,940 INFO     ___FILE_ONLY___  
2024-11-18 14:22:51,940 INFO     ___FILE_ONLY___ │
2024-11-18 14:22:51,940 INFO     ___FILE_ONLY___ 

2024-11-18 14:22:51,940 INFO     ___FILE_ONLY___ │ 
2024-11-18 14:22:51,940 INFO     ___FILE_ONLY___ Bundled Python 3.11 (Platform Specific)            
2024-11-18 14:22:51,940 INFO     ___FILE_ONLY___  
2024-11-18 14:22:51,940 INFO     ___FILE_ONLY___ │ 
2024-11-18 14:22:51,940 INFO     ___FILE_ONLY___     3.11.9
2024-11-18 14:22:51,940 INFO     ___FILE_ONLY___  
2024-11-18 14:22:51,940 INFO     ___FILE_ONLY___ │ 
2024-11-18 14:22:51,940 INFO     ___FILE_ONLY___ 74.4 MiB
2024-11-18 14:22:51,941 INFO     ___FILE_ONLY___  
2024-11-18 14:22:51,941 INFO     ___FILE_ONLY___ │
2024-11-18 14:22:51,941 INFO     ___FILE_ONLY___ 

2024-11-18 14:22:51,941 INFO     ___FILE_ONLY___ │ 
2024-11-18 14:22:51,941 INFO     ___FILE_ONLY___ Cloud Storage Command Line Tool                    
2024-11-18 14:22:51,941 INFO     ___FILE_ONLY___  
2024-11-18 14:22:51,941 INFO     ___FILE_ONLY___ │ 
2024-11-18 14:22:51,941 INFO     ___FILE_ONLY___       5.31
2024-11-18 14:22:51,941 INFO     ___FILE_ONLY___  
2024-11-18 14:22:51,941 INFO     ___FILE_ONLY___ │ 
2024-11-18 14:22:51,941 INFO     ___FILE_ONLY___ 11.3 MiB
2024-11-18 14:22:51,941 INFO     ___FILE_ONLY___  
2024-11-18 14:22:51,941 INFO     ___FILE_ONLY___ │
2024-11-18 14:22:51,941 INFO     ___FILE_ONLY___ 

2024-11-18 14:22:51,942 INFO     ___FILE_ONLY___ │ 
2024-11-18 14:22:51,942 INFO     ___FILE_ONLY___ Cloud Storage Command Line Tool (Platform Specific)
2024-11-18 14:22:51,942 INFO     ___FILE_ONLY___  
2024-11-18 14:22:51,942 INFO     ___FILE_ONLY___ │ 
2024-11-18 14:22:51,942 INFO     ___FILE_ONLY___       5.30
2024-11-18 14:22:51,942 INFO     ___FILE_ONLY___  
2024-11-18 14:22:51,942 INFO     ___FILE_ONLY___ │ 
2024-11-18 14:22:51,942 INFO     ___FILE_ONLY___  < 1 MiB
2024-11-18 14:22:51,942 INFO     ___FILE_ONLY___  
2024-11-18 14:22:51,942 INFO     ___FILE_ONLY___ │
2024-11-18 14:22:51,942 INFO     ___FILE_ONLY___ 

2024-11-18 14:22:51,942 INFO     ___FILE_ONLY___ │ 
2024-11-18 14:22:51,942 INFO     ___FILE_ONLY___ Google Cloud CLI Core Libraries (Platform Specific)
2024-11-18 14:22:51,942 INFO     ___FILE_ONLY___  
2024-11-18 14:22:51,943 INFO     ___FILE_ONLY___ │ 
2024-11-18 14:22:51,943 INFO     ___FILE_ONLY___ 2024.08.30
2024-11-18 14:22:51,943 INFO     ___FILE_ONLY___  
2024-11-18 14:22:51,943 INFO     ___FILE_ONLY___ │ 
2024-11-18 14:22:51,943 INFO     ___FILE_ONLY___  < 1 MiB
2024-11-18 14:22:51,943 INFO     ___FILE_ONLY___  
2024-11-18 14:22:51,943 INFO     ___FILE_ONLY___ │
2024-11-18 14:22:51,943 INFO     ___FILE_ONLY___ 

2024-11-18 14:22:51,943 INFO     ___FILE_ONLY___ │ 
2024-11-18 14:22:51,944 INFO     ___FILE_ONLY___ Google Cloud CRC32C Hash Tool (Platform Specific)  
2024-11-18 14:22:51,944 INFO     ___FILE_ONLY___  
2024-11-18 14:22:51,944 INFO     ___FILE_ONLY___ │ 
2024-11-18 14:22:51,944 INFO     ___FILE_ONLY___      1.0.0
2024-11-18 14:22:51,944 INFO     ___FILE_ONLY___  
2024-11-18 14:22:51,944 INFO     ___FILE_ONLY___ │ 
2024-11-18 14:22:51,944 INFO     ___FILE_ONLY___  1.3 MiB
2024-11-18 14:22:51,944 INFO     ___FILE_ONLY___  
2024-11-18 14:22:51,944 INFO     ___FILE_ONLY___ │
2024-11-18 14:22:51,944 INFO     ___FILE_ONLY___ 

2024-11-18 14:22:51,944 INFO     ___FILE_ONLY___ │ 
2024-11-18 14:22:51,944 INFO     ___FILE_ONLY___ gcloud cli dependencies (Platform Specific)        
2024-11-18 14:22:51,944 INFO     ___FILE_ONLY___  
2024-11-18 14:22:51,945 INFO     ___FILE_ONLY___ │ 
2024-11-18 14:22:51,945 INFO     ___FILE_ONLY___ 2021.04.16
2024-11-18 14:22:51,945 INFO     ___FILE_ONLY___  
2024-11-18 14:22:51,945 INFO     ___FILE_ONLY___ │ 
2024-11-18 14:22:51,945 INFO     ___FILE_ONLY___  < 1 MiB
2024-11-18 14:22:51,945 INFO     ___FILE_ONLY___  
2024-11-18 14:22:51,945 INFO     ___FILE_ONLY___ │
2024-11-18 14:22:51,945 INFO     ___FILE_ONLY___ 

2024-11-18 14:22:51,945 INFO     ___FILE_ONLY___ └─────────────────────────────────────────────────────┴────────────┴──────────┘
2024-11-18 14:22:51,945 INFO     ___FILE_ONLY___ 

2024-11-18 14:22:51,945 INFO     ___FILE_ONLY___ 

2024-11-18 14:22:51,949 DEBUG    urllib3.connectionpool Starting new HTTPS connection (1): dl.google.com:443
2024-11-18 14:22:52,130 DEBUG    urllib3.connectionpool https://dl.google.com:443 "GET /dl/cloudsdk/channels/rapid/RELEASE_NOTES HTTP/1.1" 200 1311270
2024-11-18 14:22:52,202 INFO     ___FILE_ONLY___ For the latest full release notes, please visit:
  https://cloud.google.com/sdk/release_notes


2024-11-18 14:22:52,202 INFO     ___FILE_ONLY___ Performing in place update...


2024-11-18 14:22:52,205 INFO     ___FILE_ONLY___ ╔════════════════════════════════════════════════════════════╗

2024-11-18 14:22:52,205 INFO     ___FILE_ONLY___ ╠═ Downloading: BigQuery Command Line Tool                  ═╣

2024-11-18 14:22:52,206 INFO     ___FILE_ONLY___ ╚
2024-11-18 14:22:52,210 DEBUG    urllib3.connectionpool Starting new HTTPS connection (1): dl.google.com:443
2024-11-18 14:22:52,357 DEBUG    urllib3.connectionpool https://dl.google.com:443 "GET /dl/cloudsdk/channels/rapid/components/google-cloud-sdk-bq-20241011151610.tar.gz HTTP/1.1" 200 1831026
2024-11-18 14:22:52,371 INFO     ___FILE_ONLY___ ═
2024-11-18 14:22:52,371 INFO     ___FILE_ONLY___ ═
2024-11-18 14:22:52,371 INFO     ___FILE_ONLY___ ═
2024-11-18 14:22:52,371 INFO     ___FILE_ONLY___ ═
2024-11-18 14:22:52,371 INFO     ___FILE_ONLY___ ═
2024-11-18 14:22:52,371 INFO     ___FILE_ONLY___ ═
2024-11-18 14:22:52,372 INFO     ___FILE_ONLY___ ═
2024-11-18 14:22:52,372 INFO     ___FILE_ONLY___ ═
2024-11-18 14:22:52,372 INFO     ___FILE_ONLY___ ═
2024-11-18 14:22:52,372 INFO     ___FILE_ONLY___ ═
2024-11-18 14:22:52,372 INFO     ___FILE_ONLY___ ═
2024-11-18 14:22:52,372 INFO     ___FILE_ONLY___ ═
2024-11-18 14:22:52,372 INFO     ___FILE_ONLY___ ═
2024-11-18 14:22:52,372 INFO     ___FILE_ONLY___ ═
2024-11-18 14:22:52,373 INFO     ___FILE_ONLY___ ═
2024-11-18 14:22:52,373 INFO     ___FILE_ONLY___ ═
2024-11-18 14:22:52,373 INFO     ___FILE_ONLY___ ═
2024-11-18 14:22:52,373 INFO     ___FILE_ONLY___ ═
2024-11-18 14:22:52,373 INFO     ___FILE_ONLY___ ═
2024-11-18 14:22:52,373 INFO     ___FILE_ONLY___ ═
2024-11-18 14:22:52,373 INFO     ___FILE_ONLY___ ═
2024-11-18 14:22:52,373 INFO     ___FILE_ONLY___ ═
2024-11-18 14:22:52,374 INFO     ___FILE_ONLY___ ═
2024-11-18 14:22:52,374 INFO     ___FILE_ONLY___ ═
2024-11-18 14:22:52,374 INFO     ___FILE_ONLY___ ═
2024-11-18 14:22:52,374 INFO     ___FILE_ONLY___ ═
2024-11-18 14:22:52,374 INFO     ___FILE_ONLY___ ═
2024-11-18 14:22:52,374 INFO     ___FILE_ONLY___ ═
2024-11-18 14:22:52,374 INFO     ___FILE_ONLY___ ═
2024-11-18 14:22:52,374 INFO     ___FILE_ONLY___ ═
2024-11-18 14:22:52,375 INFO     ___FILE_ONLY___ ═
2024-11-18 14:22:52,375 INFO     ___FILE_ONLY___ ═
2024-11-18 14:22:52,375 INFO     ___FILE_ONLY___ ═
2024-11-18 14:22:52,375 INFO     ___FILE_ONLY___ ═
2024-11-18 14:22:52,375 INFO     ___FILE_ONLY___ ═
2024-11-18 14:22:52,375 INFO     ___FILE_ONLY___ ═
2024-11-18 14:22:52,375 INFO     ___FILE_ONLY___ ═
2024-11-18 14:22:52,375 INFO     ___FILE_ONLY___ ═
2024-11-18 14:22:52,376 INFO     ___FILE_ONLY___ ═
2024-11-18 14:22:52,376 INFO     ___FILE_ONLY___ ═
2024-11-18 14:22:52,376 INFO     ___FILE_ONLY___ ═
2024-11-18 14:22:52,376 INFO     ___FILE_ONLY___ ═
2024-11-18 14:22:52,376 INFO     ___FILE_ONLY___ ═
2024-11-18 14:22:52,376 INFO     ___FILE_ONLY___ ═
2024-11-18 14:22:52,376 INFO     ___FILE_ONLY___ ═
2024-11-18 14:22:52,376 INFO     ___FILE_ONLY___ ═
2024-11-18 14:22:52,377 INFO     ___FILE_ONLY___ ═
2024-11-18 14:22:52,377 INFO     ___FILE_ONLY___ ═
2024-11-18 14:22:52,377 INFO     ___FILE_ONLY___ ═
2024-11-18 14:22:52,377 INFO     ___FILE_ONLY___ ═
2024-11-18 14:22:52,377 INFO     ___FILE_ONLY___ ═
2024-11-18 14:22:52,377 INFO     ___FILE_ONLY___ ═
2024-11-18 14:22:52,377 INFO     ___FILE_ONLY___ ═
2024-11-18 14:22:52,377 INFO     ___FILE_ONLY___ ═
2024-11-18 14:22:52,378 INFO     ___FILE_ONLY___ ═
2024-11-18 14:22:52,378 INFO     ___FILE_ONLY___ ═
2024-11-18 14:22:52,378 INFO     ___FILE_ONLY___ ═
2024-11-18 14:22:52,378 INFO     ___FILE_ONLY___ ═
2024-11-18 14:22:52,378 INFO     ___FILE_ONLY___ ═
2024-11-18 14:22:52,378 INFO     ___FILE_ONLY___ ═
2024-11-18 14:22:52,378 INFO     ___FILE_ONLY___ ╝

2024-11-18 14:22:52,381 INFO     ___FILE_ONLY___ ╔════════════════════════════════════════════════════════════╗

2024-11-18 14:22:52,381 INFO     ___FILE_ONLY___ ╠═ Downloading: BigQuery Command Line Tool (Platform Spe... ═╣

2024-11-18 14:22:52,381 INFO     ___FILE_ONLY___ ╚
2024-11-18 14:22:52,385 DEBUG    urllib3.connectionpool Starting new HTTPS connection (1): dl.google.com:443
2024-11-18 14:22:52,552 DEBUG    urllib3.connectionpool https://dl.google.com:443 "GET /dl/cloudsdk/channels/rapid/components/google-cloud-sdk-bq-nix-20240830134514.tar.gz HTTP/1.1" 200 1914
2024-11-18 14:22:52,553 INFO     ___FILE_ONLY___ ════════════════════════════════════════════════════════════
2024-11-18 14:22:52,554 INFO     ___FILE_ONLY___ ╝

2024-11-18 14:22:52,556 INFO     ___FILE_ONLY___ ╔════════════════════════════════════════════════════════════╗

2024-11-18 14:22:52,556 INFO     ___FILE_ONLY___ ╠═ Downloading: Bundled Python 3.11                         ═╣

2024-11-18 14:22:52,556 INFO     ___FILE_ONLY___ ╚
2024-11-18 14:22:52,556 INFO     ___FILE_ONLY___ ════════════════════════════════════════════════════════════
2024-11-18 14:22:52,556 INFO     ___FILE_ONLY___ ╝

2024-11-18 14:22:52,559 INFO     ___FILE_ONLY___ ╔════════════════════════════════════════════════════════════╗

2024-11-18 14:22:52,559 INFO     ___FILE_ONLY___ ╠═ Downloading: Bundled Python 3.11 (Platform Specific)     ═╣

2024-11-18 14:22:52,559 INFO     ___FILE_ONLY___ ╚
2024-11-18 14:22:52,563 DEBUG    urllib3.connectionpool Starting new HTTPS connection (1): dl.google.com:443
2024-11-18 14:22:52,714 DEBUG    urllib3.connectionpool https://dl.google.com:443 "GET /dl/cloudsdk/channels/rapid/components/google-cloud-sdk-bundled-python3-unix-linux-x86_64-20240920144119.tar.gz HTTP/1.1" 200 78001783
2024-11-18 14:22:53,037 INFO     ___FILE_ONLY___ ═
2024-11-18 14:22:53,039 INFO     ___FILE_ONLY___ ═
2024-11-18 14:22:53,041 INFO     ___FILE_ONLY___ ═
2024-11-18 14:22:53,043 INFO     ___FILE_ONLY___ ═
2024-11-18 14:22:53,045 INFO     ___FILE_ONLY___ ═
2024-11-18 14:22:53,047 INFO     ___FILE_ONLY___ ═
2024-11-18 14:22:53,049 INFO     ___FILE_ONLY___ ═
2024-11-18 14:22:53,051 INFO     ___FILE_ONLY___ ═
2024-11-18 14:22:53,052 INFO     ___FILE_ONLY___ ═
2024-11-18 14:22:53,054 INFO     ___FILE_ONLY___ ═
2024-11-18 14:22:53,056 INFO     ___FILE_ONLY___ ═
2024-11-18 14:22:53,058 INFO     ___FILE_ONLY___ ═
2024-11-18 14:22:53,060 INFO     ___FILE_ONLY___ ═
2024-11-18 14:22:53,061 INFO     ___FILE_ONLY___ ═
2024-11-18 14:22:53,063 INFO     ___FILE_ONLY___ ═
2024-11-18 14:22:53,065 INFO     ___FILE_ONLY___ ═
2024-11-18 14:22:53,067 INFO     ___FILE_ONLY___ ═
2024-11-18 14:22:53,069 INFO     ___FILE_ONLY___ ═
2024-11-18 14:22:53,071 INFO     ___FILE_ONLY___ ═
2024-11-18 14:22:53,072 INFO     ___FILE_ONLY___ ═
2024-11-18 14:22:53,074 INFO     ___FILE_ONLY___ ═
2024-11-18 14:22:53,076 INFO     ___FILE_ONLY___ ═
2024-11-18 14:22:53,078 INFO     ___FILE_ONLY___ ═
2024-11-18 14:22:53,080 INFO     ___FILE_ONLY___ ═
2024-11-18 14:22:53,081 INFO     ___FILE_ONLY___ ═
2024-11-18 14:22:53,083 INFO     ___FILE_ONLY___ ═
2024-11-18 14:22:53,085 INFO     ___FILE_ONLY___ ═
2024-11-18 14:22:53,087 INFO     ___FILE_ONLY___ ═
2024-11-18 14:22:53,089 INFO     ___FILE_ONLY___ ═
2024-11-18 14:22:53,091 INFO     ___FILE_ONLY___ ═
2024-11-18 14:22:53,093 INFO     ___FILE_ONLY___ ═
2024-11-18 14:22:53,095 INFO     ___FILE_ONLY___ ═
2024-11-18 14:22:53,096 INFO     ___FILE_ONLY___ ═
2024-11-18 14:22:53,098 INFO     ___FILE_ONLY___ ═
2024-11-18 14:22:53,100 INFO     ___FILE_ONLY___ ═
2024-11-18 14:22:53,102 INFO     ___FILE_ONLY___ ═
2024-11-18 14:22:53,104 INFO     ___FILE_ONLY___ ═
2024-11-18 14:22:53,105 INFO     ___FILE_ONLY___ ═
2024-11-18 14:22:53,107 INFO     ___FILE_ONLY___ ═
2024-11-18 14:22:53,109 INFO     ___FILE_ONLY___ ═
2024-11-18 14:22:53,111 INFO     ___FILE_ONLY___ ═
2024-11-18 14:22:53,113 INFO     ___FILE_ONLY___ ═
2024-11-18 14:22:53,114 INFO     ___FILE_ONLY___ ═
2024-11-18 14:22:53,116 INFO     ___FILE_ONLY___ ═
2024-11-18 14:22:53,118 INFO     ___FILE_ONLY___ ═
2024-11-18 14:22:53,120 INFO     ___FILE_ONLY___ ═
2024-11-18 14:22:53,122 INFO     ___FILE_ONLY___ ═
2024-11-18 14:22:53,123 INFO     ___FILE_ONLY___ ═
2024-11-18 14:22:53,125 INFO     ___FILE_ONLY___ ═
2024-11-18 14:22:53,127 INFO     ___FILE_ONLY___ ═
2024-11-18 14:22:53,129 INFO     ___FILE_ONLY___ ═
2024-11-18 14:22:53,131 INFO     ___FILE_ONLY___ ═
2024-11-18 14:22:53,133 INFO     ___FILE_ONLY___ ═
2024-11-18 14:22:53,135 INFO     ___FILE_ONLY___ ═
2024-11-18 14:22:53,137 INFO     ___FILE_ONLY___ ═
2024-11-18 14:22:53,139 INFO     ___FILE_ONLY___ ═
2024-11-18 14:22:53,140 INFO     ___FILE_ONLY___ ═
2024-11-18 14:22:53,142 INFO     ___FILE_ONLY___ ═
2024-11-18 14:22:53,144 INFO     ___FILE_ONLY___ ═
2024-11-18 14:22:53,146 INFO     ___FILE_ONLY___ ═
2024-11-18 14:22:53,146 INFO     ___FILE_ONLY___ ╝

2024-11-18 14:22:53,149 INFO     ___FILE_ONLY___ ╔════════════════════════════════════════════════════════════╗

2024-11-18 14:22:53,149 INFO     ___FILE_ONLY___ ╠═ Downloading: Cloud Storage Command Line Tool             ═╣

2024-11-18 14:22:53,149 INFO     ___FILE_ONLY___ ╚
2024-11-18 14:22:53,159 DEBUG    urllib3.connectionpool Starting new HTTPS connection (1): dl.google.com:443
2024-11-18 14:22:53,251 DEBUG    urllib3.connectionpool https://dl.google.com:443 "GET /dl/cloudsdk/channels/rapid/components/google-cloud-sdk-gsutil-20241011151610.tar.gz HTTP/1.1" 200 11831021
2024-11-18 14:22:53,297 INFO     ___FILE_ONLY___ ═
2024-11-18 14:22:53,298 INFO     ___FILE_ONLY___ ═
2024-11-18 14:22:53,298 INFO     ___FILE_ONLY___ ═
2024-11-18 14:22:53,299 INFO     ___FILE_ONLY___ ═
2024-11-18 14:22:53,299 INFO     ___FILE_ONLY___ ═
2024-11-18 14:22:53,299 INFO     ___FILE_ONLY___ ═
2024-11-18 14:22:53,300 INFO     ___FILE_ONLY___ ═
2024-11-18 14:22:53,300 INFO     ___FILE_ONLY___ ═
2024-11-18 14:22:53,301 INFO     ___FILE_ONLY___ ═
2024-11-18 14:22:53,301 INFO     ___FILE_ONLY___ ═
2024-11-18 14:22:53,301 INFO     ___FILE_ONLY___ ═
2024-11-18 14:22:53,302 INFO     ___FILE_ONLY___ ═
2024-11-18 14:22:53,302 INFO     ___FILE_ONLY___ ═
2024-11-18 14:22:53,303 INFO     ___FILE_ONLY___ ═
2024-11-18 14:22:53,303 INFO     ___FILE_ONLY___ ═
2024-11-18 14:22:53,303 INFO     ___FILE_ONLY___ ═
2024-11-18 14:22:53,304 INFO     ___FILE_ONLY___ ═
2024-11-18 14:22:53,304 INFO     ___FILE_ONLY___ ═
2024-11-18 14:22:53,304 INFO     ___FILE_ONLY___ ═
2024-11-18 14:22:53,305 INFO     ___FILE_ONLY___ ═
2024-11-18 14:22:53,305 INFO     ___FILE_ONLY___ ═
2024-11-18 14:22:53,305 INFO     ___FILE_ONLY___ ═
2024-11-18 14:22:53,306 INFO     ___FILE_ONLY___ ═
2024-11-18 14:22:53,306 INFO     ___FILE_ONLY___ ═
2024-11-18 14:22:53,306 INFO     ___FILE_ONLY___ ═
2024-11-18 14:22:53,307 INFO     ___FILE_ONLY___ ═
2024-11-18 14:22:53,307 INFO     ___FILE_ONLY___ ═
2024-11-18 14:22:53,308 INFO     ___FILE_ONLY___ ═
2024-11-18 14:22:53,308 INFO     ___FILE_ONLY___ ═
2024-11-18 14:22:53,308 INFO     ___FILE_ONLY___ ═
2024-11-18 14:22:53,309 INFO     ___FILE_ONLY___ ═
2024-11-18 14:22:53,309 INFO     ___FILE_ONLY___ ═
2024-11-18 14:22:53,309 INFO     ___FILE_ONLY___ ═
2024-11-18 14:22:53,310 INFO     ___FILE_ONLY___ ═
2024-11-18 14:22:53,310 INFO     ___FILE_ONLY___ ═
2024-11-18 14:22:53,310 INFO     ___FILE_ONLY___ ═
2024-11-18 14:22:53,311 INFO     ___FILE_ONLY___ ═
2024-11-18 14:22:53,311 INFO     ___FILE_ONLY___ ═
2024-11-18 14:22:53,312 INFO     ___FILE_ONLY___ ═
2024-11-18 14:22:53,312 INFO     ___FILE_ONLY___ ═
2024-11-18 14:22:53,312 INFO     ___FILE_ONLY___ ═
2024-11-18 14:22:53,313 INFO     ___FILE_ONLY___ ═
2024-11-18 14:22:53,313 INFO     ___FILE_ONLY___ ═
2024-11-18 14:22:53,313 INFO     ___FILE_ONLY___ ═
2024-11-18 14:22:53,314 INFO     ___FILE_ONLY___ ═
2024-11-18 14:22:53,314 INFO     ___FILE_ONLY___ ═
2024-11-18 14:22:53,314 INFO     ___FILE_ONLY___ ═
2024-11-18 14:22:53,315 INFO     ___FILE_ONLY___ ═
2024-11-18 14:22:53,315 INFO     ___FILE_ONLY___ ═
2024-11-18 14:22:53,316 INFO     ___FILE_ONLY___ ═
2024-11-18 14:22:53,316 INFO     ___FILE_ONLY___ ═
2024-11-18 14:22:53,316 INFO     ___FILE_ONLY___ ═
2024-11-18 14:22:53,317 INFO     ___FILE_ONLY___ ═
2024-11-18 14:22:53,317 INFO     ___FILE_ONLY___ ═
2024-11-18 14:22:53,317 INFO     ___FILE_ONLY___ ═
2024-11-18 14:22:53,318 INFO     ___FILE_ONLY___ ═
2024-11-18 14:22:53,318 INFO     ___FILE_ONLY___ ═
2024-11-18 14:22:53,318 INFO     ___FILE_ONLY___ ═
2024-11-18 14:22:53,319 INFO     ___FILE_ONLY___ ═
2024-11-18 14:22:53,319 INFO     ___FILE_ONLY___ ═
2024-11-18 14:22:53,319 INFO     ___FILE_ONLY___ ╝

2024-11-18 14:22:53,322 INFO     ___FILE_ONLY___ ╔════════════════════════════════════════════════════════════╗

2024-11-18 14:22:53,322 INFO     ___FILE_ONLY___ ╠═ Downloading: Cloud Storage Command Line Tool (Platfor... ═╣

2024-11-18 14:22:53,322 INFO     ___FILE_ONLY___ ╚
2024-11-18 14:22:53,326 DEBUG    urllib3.connectionpool Starting new HTTPS connection (1): dl.google.com:443
2024-11-18 14:22:53,500 DEBUG    urllib3.connectionpool https://dl.google.com:443 "GET /dl/cloudsdk/channels/rapid/components/google-cloud-sdk-gsutil-nix-20240830134514.tar.gz HTTP/1.1" 200 1928
2024-11-18 14:22:53,501 INFO     ___FILE_ONLY___ ════════════════════════════════════════════════════════════
2024-11-18 14:22:53,501 INFO     ___FILE_ONLY___ ╝

2024-11-18 14:22:53,504 INFO     ___FILE_ONLY___ ╔════════════════════════════════════════════════════════════╗

2024-11-18 14:22:53,504 INFO     ___FILE_ONLY___ ╠═ Downloading: Default set of gcloud commands              ═╣

2024-11-18 14:22:53,504 INFO     ___FILE_ONLY___ ╚
2024-11-18 14:22:53,504 INFO     ___FILE_ONLY___ ════════════════════════════════════════════════════════════
2024-11-18 14:22:53,504 INFO     ___FILE_ONLY___ ╝

2024-11-18 14:22:53,507 INFO     ___FILE_ONLY___ ╔════════════════════════════════════════════════════════════╗

2024-11-18 14:22:53,507 INFO     ___FILE_ONLY___ ╠═ Downloading: Google Cloud CLI Core Libraries (Platfor... ═╣

2024-11-18 14:22:53,507 INFO     ___FILE_ONLY___ ╚
2024-11-18 14:22:53,511 DEBUG    urllib3.connectionpool Starting new HTTPS connection (1): dl.google.com:443
2024-11-18 14:22:53,688 DEBUG    urllib3.connectionpool https://dl.google.com:443 "GET /dl/cloudsdk/channels/rapid/components/google-cloud-sdk-core-nix-20240830134514.tar.gz HTTP/1.1" 200 2306
2024-11-18 14:22:53,689 INFO     ___FILE_ONLY___ ════════════════════════════════════════════════════════════
2024-11-18 14:22:53,689 INFO     ___FILE_ONLY___ ╝

2024-11-18 14:22:53,691 INFO     ___FILE_ONLY___ ╔════════════════════════════════════════════════════════════╗

2024-11-18 14:22:53,691 INFO     ___FILE_ONLY___ ╠═ Downloading: Google Cloud CRC32C Hash Tool               ═╣

2024-11-18 14:22:53,691 INFO     ___FILE_ONLY___ ╚
2024-11-18 14:22:53,692 INFO     ___FILE_ONLY___ ════════════════════════════════════════════════════════════
2024-11-18 14:22:53,692 INFO     ___FILE_ONLY___ ╝

2024-11-18 14:22:53,694 INFO     ___FILE_ONLY___ ╔════════════════════════════════════════════════════════════╗

2024-11-18 14:22:53,694 INFO     ___FILE_ONLY___ ╠═ Downloading: Google Cloud CRC32C Hash Tool (Platform ... ═╣

2024-11-18 14:22:53,694 INFO     ___FILE_ONLY___ ╚
2024-11-18 14:22:53,698 DEBUG    urllib3.connectionpool Starting new HTTPS connection (1): dl.google.com:443
2024-11-18 14:22:53,782 DEBUG    urllib3.connectionpool https://dl.google.com:443 "GET /dl/cloudsdk/channels/rapid/components/google-cloud-sdk-gcloud-crc32c-linux-x86_64-20240712142834.tar.gz HTTP/1.1" 200 1350263
2024-11-18 14:22:53,795 INFO     ___FILE_ONLY___ ═
2024-11-18 14:22:53,795 INFO     ___FILE_ONLY___ ═
2024-11-18 14:22:53,795 INFO     ___FILE_ONLY___ ═
2024-11-18 14:22:53,795 INFO     ___FILE_ONLY___ ═
2024-11-18 14:22:53,795 INFO     ___FILE_ONLY___ ═
2024-11-18 14:22:53,795 INFO     ___FILE_ONLY___ ═
2024-11-18 14:22:53,795 INFO     ___FILE_ONLY___ ═
2024-11-18 14:22:53,795 INFO     ___FILE_ONLY___ ═
2024-11-18 14:22:53,796 INFO     ___FILE_ONLY___ ═
2024-11-18 14:22:53,796 INFO     ___FILE_ONLY___ ═
2024-11-18 14:22:53,796 INFO     ___FILE_ONLY___ ═
2024-11-18 14:22:53,796 INFO     ___FILE_ONLY___ ═
2024-11-18 14:22:53,796 INFO     ___FILE_ONLY___ ═
2024-11-18 14:22:53,796 INFO     ___FILE_ONLY___ ═
2024-11-18 14:22:53,796 INFO     ___FILE_ONLY___ ═
2024-11-18 14:22:53,796 INFO     ___FILE_ONLY___ ═
2024-11-18 14:22:53,797 INFO     ___FILE_ONLY___ ═
2024-11-18 14:22:53,797 INFO     ___FILE_ONLY___ ═
2024-11-18 14:22:53,797 INFO     ___FILE_ONLY___ ═
2024-11-18 14:22:53,797 INFO     ___FILE_ONLY___ ═
2024-11-18 14:22:53,797 INFO     ___FILE_ONLY___ ═
2024-11-18 14:22:53,797 INFO     ___FILE_ONLY___ ═
2024-11-18 14:22:53,797 INFO     ___FILE_ONLY___ ═
2024-11-18 14:22:53,797 INFO     ___FILE_ONLY___ ═
2024-11-18 14:22:53,797 INFO     ___FILE_ONLY___ ═
2024-11-18 14:22:53,797 INFO     ___FILE_ONLY___ ═
2024-11-18 14:22:53,798 INFO     ___FILE_ONLY___ ═
2024-11-18 14:22:53,798 INFO     ___FILE_ONLY___ ═
2024-11-18 14:22:53,798 INFO     ___FILE_ONLY___ ═
2024-11-18 14:22:53,798 INFO     ___FILE_ONLY___ ═
2024-11-18 14:22:53,798 INFO     ___FILE_ONLY___ ═
2024-11-18 14:22:53,798 INFO     ___FILE_ONLY___ ═
2024-11-18 14:22:53,799 INFO     ___FILE_ONLY___ ═
2024-11-18 14:22:53,799 INFO     ___FILE_ONLY___ ═
2024-11-18 14:22:53,799 INFO     ___FILE_ONLY___ ═
2024-11-18 14:22:53,799 INFO     ___FILE_ONLY___ ═
2024-11-18 14:22:53,799 INFO     ___FILE_ONLY___ ═
2024-11-18 14:22:53,799 INFO     ___FILE_ONLY___ ═
2024-11-18 14:22:53,799 INFO     ___FILE_ONLY___ ═
2024-11-18 14:22:53,799 INFO     ___FILE_ONLY___ ═
2024-11-18 14:22:53,800 INFO     ___FILE_ONLY___ ═
2024-11-18 14:22:53,800 INFO     ___FILE_ONLY___ ═
2024-11-18 14:22:53,800 INFO     ___FILE_ONLY___ ═
2024-11-18 14:22:53,800 INFO     ___FILE_ONLY___ ═
2024-11-18 14:22:53,800 INFO     ___FILE_ONLY___ ═
2024-11-18 14:22:53,800 INFO     ___FILE_ONLY___ ═
2024-11-18 14:22:53,800 INFO     ___FILE_ONLY___ ═
2024-11-18 14:22:53,800 INFO     ___FILE_ONLY___ ═
2024-11-18 14:22:53,801 INFO     ___FILE_ONLY___ ═
2024-11-18 14:22:53,801 INFO     ___FILE_ONLY___ ═
2024-11-18 14:22:53,801 INFO     ___FILE_ONLY___ ═
2024-11-18 14:22:53,801 INFO     ___FILE_ONLY___ ═
2024-11-18 14:22:53,801 INFO     ___FILE_ONLY___ ═
2024-11-18 14:22:53,801 INFO     ___FILE_ONLY___ ═
2024-11-18 14:22:53,801 INFO     ___FILE_ONLY___ ═
2024-11-18 14:22:53,801 INFO     ___FILE_ONLY___ ═
2024-11-18 14:22:53,802 INFO     ___FILE_ONLY___ ═
2024-11-18 14:22:53,802 INFO     ___FILE_ONLY___ ═
2024-11-18 14:22:53,802 INFO     ___FILE_ONLY___ ═
2024-11-18 14:22:53,802 INFO     ___FILE_ONLY___ ═
2024-11-18 14:22:53,802 INFO     ___FILE_ONLY___ ╝

2024-11-18 14:22:53,804 INFO     ___FILE_ONLY___ ╔════════════════════════════════════════════════════════════╗

2024-11-18 14:22:53,805 INFO     ___FILE_ONLY___ ╠═ Downloading: gcloud cli dependencies (Platform Specific) ═╣

2024-11-18 14:22:53,805 INFO     ___FILE_ONLY___ ╚
2024-11-18 14:22:53,809 DEBUG    urllib3.connectionpool Starting new HTTPS connection (1): dl.google.com:443
2024-11-18 14:22:54,014 DEBUG    urllib3.connectionpool https://dl.google.com:443 "GET /dl/cloudsdk/channels/rapid/components/google-cloud-sdk-gcloud-deps-linux-x86_64-20210416153011.tar.gz HTTP/1.1" 200 104
2024-11-18 14:22:54,015 INFO     ___FILE_ONLY___ ════════════════════════════════════════════════════════════
2024-11-18 14:22:54,015 INFO     ___FILE_ONLY___ ╝

2024-11-18 14:22:54,017 INFO     ___FILE_ONLY___ ╔════════════════════════════════════════════════════════════╗

2024-11-18 14:22:54,018 INFO     ___FILE_ONLY___ ╠═ Installing: BigQuery Command Line Tool                   ═╣

2024-11-18 14:22:54,018 INFO     ___FILE_ONLY___ ╚
2024-11-18 14:22:54,152 INFO     ___FILE_ONLY___ ═
2024-11-18 14:22:54,156 INFO     ___FILE_ONLY___ ═
2024-11-18 14:22:54,159 INFO     ___FILE_ONLY___ ═
2024-11-18 14:22:54,162 INFO     ___FILE_ONLY___ ═
2024-11-18 14:22:54,165 INFO     ___FILE_ONLY___ ═
2024-11-18 14:22:54,168 INFO     ___FILE_ONLY___ ═
2024-11-18 14:22:54,170 INFO     ___FILE_ONLY___ ═
2024-11-18 14:22:54,173 INFO     ___FILE_ONLY___ ═
2024-11-18 14:22:54,176 INFO     ___FILE_ONLY___ ═
2024-11-18 14:22:54,179 INFO     ___FILE_ONLY___ ═
2024-11-18 14:22:54,181 INFO     ___FILE_ONLY___ ═
2024-11-18 14:22:54,184 INFO     ___FILE_ONLY___ ═
2024-11-18 14:22:54,187 INFO     ___FILE_ONLY___ ═
2024-11-18 14:22:54,190 INFO     ___FILE_ONLY___ ═
2024-11-18 14:22:54,192 INFO     ___FILE_ONLY___ ═
2024-11-18 14:22:54,195 INFO     ___FILE_ONLY___ ═
2024-11-18 14:22:54,197 INFO     ___FILE_ONLY___ ═
2024-11-18 14:22:54,201 INFO     ___FILE_ONLY___ ═
2024-11-18 14:22:54,204 INFO     ___FILE_ONLY___ ═
2024-11-18 14:22:54,207 INFO     ___FILE_ONLY___ ═
2024-11-18 14:22:54,209 INFO     ___FILE_ONLY___ ═
2024-11-18 14:22:54,212 INFO     ___FILE_ONLY___ ═
2024-11-18 14:22:54,214 INFO     ___FILE_ONLY___ ═
2024-11-18 14:22:54,217 INFO     ___FILE_ONLY___ ═
2024-11-18 14:22:54,220 INFO     ___FILE_ONLY___ ═
2024-11-18 14:22:54,222 INFO     ___FILE_ONLY___ ═
2024-11-18 14:22:54,225 INFO     ___FILE_ONLY___ ═
2024-11-18 14:22:54,227 INFO     ___FILE_ONLY___ ═
2024-11-18 14:22:54,232 INFO     ___FILE_ONLY___ ═
2024-11-18 14:22:54,234 INFO     ___FILE_ONLY___ ═
2024-11-18 14:22:54,237 INFO     ___FILE_ONLY___ ═
2024-11-18 14:22:54,239 INFO     ___FILE_ONLY___ ═
2024-11-18 14:22:54,243 INFO     ___FILE_ONLY___ ═
2024-11-18 14:22:54,247 INFO     ___FILE_ONLY___ ═
2024-11-18 14:22:54,257 INFO     ___FILE_ONLY___ ═
2024-11-18 14:22:54,259 INFO     ___FILE_ONLY___ ═
2024-11-18 14:22:54,262 INFO     ___FILE_ONLY___ ═
2024-11-18 14:22:54,268 INFO     ___FILE_ONLY___ ═
2024-11-18 14:22:54,270 INFO     ___FILE_ONLY___ ═
2024-11-18 14:22:54,273 INFO     ___FILE_ONLY___ ═
2024-11-18 14:22:54,276 INFO     ___FILE_ONLY___ ═
2024-11-18 14:22:54,278 INFO     ___FILE_ONLY___ ═
2024-11-18 14:22:54,284 INFO     ___FILE_ONLY___ ═
2024-11-18 14:22:54,287 INFO     ___FILE_ONLY___ ═
2024-11-18 14:22:54,289 INFO     ___FILE_ONLY___ ═
2024-11-18 14:22:54,292 INFO     ___FILE_ONLY___ ═
2024-11-18 14:22:54,294 INFO     ___FILE_ONLY___ ═
2024-11-18 14:22:54,297 INFO     ___FILE_ONLY___ ═
2024-11-18 14:22:54,299 INFO     ___FILE_ONLY___ ═
2024-11-18 14:22:54,302 INFO     ___FILE_ONLY___ ═
2024-11-18 14:22:54,305 INFO     ___FILE_ONLY___ ═
2024-11-18 14:22:54,307 INFO     ___FILE_ONLY___ ═
2024-11-18 14:22:54,309 INFO     ___FILE_ONLY___ ═
2024-11-18 14:22:54,312 INFO     ___FILE_ONLY___ ═
2024-11-18 14:22:54,315 INFO     ___FILE_ONLY___ ═
2024-11-18 14:22:54,317 INFO     ___FILE_ONLY___ ═
2024-11-18 14:22:54,319 INFO     ___FILE_ONLY___ ═
2024-11-18 14:22:54,322 INFO     ___FILE_ONLY___ ═
2024-11-18 14:22:54,324 INFO     ___FILE_ONLY___ ═
2024-11-18 14:22:54,327 INFO     ___FILE_ONLY___ ═
2024-11-18 14:22:54,327 INFO     ___FILE_ONLY___ ╝

2024-11-18 14:22:54,348 INFO     ___FILE_ONLY___ ╔════════════════════════════════════════════════════════════╗

2024-11-18 14:22:54,348 INFO     ___FILE_ONLY___ ╠═ Installing: BigQuery Command Line Tool (Platform Spec... ═╣

2024-11-18 14:22:54,348 INFO     ___FILE_ONLY___ ╚
2024-11-18 14:22:54,350 INFO     ___FILE_ONLY___ ════════════════════════════════════════════════════════════
2024-11-18 14:22:54,350 INFO     ___FILE_ONLY___ ╝

2024-11-18 14:22:54,359 INFO     ___FILE_ONLY___ ╔════════════════════════════════════════════════════════════╗

2024-11-18 14:22:54,359 INFO     ___FILE_ONLY___ ╠═ Installing: Bundled Python 3.11                          ═╣

2024-11-18 14:22:54,359 INFO     ___FILE_ONLY___ ╚
2024-11-18 14:22:54,366 INFO     ___FILE_ONLY___ ════════════════════════════════════════════════════════════
2024-11-18 14:22:54,366 INFO     ___FILE_ONLY___ ╝

2024-11-18 14:22:54,368 INFO     ___FILE_ONLY___ ╔════════════════════════════════════════════════════════════╗

2024-11-18 14:22:54,368 INFO     ___FILE_ONLY___ ╠═ Installing: Bundled Python 3.11 (Platform Specific)      ═╣

2024-11-18 14:22:54,368 INFO     ___FILE_ONLY___ ╚
2024-11-18 14:22:56,707 INFO     ___FILE_ONLY___ ═
2024-11-18 14:22:56,725 INFO     ___FILE_ONLY___ ═
2024-11-18 14:22:56,741 INFO     ___FILE_ONLY___ ═
2024-11-18 14:22:56,756 INFO     ___FILE_ONLY___ ═
2024-11-18 14:22:56,771 INFO     ___FILE_ONLY___ ═
2024-11-18 14:22:56,790 INFO     ___FILE_ONLY___ ═
2024-11-18 14:22:56,807 INFO     ___FILE_ONLY___ ═
2024-11-18 14:22:56,822 INFO     ___FILE_ONLY___ ═
2024-11-18 14:22:56,837 INFO     ___FILE_ONLY___ ═
2024-11-18 14:22:56,852 INFO     ___FILE_ONLY___ ═
2024-11-18 14:22:56,867 INFO     ___FILE_ONLY___ ═
2024-11-18 14:22:56,882 INFO     ___FILE_ONLY___ ═
2024-11-18 14:22:56,898 INFO     ___FILE_ONLY___ ═
2024-11-18 14:22:56,913 INFO     ___FILE_ONLY___ ═
2024-11-18 14:22:56,928 INFO     ___FILE_ONLY___ ═
2024-11-18 14:22:56,943 INFO     ___FILE_ONLY___ ═
2024-11-18 14:22:56,958 INFO     ___FILE_ONLY___ ═
2024-11-18 14:22:56,973 INFO     ___FILE_ONLY___ ═
2024-11-18 14:22:56,988 INFO     ___FILE_ONLY___ ═
2024-11-18 14:22:57,004 INFO     ___FILE_ONLY___ ═
2024-11-18 14:22:57,019 INFO     ___FILE_ONLY___ ═
2024-11-18 14:22:57,034 INFO     ___FILE_ONLY___ ═
2024-11-18 14:22:57,049 INFO     ___FILE_ONLY___ ═
2024-11-18 14:22:57,065 INFO     ___FILE_ONLY___ ═
2024-11-18 14:22:57,080 INFO     ___FILE_ONLY___ ═
2024-11-18 14:22:57,096 INFO     ___FILE_ONLY___ ═
2024-11-18 14:22:57,110 INFO     ___FILE_ONLY___ ═
2024-11-18 14:22:57,125 INFO     ___FILE_ONLY___ ═
2024-11-18 14:22:57,140 INFO     ___FILE_ONLY___ ═
2024-11-18 14:22:57,155 INFO     ___FILE_ONLY___ ═
2024-11-18 14:22:57,170 INFO     ___FILE_ONLY___ ═
2024-11-18 14:22:57,184 INFO     ___FILE_ONLY___ ═
2024-11-18 14:22:57,199 INFO     ___FILE_ONLY___ ═
2024-11-18 14:22:57,214 INFO     ___FILE_ONLY___ ═
2024-11-18 14:22:57,229 INFO     ___FILE_ONLY___ ═
2024-11-18 14:22:57,243 INFO     ___FILE_ONLY___ ═
2024-11-18 14:22:58,061 INFO     ___FILE_ONLY___ ═
2024-11-18 14:22:58,092 INFO     ___FILE_ONLY___ ═
2024-11-18 14:22:58,120 INFO     ___FILE_ONLY___ ═
2024-11-18 14:22:58,144 INFO     ___FILE_ONLY___ ═
2024-11-18 14:22:58,168 INFO     ___FILE_ONLY___ ═
2024-11-18 14:22:58,319 INFO     ___FILE_ONLY___ ═
2024-11-18 14:22:58,352 INFO     ___FILE_ONLY___ ═
2024-11-18 14:22:58,374 INFO     ___FILE_ONLY___ ═
2024-11-18 14:22:58,394 INFO     ___FILE_ONLY___ ═
2024-11-18 14:22:58,416 INFO     ___FILE_ONLY___ ═
2024-11-18 14:22:58,452 INFO     ___FILE_ONLY___ ═
2024-11-18 14:22:58,477 INFO     ___FILE_ONLY___ ═
2024-11-18 14:22:58,499 INFO     ___FILE_ONLY___ ═
2024-11-18 14:22:58,517 INFO     ___FILE_ONLY___ ═
2024-11-18 14:22:58,621 INFO     ___FILE_ONLY___ ═
2024-11-18 14:22:58,644 INFO     ___FILE_ONLY___ ═
2024-11-18 14:22:58,667 INFO     ___FILE_ONLY___ ═
2024-11-18 14:22:58,688 INFO     ___FILE_ONLY___ ═
2024-11-18 14:22:58,739 INFO     ___FILE_ONLY___ ═
2024-11-18 14:22:59,171 INFO     ___FILE_ONLY___ ═
2024-11-18 14:22:59,192 INFO     ___FILE_ONLY___ ═
2024-11-18 14:22:59,225 INFO     ___FILE_ONLY___ ═
2024-11-18 14:22:59,246 INFO     ___FILE_ONLY___ ═
2024-11-18 14:22:59,658 INFO     ___FILE_ONLY___ ═
2024-11-18 14:22:59,658 INFO     ___FILE_ONLY___ ╝

2024-11-18 14:22:59,776 INFO     ___FILE_ONLY___ ╔════════════════════════════════════════════════════════════╗

2024-11-18 14:22:59,777 INFO     ___FILE_ONLY___ ╠═ Installing: Cloud Storage Command Line Tool              ═╣

2024-11-18 14:22:59,777 INFO     ___FILE_ONLY___ ╚
2024-11-18 14:23:00,500 INFO     ___FILE_ONLY___ ═
2024-11-18 14:23:00,517 INFO     ___FILE_ONLY___ ═
2024-11-18 14:23:00,540 INFO     ___FILE_ONLY___ ═
2024-11-18 14:23:00,561 INFO     ___FILE_ONLY___ ═
2024-11-18 14:23:00,577 INFO     ___FILE_ONLY___ ═
2024-11-18 14:23:00,587 INFO     ___FILE_ONLY___ ═
2024-11-18 14:23:00,597 INFO     ___FILE_ONLY___ ═
2024-11-18 14:23:00,612 INFO     ___FILE_ONLY___ ═
2024-11-18 14:23:00,623 INFO     ___FILE_ONLY___ ═
2024-11-18 14:23:00,634 INFO     ___FILE_ONLY___ ═
2024-11-18 14:23:00,647 INFO     ___FILE_ONLY___ ═
2024-11-18 14:23:00,660 INFO     ___FILE_ONLY___ ═
2024-11-18 14:23:00,674 INFO     ___FILE_ONLY___ ═
2024-11-18 14:23:00,687 INFO     ___FILE_ONLY___ ═
2024-11-18 14:23:00,702 INFO     ___FILE_ONLY___ ═
2024-11-18 14:23:00,717 INFO     ___FILE_ONLY___ ═
2024-11-18 14:23:00,734 INFO     ___FILE_ONLY___ ═
2024-11-18 14:23:00,750 INFO     ___FILE_ONLY___ ═
2024-11-18 14:23:00,764 INFO     ___FILE_ONLY___ ═
2024-11-18 14:23:00,781 INFO     ___FILE_ONLY___ ═
2024-11-18 14:23:00,797 INFO     ___FILE_ONLY___ ═
2024-11-18 14:23:00,815 INFO     ___FILE_ONLY___ ═
2024-11-18 14:23:00,830 INFO     ___FILE_ONLY___ ═
2024-11-18 14:23:00,844 INFO     ___FILE_ONLY___ ═
2024-11-18 14:23:00,862 INFO     ___FILE_ONLY___ ═
2024-11-18 14:23:00,879 INFO     ___FILE_ONLY___ ═
2024-11-18 14:23:00,899 INFO     ___FILE_ONLY___ ═
2024-11-18 14:23:00,920 INFO     ___FILE_ONLY___ ═
2024-11-18 14:23:00,945 INFO     ___FILE_ONLY___ ═
2024-11-18 14:23:00,960 INFO     ___FILE_ONLY___ ═
2024-11-18 14:23:00,971 INFO     ___FILE_ONLY___ ═
2024-11-18 14:23:00,985 INFO     ___FILE_ONLY___ ═
2024-11-18 14:23:00,997 INFO     ___FILE_ONLY___ ═
2024-11-18 14:23:01,008 INFO     ___FILE_ONLY___ ═
2024-11-18 14:23:01,023 INFO     ___FILE_ONLY___ ═
2024-11-18 14:23:01,038 INFO     ___FILE_ONLY___ ═
2024-11-18 14:23:01,051 INFO     ___FILE_ONLY___ ═
2024-11-18 14:23:01,062 INFO     ___FILE_ONLY___ ═
2024-11-18 14:23:01,074 INFO     ___FILE_ONLY___ ═
2024-11-18 14:23:01,088 INFO     ___FILE_ONLY___ ═
2024-11-18 14:23:01,128 INFO     ___FILE_ONLY___ ═
2024-11-18 14:23:01,145 INFO     ___FILE_ONLY___ ═
2024-11-18 14:23:01,159 INFO     ___FILE_ONLY___ ═
2024-11-18 14:23:01,173 INFO     ___FILE_ONLY___ ═
2024-11-18 14:23:01,185 INFO     ___FILE_ONLY___ ═
2024-11-18 14:23:01,197 INFO     ___FILE_ONLY___ ═
2024-11-18 14:23:01,210 INFO     ___FILE_ONLY___ ═
2024-11-18 14:23:01,224 INFO     ___FILE_ONLY___ ═
2024-11-18 14:23:01,245 INFO     ___FILE_ONLY___ ═
2024-11-18 14:23:01,258 INFO     ___FILE_ONLY___ ═
2024-11-18 14:23:01,271 INFO     ___FILE_ONLY___ ═
2024-11-18 14:23:01,282 INFO     ___FILE_ONLY___ ═
2024-11-18 14:23:01,299 INFO     ___FILE_ONLY___ ═
2024-11-18 14:23:01,314 INFO     ___FILE_ONLY___ ═
2024-11-18 14:23:01,329 INFO     ___FILE_ONLY___ ═
2024-11-18 14:23:01,349 INFO     ___FILE_ONLY___ ═
2024-11-18 14:23:01,364 INFO     ___FILE_ONLY___ ═
2024-11-18 14:23:01,378 INFO     ___FILE_ONLY___ ═
2024-11-18 14:23:01,390 INFO     ___FILE_ONLY___ ═
2024-11-18 14:23:01,402 INFO     ___FILE_ONLY___ ═
2024-11-18 14:23:01,402 INFO     ___FILE_ONLY___ ╝

2024-11-18 14:23:01,483 INFO     ___FILE_ONLY___ ╔════════════════════════════════════════════════════════════╗

2024-11-18 14:23:01,484 INFO     ___FILE_ONLY___ ╠═ Installing: Cloud Storage Command Line Tool (Platform... ═╣

2024-11-18 14:23:01,484 INFO     ___FILE_ONLY___ ╚
2024-11-18 14:23:01,485 INFO     ___FILE_ONLY___ ════════════════════════════════════════════════════════════
2024-11-18 14:23:01,485 INFO     ___FILE_ONLY___ ╝

2024-11-18 14:23:01,495 INFO     ___FILE_ONLY___ ╔════════════════════════════════════════════════════════════╗

2024-11-18 14:23:01,495 INFO     ___FILE_ONLY___ ╠═ Installing: Default set of gcloud commands               ═╣

2024-11-18 14:23:01,495 INFO     ___FILE_ONLY___ ╚
2024-11-18 14:23:01,502 INFO     ___FILE_ONLY___ ════════════════════════════════════════════════════════════
2024-11-18 14:23:01,502 INFO     ___FILE_ONLY___ ╝

2024-11-18 14:23:01,504 INFO     ___FILE_ONLY___ ╔════════════════════════════════════════════════════════════╗

2024-11-18 14:23:01,505 INFO     ___FILE_ONLY___ ╠═ Installing: Google Cloud CLI Core Libraries (Platform... ═╣

2024-11-18 14:23:01,505 INFO     ___FILE_ONLY___ ╚
2024-11-18 14:23:01,506 INFO     ___FILE_ONLY___ ══════════════════════════════
2024-11-18 14:23:01,507 INFO     ___FILE_ONLY___ ══════════════════════════════
2024-11-18 14:23:01,507 INFO     ___FILE_ONLY___ ╝

2024-11-18 14:23:01,516 INFO     ___FILE_ONLY___ ╔════════════════════════════════════════════════════════════╗

2024-11-18 14:23:01,516 INFO     ___FILE_ONLY___ ╠═ Installing: Google Cloud CRC32C Hash Tool                ═╣

2024-11-18 14:23:01,516 INFO     ___FILE_ONLY___ ╚
2024-11-18 14:23:01,523 INFO     ___FILE_ONLY___ ════════════════════════════════════════════════════════════
2024-11-18 14:23:01,523 INFO     ___FILE_ONLY___ ╝

2024-11-18 14:23:01,526 INFO     ___FILE_ONLY___ ╔════════════════════════════════════════════════════════════╗

2024-11-18 14:23:01,526 INFO     ___FILE_ONLY___ ╠═ Installing: Google Cloud CRC32C Hash Tool (Platform S... ═╣

2024-11-18 14:23:01,526 INFO     ___FILE_ONLY___ ╚
2024-11-18 14:23:01,565 INFO     ___FILE_ONLY___ ══════════════════════════════
2024-11-18 14:23:01,566 INFO     ___FILE_ONLY___ ══════════════════════════════
2024-11-18 14:23:01,566 INFO     ___FILE_ONLY___ ╝

2024-11-18 14:23:01,576 INFO     ___FILE_ONLY___ ╔════════════════════════════════════════════════════════════╗

2024-11-18 14:23:01,576 INFO     ___FILE_ONLY___ ╠═ Installing: gcloud cli dependencies (Platform Specific)  ═╣

2024-11-18 14:23:01,576 INFO     ___FILE_ONLY___ ╚
2024-11-18 14:23:01,576 INFO     ___FILE_ONLY___ ════════════════════════════════════════════════════════════
2024-11-18 14:23:01,577 INFO     ___FILE_ONLY___ ╝

2024-11-18 14:23:01,588 DEBUG    root            Updating notification cache...
2024-11-18 14:23:01,589 INFO     ___FILE_ONLY___ 

2024-11-18 14:23:01,591 INFO     ___FILE_ONLY___ Performing post processing steps...
2024-11-18 14:23:01,592 DEBUG    root            Executing command: ['/tools/google-cloud-sdk/bin/gcloud', 'components', 'post-process']
2024-11-18 14:23:16,046 DEBUG    ___FILE_ONLY___ 
2024-11-18 14:23:16,046 DEBUG    ___FILE_ONLY___ 
2024-11-18 14:23:16,130 INFO     ___FILE_ONLY___ 
Update done!


2024-11-18 14:23:16,134 DEBUG    root            Chosen display Format:none
2024-11-18 14:23:16,134 INFO     root            Display format: "none"
