2024-11-18 14:23:16,893 DEBUG    root            Loaded Command Group: ['gcloud', 'components']
2024-11-18 14:23:16,895 DEBUG    root            Loaded Command Group: ['gcloud', 'components', 'update']
2024-11-18 14:23:16,899 DEBUG    root            Running [gcloud.components.update] with arguments: [--quiet: "True", COMPONENT-IDS:8: "['gcloud', 'core', 'bq', 'gsutil', 'compute', 'preview', 'alpha', 'beta']"]
2024-11-18 14:23:16,900 INFO     ___FILE_ONLY___ Beginning update. This process may take several minutes.

2024-11-18 14:23:16,911 DEBUG    urllib3.connectionpool Starting new HTTPS connection (1): dl.google.com:443
2024-11-18 14:23:17,085 DEBUG    urllib3.connectionpool https://dl.google.com:443 "GET /dl/cloudsdk/channels/rapid/components-2.json HTTP/1.1" 200 226997
2024-11-18 14:23:17,110 WARNING  root            Component [compute] no longer exists.
2024-11-18 14:23:17,111 WARNING  root            Component [preview] no longer exists.
2024-11-18 14:23:17,112 INFO     ___FILE_ONLY___ 

2024-11-18 14:23:17,112 INFO     ___FILE_ONLY___ 
Your current Google Cloud CLI version is: 501.0.0

2024-11-18 14:23:17,112 INFO     ___FILE_ONLY___ Installing components from version: 501.0.0

2024-11-18 14:23:17,113 INFO     ___FILE_ONLY___ 

2024-11-18 14:23:17,113 DEBUG    root            Chosen display Format:table[box,title="These components will be removed."](details.display_name:label=Name:align=left,version.version_string:label=Version:align=right,data.size.size(zero="",min=1048576):label=Size:align=right)
2024-11-18 14:23:17,114 DEBUG    root            Chosen display Format:table[box,title="These components will be updated."](details.display_name:label=Name:align=left,version.version_string:label=Version:align=right,data.size.size(zero="",min=1048576):label=Size:align=right)
2024-11-18 14:23:17,115 DEBUG    root            Chosen display Format:table[box,title="These components will be installed."](details.display_name:label=Name:align=left,version.version_string:label=Version:align=right,data.size.size(zero="",min=1048576):label=Size:align=right)
2024-11-18 14:23:17,135 INFO     ___FILE_ONLY___ ┌──────────────────────────────────────────────┐
2024-11-18 14:23:17,135 INFO     ___FILE_ONLY___ 

2024-11-18 14:23:17,135 INFO     ___FILE_ONLY___ │     These components will be installed.      │
2024-11-18 14:23:17,136 INFO     ___FILE_ONLY___ 

2024-11-18 14:23:17,136 INFO     ___FILE_ONLY___ ├───────────────────────┬────────────┬─────────┤
2024-11-18 14:23:17,136 INFO     ___FILE_ONLY___ 

2024-11-18 14:23:17,136 INFO     ___FILE_ONLY___ │          Name         │  Version   │   Size  │
2024-11-18 14:23:17,136 INFO     ___FILE_ONLY___ 

2024-11-18 14:23:17,136 INFO     ___FILE_ONLY___ ├───────────────────────┼────────────┼─────────┤
2024-11-18 14:23:17,136 INFO     ___FILE_ONLY___ 

2024-11-18 14:23:17,137 INFO     ___FILE_ONLY___ │ 
2024-11-18 14:23:17,137 INFO     ___FILE_ONLY___ gcloud Alpha Commands
2024-11-18 14:23:17,137 INFO     ___FILE_ONLY___  
2024-11-18 14:23:17,137 INFO     ___FILE_ONLY___ │ 
2024-11-18 14:23:17,137 INFO     ___FILE_ONLY___ 2024.11.08
2024-11-18 14:23:17,138 INFO     ___FILE_ONLY___  
2024-11-18 14:23:17,138 INFO     ___FILE_ONLY___ │ 
2024-11-18 14:23:17,138 INFO     ___FILE_ONLY___ < 1 MiB
2024-11-18 14:23:17,138 INFO     ___FILE_ONLY___  
2024-11-18 14:23:17,138 INFO     ___FILE_ONLY___ │
2024-11-18 14:23:17,139 INFO     ___FILE_ONLY___ 

2024-11-18 14:23:17,139 INFO     ___FILE_ONLY___ │ 
2024-11-18 14:23:17,139 INFO     ___FILE_ONLY___ gcloud Beta Commands 
2024-11-18 14:23:17,139 INFO     ___FILE_ONLY___  
2024-11-18 14:23:17,139 INFO     ___FILE_ONLY___ │ 
2024-11-18 14:23:17,139 INFO     ___FILE_ONLY___ 2024.11.08
2024-11-18 14:23:17,139 INFO     ___FILE_ONLY___  
2024-11-18 14:23:17,139 INFO     ___FILE_ONLY___ │ 
2024-11-18 14:23:17,139 INFO     ___FILE_ONLY___ < 1 MiB
2024-11-18 14:23:17,140 INFO     ___FILE_ONLY___  
2024-11-18 14:23:17,140 INFO     ___FILE_ONLY___ │
2024-11-18 14:23:17,140 INFO     ___FILE_ONLY___ 

2024-11-18 14:23:17,140 INFO     ___FILE_ONLY___ └───────────────────────┴────────────┴─────────┘
2024-11-18 14:23:17,140 INFO     ___FILE_ONLY___ 

2024-11-18 14:23:17,140 INFO     ___FILE_ONLY___ 

2024-11-18 14:23:17,144 DEBUG    urllib3.connectionpool Starting new HTTPS connection (1): dl.google.com:443
2024-11-18 14:23:17,320 DEBUG    urllib3.connectionpool https://dl.google.com:443 "GET /dl/cloudsdk/channels/rapid/RELEASE_NOTES HTTP/1.1" 200 1311270
2024-11-18 14:23:17,393 INFO     ___FILE_ONLY___ For the latest full release notes, please visit:
  https://cloud.google.com/sdk/release_notes


2024-11-18 14:23:17,394 INFO     ___FILE_ONLY___ Performing in place update...


2024-11-18 14:23:17,396 INFO     ___FILE_ONLY___ ╔════════════════════════════════════════════════════════════╗

2024-11-18 14:23:17,396 INFO     ___FILE_ONLY___ ╠═ Downloading: gcloud Alpha Commands                       ═╣

2024-11-18 14:23:17,397 INFO     ___FILE_ONLY___ ╚
2024-11-18 14:23:17,400 DEBUG    urllib3.connectionpool Starting new HTTPS connection (1): dl.google.com:443
2024-11-18 14:23:17,551 DEBUG    urllib3.connectionpool https://dl.google.com:443 "GET /dl/cloudsdk/channels/rapid/components/google-cloud-sdk-alpha-20241108162203.tar.gz HTTP/1.1" 200 800
2024-11-18 14:23:17,551 INFO     ___FILE_ONLY___ ════════════════════════════════════════════════════════════
2024-11-18 14:23:17,552 INFO     ___FILE_ONLY___ ╝

2024-11-18 14:23:17,554 INFO     ___FILE_ONLY___ ╔════════════════════════════════════════════════════════════╗

2024-11-18 14:23:17,554 INFO     ___FILE_ONLY___ ╠═ Downloading: gcloud Beta Commands                        ═╣

2024-11-18 14:23:17,554 INFO     ___FILE_ONLY___ ╚
2024-11-18 14:23:17,558 DEBUG    urllib3.connectionpool Starting new HTTPS connection (1): dl.google.com:443
2024-11-18 14:23:17,733 DEBUG    urllib3.connectionpool https://dl.google.com:443 "GET /dl/cloudsdk/channels/rapid/components/google-cloud-sdk-beta-20241108162203.tar.gz HTTP/1.1" 200 797
2024-11-18 14:23:17,734 INFO     ___FILE_ONLY___ ════════════════════════════════════════════════════════════
2024-11-18 14:23:17,734 INFO     ___FILE_ONLY___ ╝

2024-11-18 14:23:17,736 INFO     ___FILE_ONLY___ ╔════════════════════════════════════════════════════════════╗

2024-11-18 14:23:17,736 INFO     ___FILE_ONLY___ ╠═ Installing: gcloud Alpha Commands                        ═╣

2024-11-18 14:23:17,736 INFO     ___FILE_ONLY___ ╚
2024-11-18 14:23:17,738 INFO     ___FILE_ONLY___ ════════════════════════════════════════════════════════════
2024-11-18 14:23:17,738 INFO     ___FILE_ONLY___ ╝

2024-11-18 14:23:17,752 INFO     ___FILE_ONLY___ ╔════════════════════════════════════════════════════════════╗

2024-11-18 14:23:17,752 INFO     ___FILE_ONLY___ ╠═ Installing: gcloud Beta Commands                         ═╣

2024-11-18 14:23:17,752 INFO     ___FILE_ONLY___ ╚
2024-11-18 14:23:17,753 INFO     ___FILE_ONLY___ ════════════════════════════════════════════════════════════
2024-11-18 14:23:17,753 INFO     ___FILE_ONLY___ ╝

2024-11-18 14:23:17,764 DEBUG    root            Updating notification cache...
2024-11-18 14:23:17,764 INFO     ___FILE_ONLY___ 

2024-11-18 14:23:17,766 INFO     ___FILE_ONLY___ Performing post processing steps...
2024-11-18 14:23:17,767 DEBUG    root            Executing command: ['/tools/google-cloud-sdk/bin/gcloud', 'components', 'post-process']
2024-11-18 14:23:31,304 DEBUG    ___FILE_ONLY___ 
2024-11-18 14:23:31,304 DEBUG    ___FILE_ONLY___ 
2024-11-18 14:23:31,547 INFO     ___FILE_ONLY___ 
Update done!


2024-11-18 14:23:31,551 DEBUG    root            Chosen display Format:none
2024-11-18 14:23:31,551 INFO     root            Display format: "none"
